#
# There is insufficient memory for the Java Runtime Environment to continue.
# Native memory allocation (mmap) failed to map 1409286144 bytes for G1 virtual space
# Possible reasons:
#   The system is out of physical RAM or swap space
#   The process is running with CompressedOops enabled, and the Java Heap may be blocking the growth of the native heap
# Possible solutions:
#   Reduce memory load on the system
#   Increase physical memory or swap space
#   Check if swap backing store is full
#   Decrease Java heap size (-Xmx/-Xms)
#   Decrease number of Java threads
#   Decrease Java thread stack sizes (-Xss)
#   Set larger code cache with -XX:ReservedCodeCacheSize=
#   JVM is running with Zero Based Compressed Oops mode in which the Java heap is
#     placed in the first 32GB address space. The Java Heap base address is the
#     maximum limit for the native heap growth. Please use -XX:HeapBaseMinAddress
#     to set the Java Heap base and to place the Java Heap above 32GB virtual address.
# This output file may be truncated or incomplete.
#
#  Out of Memory Error (os_windows.cpp:3535), pid=16532, tid=35860
#
# JRE version: OpenJDK Runtime Environment Microsoft-32931 (17.0.3+7) (build 17.0.3+7-LTS)
# Java VM: OpenJDK 64-Bit Server VM Microsoft-32931 (17.0.3+7-LTS, mixed mode, tiered, compressed oops, compressed class ptrs, g1 gc, windows-amd64)
# No core dump will be written. Minidumps are not enabled by default on client versions of Windows
#

---------------  S U M M A R Y ------------

Command Line: -Dos.name=Windows 10 -Dos.version=10.0 -XX:HeapDumpPath=MojangTricksIntelDriversForPerformance_javaw.exe_minecraft.exe.heapdump -Xss1M -Djava.library.path=C:\Users\ediha\AppData\Roaming\.minecraft\versions\COUPAINGS V3 - The Space Update\natives -Dminecraft.launcher.brand=minecraft-launcher -Dminecraft.launcher.version=2.3.173 -Djava.net.preferIPv6Addresses=system -DignoreList=bootstraplauncher,securejarhandler,asm-commons,asm-util,asm-analysis,asm-tree,asm,JarJarFileSystems,client-extra,fmlcore,javafmllanguage,lowcodelanguage,mclanguage,forge-,COUPAINGS V3 - The Space Update.jar -DmergeModules=jna-5.10.0.jar,jna-platform-5.10.0.jar -DlibraryDirectory=C:\Users\ediha\AppData\Roaming\.minecraft\libraries --module-path=C:\Users\ediha\AppData\Roaming\.minecraft\libraries/cpw/mods/bootstraplauncher/1.1.2/bootstraplauncher-1.1.2.jar;C:\Users\ediha\AppData\Roaming\.minecraft\libraries/cpw/mods/securejarhandler/2.1.4/securejarhandler-2.1.4.jar;C:\Users\ediha\AppData\Roaming\.minecraft\libraries/org/ow2/asm/asm-commons/9.5/asm-commons-9.5.jar;C:\Users\ediha\AppData\Roaming\.minecraft\libraries/org/ow2/asm/asm-util/9.5/asm-util-9.5.jar;C:\Users\ediha\AppData\Roaming\.minecraft\libraries/org/ow2/asm/asm-analysis/9.5/asm-analysis-9.5.jar;C:\Users\ediha\AppData\Roaming\.minecraft\libraries/org/ow2/asm/asm-tree/9.5/asm-tree-9.5.jar;C:\Users\ediha\AppData\Roaming\.minecraft\libraries/org/ow2/asm/asm/9.5/asm-9.5.jar;C:\Users\ediha\AppData\Roaming\.minecraft\libraries/net/minecraftforge/JarJarFileSystems/0.3.16/JarJarFileSystems-0.3.16.jar --add-modules=ALL-MODULE-PATH --add-opens=java.base/java.util.jar=cpw.mods.securejarhandler --add-opens=java.base/java.lang.invoke=cpw.mods.securejarhandler --add-exports=java.base/sun.security.util=cpw.mods.securejarhandler --add-exports=jdk.naming.dns/com.sun.jndi.dns=java.naming -Xmx7517M -XX:+UnlockExperimentalVMOptions -XX:+UseG1GC -XX:G1NewSizePercent=20 -XX:G1ReservePercent=20 -XX:MaxGCPauseMillis=50 -XX:G1HeapRegionSize=32M -Dfml.ignoreInvalidMinecraftCertificates=true -Dfml.ignorePatchDiscrepancies=true -Djava.net.preferIPv4Stack=true -Dminecraft.applet.TargetDirectory=C:\Users\ediha\AppData\Roaming\.minecraft\versions\COUPAINGS V3 - The Space Update -DlibraryDirectory=C:\Users\ediha\AppData\Roaming\.minecraft\libraries -Dlog4j.configurationFile=C:\Users\ediha\AppData\Roaming\.minecraft\assets\log_configs\client-1.12.xml -DLibLoader.modsFolder=C:\Users\ediha\AppData\Roaming\.minecraft\versions\COUPAINGS V3 - The Space Update\mods cpw.mods.bootstraplauncher.BootstrapLauncher --username NOXX --version COUPAINGS V3 - The Space Update --gameDir C:\Users\ediha\AppData\Roaming\.minecraft\versions\COUPAINGS V3 - The Space Update --assetsDir C:\Users\ediha\AppData\Roaming\.minecraft\assets --assetIndex 1.19 --uuid 38a902e05e5d4b1c8e9677d0b37b108f --accessToken null --clientId null --xuid null --userType mojang --versionType release --width 925 --height 530 --launchTarget forgeclient --fml.forgeVersion 43.3.0 --fml.mcVersion 1.19.2 --fml.forgeGroup net.minecraftforge --fml.mcpVersion 20220805.130853

Host: AMD Ryzen 5 5600H with Radeon Graphics         , 12 cores, 7G,  Windows 11 , 64 bit Build 23612 (10.0.23612.1000)
Time: Mon Jan 15 20:01:26 2024 Romance Standard Time elapsed time: 312.289597 seconds (0d 0h 5m 12s)

---------------  T H R E A D  ---------------

Current thread (0x000002497eaee4e0):  VMThread "VM Thread" [stack: 0x000000eb6c600000,0x000000eb6c700000] [id=35860]

Stack: [0x000000eb6c600000,0x000000eb6c700000]
Native frames: (J=compiled Java code, j=interpreted, Vv=VM code, C=native code)
V  [jvm.dll+0x6771da]
V  [jvm.dll+0x8324e4]
V  [jvm.dll+0x833c8e]
V  [jvm.dll+0x8342f3]
V  [jvm.dll+0x245815]
V  [jvm.dll+0x6740f9]
V  [jvm.dll+0x668a32]
V  [jvm.dll+0x30466b]
V  [jvm.dll+0x30bb76]
V  [jvm.dll+0x35b9de]
V  [jvm.dll+0x35bc0f]
V  [jvm.dll+0x2db578]
V  [jvm.dll+0x2de5f6]
V  [jvm.dll+0x2e8c98]
V  [jvm.dll+0x31ce40]
V  [jvm.dll+0x8387cb]
V  [jvm.dll+0x839504]
V  [jvm.dll+0x839a1d]
V  [jvm.dll+0x839df4]
V  [jvm.dll+0x839ec0]
V  [jvm.dll+0x7e22da]
V  [jvm.dll+0x676065]
C  [ucrtbase.dll+0x29363]
C  [KERNEL32.DLL+0x1257d]
C  [ntdll.dll+0x5aa58]

VM_Operation (0x000000eb6c2ff3c0): G1Concurrent, mode: safepoint, requested by thread 0x0000024966d67020


---------------  P R O C E S S  ---------------

Threads class SMR info:
_java_thread_list=0x0000024aa3b19950, length=81, elements={
0x0000024966cf87b0, 0x000002497eabc7a0, 0x000002497eabd610, 0x000002497eb15440,
0x000002497eb17f00, 0x000002497eb1a8c0, 0x000002497eb1b270, 0x000002497eb1e7c0,
0x000002497fc2f160, 0x000002497fc33260, 0x000002497fd8df70, 0x000002497ff5c250,
0x000002497fe65af0, 0x000002490eb72f50, 0x0000024912bdd810, 0x0000024912bdc4d0,
0x0000024912bdacc0, 0x0000024912bda320, 0x0000024912bda7f0, 0x0000024912bdc000,
0x0000024912bdf4f0, 0x0000024912bdf020, 0x0000024912bdce70, 0x0000024915bcd410,
0x0000024912bd8170, 0x0000024911da5dc0, 0x0000024912bdeb50, 0x0000024927e22120,
0x0000024927e20910, 0x0000024927e21780, 0x0000024927e21c50, 0x0000024927e225f0,
0x0000024927e1ec30, 0x0000024927e1f100, 0x0000024927e1f5d0, 0x0000024912bd94b0,
0x0000024919f14700, 0x000002491952a830, 0x000002491952b6a0, 0x000002491952f530,
0x000002491952fa00, 0x000002495e0a72f0, 0x000002495e0a6480, 0x000002495e0a3930,
0x000002495e0a3e00, 0x000002495e0a42d0, 0x000002491952c9e0, 0x00000249195303a0,
0x00000249195299c0, 0x000002495e0a2ac0, 0x0000024912bde1b0, 0x0000024912bdf9c0,
0x000002491952b1d0, 0x0000024b0872ed40, 0x0000024b087343e0, 0x0000024b087348b0,
0x0000024b08730550, 0x0000024b0872e3a0, 0x0000024b0872d060, 0x0000024b0872ded0,
0x0000024919f1aa30, 0x0000024919f1df20, 0x0000024af1f82a90, 0x0000024af1f81280,
0x0000024b0ac44ec0, 0x0000024b0ac47540, 0x0000024b8d48c030, 0x0000024b8d4894e0,
0x0000024b8d491200, 0x0000024b8d4916d0, 0x0000024b8d489010, 0x0000024b8d48c500,
0x0000024b8d48dd10, 0x0000024b8d48bb60, 0x0000024b8d4899b0, 0x0000024b8d489e80,
0x0000024b8d491ba0, 0x0000024b8d48a350, 0x0000024b8d48c9d0, 0x0000024b8d48acf0,
0x0000024b8d48d840
}

Java Threads: ( => current thread )
  0x0000024966cf87b0 JavaThread "Render thread" [_thread_blocked, id=28912, stack(0x000000eb6c000000,0x000000eb6c100000)]
  0x000002497eabc7a0 JavaThread "Reference Handler" daemon [_thread_blocked, id=29076, stack(0x000000eb6c700000,0x000000eb6c800000)]
  0x000002497eabd610 JavaThread "Finalizer" daemon [_thread_blocked, id=9956, stack(0x000000eb6c800000,0x000000eb6c900000)]
  0x000002497eb15440 JavaThread "Signal Dispatcher" daemon [_thread_blocked, id=4212, stack(0x000000eb6c900000,0x000000eb6ca00000)]
  0x000002497eb17f00 JavaThread "Attach Listener" daemon [_thread_blocked, id=3384, stack(0x000000eb6ca00000,0x000000eb6cb00000)]
  0x000002497eb1a8c0 JavaThread "Service Thread" daemon [_thread_blocked, id=11812, stack(0x000000eb6cb00000,0x000000eb6cc00000)]
  0x000002497eb1b270 JavaThread "Monitor Deflation Thread" daemon [_thread_blocked, id=14068, stack(0x000000eb6cc00000,0x000000eb6cd00000)]
  0x000002497eb1e7c0 JavaThread "C2 CompilerThread0" daemon [_thread_blocked, id=30928, stack(0x000000eb6cd00000,0x000000eb6ce00000)]
  0x000002497fc2f160 JavaThread "C1 CompilerThread0" daemon [_thread_blocked, id=30392, stack(0x000000eb6ce00000,0x000000eb6cf00000)]
  0x000002497fc33260 JavaThread "Sweeper thread" daemon [_thread_blocked, id=10164, stack(0x000000eb6cf00000,0x000000eb6d000000)]
  0x000002497fd8df70 JavaThread "Common-Cleaner" daemon [_thread_blocked, id=14124, stack(0x000000eb6d000000,0x000000eb6d100000)]
  0x000002497ff5c250 JavaThread "Notification Thread" daemon [_thread_blocked, id=32584, stack(0x000000eb6d200000,0x000000eb6d300000)]
  0x000002497fe65af0 JavaThread "Thread-0" daemon [_thread_blocked, id=27192, stack(0x000000eb6e000000,0x000000eb6e100000)]
  0x000002490eb72f50 JavaThread "FileSystemWatchService" daemon [_thread_in_native, id=13432, stack(0x000000eb6e100000,0x000000eb6e200000)]
  0x0000024912bdd810 JavaThread "Timer hack thread" daemon [_thread_blocked, id=9472, stack(0x000000eb6e700000,0x000000eb6e800000)]
  0x0000024912bdc4d0 JavaThread "modloading-worker-0" daemon [_thread_blocked, id=33548, stack(0x000000eb6f600000,0x000000eb6f700000)]
  0x0000024912bdacc0 JavaThread "modloading-worker-0" daemon [_thread_blocked, id=21860, stack(0x000000eb6fa00000,0x000000eb6fb00000)]
  0x0000024912bda320 JavaThread "modloading-worker-0" daemon [_thread_blocked, id=22864, stack(0x000000eb6fc00000,0x000000eb6fd00000)]
  0x0000024912bda7f0 JavaThread "modloading-worker-0" daemon [_thread_blocked, id=8144, stack(0x000000eb6fd00000,0x000000eb6fe00000)]
  0x0000024912bdc000 JavaThread "modloading-worker-0" daemon [_thread_blocked, id=24392, stack(0x000000eb6fe00000,0x000000eb6ff00000)]
  0x0000024912bdf4f0 JavaThread "modloading-worker-0" daemon [_thread_blocked, id=26832, stack(0x000000eb6ff00000,0x000000eb70000000)]
  0x0000024912bdf020 JavaThread "modloading-worker-0" daemon [_thread_blocked, id=15072, stack(0x000000eb70100000,0x000000eb70200000)]
  0x0000024912bdce70 JavaThread "modloading-worker-0" daemon [_thread_blocked, id=31724, stack(0x000000eb70200000,0x000000eb70300000)]
  0x0000024915bcd410 JavaThread "Java Sound Event Dispatcher" daemon [_thread_blocked, id=31352, stack(0x000000eb70500000,0x000000eb70600000)]
  0x0000024912bd8170 JavaThread "Direct Clip" daemon [_thread_blocked, id=4248, stack(0x000000eb70900000,0x000000eb70a00000)]
  0x0000024911da5dc0 JavaThread "Java2D Disposer" daemon [_thread_blocked, id=3100, stack(0x000000eb70a00000,0x000000eb70b00000)]
  0x0000024912bdeb50 JavaThread "Worker-Main-1" daemon [_thread_blocked, id=36644, stack(0x000000eb6f800000,0x000000eb6f900000)]
  0x0000024927e22120 JavaThread "Worker-Main-2" daemon [_thread_blocked, id=19096, stack(0x000000eb70e00000,0x000000eb70f00000)]
  0x0000024927e20910 JavaThread "Worker-Main-3" daemon [_thread_blocked, id=30336, stack(0x000000eb70f00000,0x000000eb71000000)]
  0x0000024927e21780 JavaThread "Worker-Main-4" daemon [_thread_blocked, id=29108, stack(0x000000eb71000000,0x000000eb71100000)]
  0x0000024927e21c50 JavaThread "Worker-Main-5" daemon [_thread_blocked, id=30032, stack(0x000000eb71100000,0x000000eb71200000)]
  0x0000024927e225f0 JavaThread "Worker-Main-6" daemon [_thread_blocked, id=1596, stack(0x000000eb71200000,0x000000eb71300000)]
  0x0000024927e1ec30 JavaThread "Worker-Main-7" daemon [_thread_blocked, id=10900, stack(0x000000eb71300000,0x000000eb71400000)]
  0x0000024927e1f100 JavaThread "Worker-Main-8" daemon [_thread_blocked, id=24736, stack(0x000000eb71400000,0x000000eb71500000)]
  0x0000024927e1f5d0 JavaThread "Worker-Main-9" daemon [_thread_blocked, id=28592, stack(0x000000eb71500000,0x000000eb71600000)]
  0x0000024912bd94b0 JavaThread "Worker-Main-10" daemon [_thread_blocked, id=17588, stack(0x000000eb71600000,0x000000eb71700000)]
  0x0000024919f14700 JavaThread "Worker-Main-11" daemon [_thread_blocked, id=25984, stack(0x000000eb71700000,0x000000eb71800000)]
  0x000002491952a830 JavaThread "ConfigSaver" daemon [_thread_blocked, id=36164, stack(0x000000eb71a00000,0x000000eb71b00000)]
  0x000002491952b6a0 JavaThread "IO-Worker-12" [_thread_blocked, id=34780, stack(0x000000eb71d00000,0x000000eb71e00000)]
  0x000002491952f530 JavaThread "Thread-14" daemon [_thread_blocked, id=17860, stack(0x000000eb72000000,0x000000eb72100000)]
  0x000002491952fa00 JavaThread "Thread-16" daemon [_thread_blocked, id=17440, stack(0x000000eb71f00000,0x000000eb72000000)]
  0x000002495e0a72f0 JavaThread "Thread-28" daemon [_thread_in_native, id=14056, stack(0x000000eb71e00000,0x000000eb71f00000)]
  0x000002495e0a6480 JavaThread "Netty Client IO #0" daemon [_thread_in_native, id=13288, stack(0x000000eb6bd00000,0x000000eb6be00000)]
  0x000002495e0a3930 JavaThread "FileSystemWatchService" daemon [_thread_in_native, id=19928, stack(0x000000eb70c00000,0x000000eb70d00000)]
  0x000002495e0a3e00 JavaThread "IO-Worker-13" [_thread_blocked, id=26180, stack(0x000000eb71900000,0x000000eb71a00000)]
  0x000002495e0a42d0 JavaThread "IO-Worker-14" [_thread_blocked, id=31088, stack(0x000000eb71b00000,0x000000eb71c00000)]
  0x000002491952c9e0 JavaThread "Netty Server IO #0" daemon [_thread_in_native, id=16204, stack(0x000000eb72100000,0x000000eb72200000)]
  0x00000249195303a0 JavaThread "Netty Local Client IO #0" daemon [_thread_blocked, id=29464, stack(0x000000eb72200000,0x000000eb72300000)]
  0x00000249195299c0 JavaThread "Netty Server IO #1" daemon [_thread_in_native, id=19048, stack(0x000000eb72300000,0x000000eb72400000)]
  0x000002495e0a2ac0 JavaThread "ForkJoinPool.commonPool-worker-1" daemon [_thread_blocked, id=22944, stack(0x000000eb72900000,0x000000eb72a00000)]
  0x0000024912bde1b0 JavaThread "ForkJoinPool.commonPool-worker-2" daemon [_thread_blocked, id=14332, stack(0x000000eb72a00000,0x000000eb72b00000)]
  0x0000024912bdf9c0 JavaThread "ForkJoinPool.commonPool-worker-3" daemon [_thread_blocked, id=23480, stack(0x000000eb72b00000,0x000000eb72c00000)]
  0x000002491952b1d0 JavaThread "ForkJoinPool.commonPool-worker-5" daemon [_thread_blocked, id=10744, stack(0x000000eb72c00000,0x000000eb72d00000)]
  0x0000024b0872ed40 JavaThread "Flywheel 0" [_thread_blocked, id=5436, stack(0x000000eb72600000,0x000000eb72700000)]
  0x0000024b087343e0 JavaThread "Flywheel 1" [_thread_blocked, id=24580, stack(0x000000eb72e00000,0x000000eb72f00000)]
  0x0000024b087348b0 JavaThread "Flywheel 2" [_thread_blocked, id=21376, stack(0x000000eb72f00000,0x000000eb73000000)]
  0x0000024b08730550 JavaThread "Flywheel 3" [_thread_blocked, id=7456, stack(0x000000eb73000000,0x000000eb73100000)]
  0x0000024b0872e3a0 JavaThread "Flywheel 4" [_thread_blocked, id=10148, stack(0x000000eb73100000,0x000000eb73200000)]
  0x0000024b0872d060 JavaThread "Flywheel 5" [_thread_blocked, id=15748, stack(0x000000eb73200000,0x000000eb73300000)]
  0x0000024b0872ded0 JavaThread "pool-8-thread-1" daemon [_thread_blocked, id=24428, stack(0x000000eb73300000,0x000000eb73400000)]
  0x0000024919f1aa30 JavaThread "JM-texture-2" [_thread_blocked, id=19516, stack(0x000000eb73500000,0x000000eb73600000)]
  0x0000024919f1df20 JavaThread "JM-texture-3" [_thread_blocked, id=10056, stack(0x000000eb73600000,0x000000eb73700000)]
  0x0000024af1f82a90 JavaThread "ForkJoinPool.commonPool-worker-6" daemon [_thread_blocked, id=7308, stack(0x000000eb6be00000,0x000000eb6bf00000)]
  0x0000024af1f81280 JavaThread "Netty Client IO #1" daemon [_thread_in_native, id=12736, stack(0x000000eb6e400000,0x000000eb6e500000)]
  0x0000024b0ac44ec0 JavaThread "Netty Client IO #2" daemon [_thread_in_native, id=25464, stack(0x000000eb70000000,0x000000eb70100000)]
  0x0000024b0ac47540 JavaThread "IO-Worker-17" [_thread_blocked, id=34828, stack(0x000000eb6bf00000,0x000000eb6c000000)]
  0x0000024b8d48c030 JavaThread "IO-Worker-22" [_thread_blocked, id=29056, stack(0x000000eb6fb00000,0x000000eb6fc00000)]
  0x0000024b8d4894e0 JavaThread "ForkJoinPool.commonPool-worker-7" daemon [_thread_blocked, id=1448, stack(0x000000eb71800000,0x000000eb71900000)]
  0x0000024b8d491200 JavaThread "FileSystemWatchService" daemon [_thread_in_native, id=37000, stack(0x000000eb71c00000,0x000000eb71d00000)]
  0x0000024b8d4916d0 JavaThread "FileSystemWatchService" daemon [_thread_in_native, id=35216, stack(0x000000eb6f100000,0x000000eb6f200000)]
  0x0000024b8d489010 JavaThread "Server thread" [_thread_blocked, id=32564, stack(0x000000eb6e500000,0x000000eb6e600000)]
  0x0000024b8d48c500 JavaThread "FileSystemWatchService" daemon [_thread_in_native, id=25652, stack(0x000000eb6f900000,0x000000eb6fa00000)]
  0x0000024b8d48dd10 JavaThread "Netty Client IO #3" daemon [_thread_in_native, id=16036, stack(0x000000eb72400000,0x000000eb72500000)]
  0x0000024b8d48bb60 JavaThread "Netty Server IO #2" daemon [_thread_in_native, id=14436, stack(0x000000eb70700000,0x000000eb70800000)]
  0x0000024b8d4899b0 JavaThread "Netty Local Client IO #1" daemon [_thread_blocked, id=32700, stack(0x000000eb70d00000,0x000000eb70e00000)]
  0x0000024b8d489e80 JavaThread "Netty Server IO #3" daemon [_thread_in_native, id=20104, stack(0x000000eb72500000,0x000000eb72600000)]
  0x0000024b8d491ba0 JavaThread "Sound engine" daemon [_thread_blocked, id=10244, stack(0x000000eb72700000,0x000000eb72800000)]
  0x0000024b8d48a350 JavaThread "Worker-Cape-23" daemon [_thread_blocked, id=19684, stack(0x000000eb6e200000,0x000000eb6e300000)]
  0x0000024b8d48c9d0 JavaThread "JEI Library Config file watcher" daemon [_thread_blocked, id=22200, stack(0x000000eb72800000,0x000000eb72900000)]
  0x0000024b8d48acf0 JavaThread "JEI GUI Config file watcher" daemon [_thread_blocked, id=21764, stack(0x000000eb72d00000,0x000000eb72e00000)]
  0x0000024b8d48d840 JavaThread "JM-task-5" [_thread_blocked, id=2472, stack(0x000000eb73800000,0x000000eb73900000)]

Other Threads:
=>0x000002497eaee4e0 VMThread "VM Thread" [stack: 0x000000eb6c600000,0x000000eb6c700000] [id=35860]
  0x000002497ff536e0 WatcherThread [stack: 0x000000eb6d300000,0x000000eb6d400000] [id=22644]
  0x0000024966d64390 GCTaskThread "GC Thread#0" [stack: 0x000000eb6c100000,0x000000eb6c200000] [id=9192]
  0x000002490f0704d0 GCTaskThread "GC Thread#1" [stack: 0x000000eb6d500000,0x000000eb6d600000] [id=36648]
  0x000002490fc39520 GCTaskThread "GC Thread#2" [stack: 0x000000eb6d600000,0x000000eb6d700000] [id=31876]
  0x000002490f224050 GCTaskThread "GC Thread#3" [stack: 0x000000eb6d700000,0x000000eb6d800000] [id=34388]
  0x000002490f1a7c20 GCTaskThread "GC Thread#4" [stack: 0x000000eb6d800000,0x000000eb6d900000] [id=26248]
  0x000002490f1a7ed0 GCTaskThread "GC Thread#5" [stack: 0x000000eb6d900000,0x000000eb6da00000] [id=6532]
  0x0000024910f12de0 GCTaskThread "GC Thread#6" [stack: 0x000000eb6da00000,0x000000eb6db00000] [id=17064]
  0x00000249119da870 GCTaskThread "GC Thread#7" [stack: 0x000000eb6db00000,0x000000eb6dc00000] [id=7372]
  0x0000024912032900 GCTaskThread "GC Thread#8" [stack: 0x000000eb6dc00000,0x000000eb6dd00000] [id=36284]
  0x00000249106daaf0 GCTaskThread "GC Thread#9" [stack: 0x000000eb6dd00000,0x000000eb6de00000] [id=30744]
  0x0000024966d67020 ConcurrentGCThread "G1 Main Marker" [stack: 0x000000eb6c200000,0x000000eb6c300000] [id=34532]
  0x0000024966d681d0 ConcurrentGCThread "G1 Conc#0" [stack: 0x000000eb6c300000,0x000000eb6c400000] [id=26816]
  0x00000249113464b0 ConcurrentGCThread "G1 Conc#1" [stack: 0x000000eb6de00000,0x000000eb6df00000] [id=356]
  0x00000249115e96f0 ConcurrentGCThread "G1 Conc#2" [stack: 0x000000eb6df00000,0x000000eb6e000000] [id=11644]
  0x0000024966d7b930 ConcurrentGCThread "G1 Refine#0" [stack: 0x000000eb6c400000,0x000000eb6c500000] [id=11548]
  0x0000024913fc9860 ConcurrentGCThread "G1 Refine#1" [stack: 0x000000eb6e600000,0x000000eb6e700000] [id=20932]
  0x0000024913fca3e0 ConcurrentGCThread "G1 Refine#2" [stack: 0x000000eb6e800000,0x000000eb6e900000] [id=36204]
  0x0000024913fccc20 ConcurrentGCThread "G1 Refine#3" [stack: 0x000000eb6e900000,0x000000eb6ea00000] [id=34056]
  0x0000024913fca6c0 ConcurrentGCThread "G1 Refine#4" [stack: 0x000000eb6ea00000,0x000000eb6eb00000] [id=20048]
  0x0000024913fcd4c0 ConcurrentGCThread "G1 Refine#5" [stack: 0x000000eb6eb00000,0x000000eb6ec00000] [id=14764]
  0x0000024913fcc380 ConcurrentGCThread "G1 Refine#6" [stack: 0x000000eb6ec00000,0x000000eb6ed00000] [id=26048]
  0x0000024913fcb240 ConcurrentGCThread "G1 Refine#7" [stack: 0x000000eb6ed00000,0x000000eb6ee00000] [id=18168]
  0x0000024913fcbae0 ConcurrentGCThread "G1 Refine#8" [stack: 0x000000eb6ee00000,0x000000eb6ef00000] [id=3784]
  0x0000024913fcb520 ConcurrentGCThread "G1 Refine#9" [stack: 0x000000eb6ef00000,0x000000eb6f000000] [id=27444]
  0x0000024966d7c350 ConcurrentGCThread "G1 Service" [stack: 0x000000eb6c500000,0x000000eb6c600000] [id=36924]

Threads with active compile tasks:

VM state: at safepoint (normal execution)

VM Mutex/Monitor currently owned by a thread:  ([mutex/lock_event])
[0x0000024966cf3830] Threads_lock - owner thread: 0x000002497eaee4e0
[0x0000024966cf47f0] Heap_lock - owner thread: 0x0000024966d67020

Heap address: 0x000000062a000000, size: 7520 MB, Compressed Oops mode: Zero based, Oop shift amount: 3

CDS archive(s) not mapped
Compressed class space mapped at: 0x0000000800000000-0x0000000840000000, reserved size: 1073741824
Narrow klass base: 0x0000000800000000, Narrow klass shift: 0, Narrow klass range: 0x40000000

GC Precious Log:
 CPUs: 12 total, 12 available
 Memory: 7519M
 Large Page Support: Disabled
 NUMA Support: Disabled
 Compressed Oops: Enabled (Zero based)
 Heap Region Size: 32M
 Heap Min Capacity: 32M
 Heap Initial Capacity: 128M
 Heap Max Capacity: 7520M
 Pre-touch: Disabled
 Parallel Workers: 10
 Concurrent Workers: 3
 Concurrent Refinement Workers: 10
 Periodic GC: Disabled

Heap:
 garbage-first heap   total 6324224K, used 5832239K [0x000000062a000000, 0x0000000800000000)
  region size 32768K, 30 young (983040K), 4 survivors (131072K)
 Metaspace       used 263853K, committed 266240K, reserved 1277952K
  class space    used 40910K, committed 41984K, reserved 1048576K

Heap Regions: E=young(eden), S=young(survivor), O=old, HS=humongous(starts), HC=humongous(continues), CS=collection set, F=free, OA=open archive, CA=closed archive, TAMS=top-at-mark-start (previous, next)
|   0|0x000000062a000000, 0x000000062c000000, 0x000000062c000000|100%| O|  |TAMS 0x000000062c000000, 0x000000062a000000| Untracked 
|   1|0x000000062c000000, 0x000000062e000000, 0x000000062e000000|100%| O|  |TAMS 0x000000062e000000, 0x000000062c000000| Untracked 
|   2|0x000000062e000000, 0x0000000630000000, 0x0000000630000000|100%| O|  |TAMS 0x0000000630000000, 0x000000062e000000| Untracked 
|   3|0x0000000630000000, 0x0000000632000000, 0x0000000632000000|100%| O|  |TAMS 0x0000000632000000, 0x0000000630000000| Untracked 
|   4|0x0000000632000000, 0x0000000634000000, 0x0000000634000000|100%| O|  |TAMS 0x0000000634000000, 0x0000000632000000| Untracked 
|   5|0x0000000634000000, 0x0000000636000000, 0x0000000636000000|100%| O|  |TAMS 0x0000000636000000, 0x0000000634000000| Untracked 
|   6|0x0000000636000000, 0x0000000638000000, 0x0000000638000000|100%| O|  |TAMS 0x0000000638000000, 0x0000000636000000| Untracked 
|   7|0x0000000638000000, 0x000000063a000000, 0x000000063a000000|100%| O|  |TAMS 0x000000063a000000, 0x0000000638000000| Untracked 
|   8|0x000000063a000000, 0x000000063c000000, 0x000000063c000000|100%| O|  |TAMS 0x000000063c000000, 0x000000063a000000| Untracked 
|   9|0x000000063c000000, 0x000000063e000000, 0x000000063e000000|100%| O|  |TAMS 0x000000063e000000, 0x000000063c000000| Untracked 
|  10|0x000000063e000000, 0x0000000640000000, 0x0000000640000000|100%| O|  |TAMS 0x0000000640000000, 0x000000063e000000| Untracked 
|  11|0x0000000640000000, 0x0000000642000000, 0x0000000642000000|100%| O|  |TAMS 0x0000000642000000, 0x0000000640000000| Untracked 
|  12|0x0000000642000000, 0x0000000644000000, 0x0000000644000000|100%| O|  |TAMS 0x0000000644000000, 0x0000000642000000| Untracked 
|  13|0x0000000644000000, 0x0000000646000000, 0x0000000646000000|100%| O|  |TAMS 0x0000000646000000, 0x0000000644000000| Untracked 
|  14|0x0000000646000000, 0x0000000648000000, 0x0000000648000000|100%| O|  |TAMS 0x0000000648000000, 0x0000000646000000| Untracked 
|  15|0x0000000648000000, 0x000000064a000000, 0x000000064a000000|100%| O|  |TAMS 0x000000064a000000, 0x0000000648000000| Untracked 
|  16|0x000000064a000000, 0x000000064c000000, 0x000000064c000000|100%| O|  |TAMS 0x000000064c000000, 0x000000064a000000| Untracked 
|  17|0x000000064c000000, 0x000000064e000000, 0x000000064e000000|100%| O|  |TAMS 0x000000064e000000, 0x000000064c000000| Untracked 
|  18|0x000000064e000000, 0x0000000650000000, 0x0000000650000000|100%| O|  |TAMS 0x0000000650000000, 0x000000064e000000| Untracked 
|  19|0x0000000650000000, 0x0000000652000000, 0x0000000652000000|100%| O|  |TAMS 0x0000000652000000, 0x0000000650000000| Untracked 
|  20|0x0000000652000000, 0x0000000654000000, 0x0000000654000000|100%| O|  |TAMS 0x0000000654000000, 0x0000000652000000| Untracked 
|  21|0x0000000654000000, 0x0000000656000000, 0x0000000656000000|100%| O|  |TAMS 0x0000000656000000, 0x0000000654000000| Untracked 
|  22|0x0000000656000000, 0x0000000658000000, 0x0000000658000000|100%| O|  |TAMS 0x0000000658000000, 0x0000000656000000| Untracked 
|  23|0x0000000658000000, 0x000000065a000000, 0x000000065a000000|100%| O|  |TAMS 0x000000065a000000, 0x0000000658000000| Untracked 
|  24|0x000000065a000000, 0x000000065c000000, 0x000000065c000000|100%| O|  |TAMS 0x000000065c000000, 0x000000065a000000| Untracked 
|  25|0x000000065c000000, 0x000000065e000000, 0x000000065e000000|100%| O|  |TAMS 0x000000065e000000, 0x000000065c000000| Untracked 
|  26|0x000000065e000000, 0x0000000660000000, 0x0000000660000000|100%| O|  |TAMS 0x0000000660000000, 0x000000065e000000| Untracked 
|  27|0x0000000660000000, 0x0000000662000000, 0x0000000662000000|100%| O|  |TAMS 0x0000000662000000, 0x0000000660000000| Untracked 
|  28|0x0000000662000000, 0x0000000664000000, 0x0000000664000000|100%| O|  |TAMS 0x0000000664000000, 0x0000000662000000| Untracked 
|  29|0x0000000664000000, 0x0000000666000000, 0x0000000666000000|100%| O|  |TAMS 0x0000000666000000, 0x0000000664000000| Untracked 
|  30|0x0000000666000000, 0x0000000668000000, 0x0000000668000000|100%| O|  |TAMS 0x0000000668000000, 0x0000000666000000| Untracked 
|  31|0x0000000668000000, 0x000000066a000000, 0x000000066a000000|100%| O|  |TAMS 0x000000066a000000, 0x0000000668000000| Untracked 
|  32|0x000000066a000000, 0x000000066c000000, 0x000000066c000000|100%| O|  |TAMS 0x000000066c000000, 0x000000066a000000| Untracked 
|  33|0x000000066c000000, 0x000000066e000000, 0x000000066e000000|100%| O|  |TAMS 0x000000066e000000, 0x000000066c000000| Untracked 
|  34|0x000000066e000000, 0x0000000670000000, 0x0000000670000000|100%| O|  |TAMS 0x0000000670000000, 0x000000066e000000| Updating 
|  35|0x0000000670000000, 0x0000000672000000, 0x0000000672000000|100%| O|  |TAMS 0x0000000672000000, 0x0000000670000000| Updating 
|  36|0x0000000672000000, 0x0000000674000000, 0x0000000674000000|100%| O|  |TAMS 0x0000000674000000, 0x0000000672000000| Updating 
|  37|0x0000000674000000, 0x0000000676000000, 0x0000000676000000|100%| O|  |TAMS 0x0000000676000000, 0x0000000674000000| Updating 
|  38|0x0000000676000000, 0x0000000678000000, 0x0000000678000000|100%| O|  |TAMS 0x0000000678000000, 0x0000000676000000| Updating 
|  39|0x0000000678000000, 0x000000067a000000, 0x000000067a000000|100%| O|  |TAMS 0x000000067a000000, 0x0000000678000000| Updating 
|  40|0x000000067a000000, 0x000000067c000000, 0x000000067c000000|100%| O|  |TAMS 0x000000067c000000, 0x000000067a000000| Updating 
|  41|0x000000067c000000, 0x000000067e000000, 0x000000067e000000|100%| O|  |TAMS 0x000000067e000000, 0x000000067c000000| Updating 
|  42|0x000000067e000000, 0x0000000680000000, 0x0000000680000000|100%| O|  |TAMS 0x0000000680000000, 0x000000067e000000| Untracked 
|  43|0x0000000680000000, 0x0000000682000000, 0x0000000682000000|100%| O|  |TAMS 0x0000000682000000, 0x0000000680000000| Untracked 
|  44|0x0000000682000000, 0x0000000684000000, 0x0000000684000000|100%| O|  |TAMS 0x0000000684000000, 0x0000000682000000| Updating 
|  45|0x0000000684000000, 0x0000000686000000, 0x0000000686000000|100%| O|  |TAMS 0x0000000686000000, 0x0000000684000000| Untracked 
|  46|0x0000000686000000, 0x0000000688000000, 0x0000000688000000|100%| O|  |TAMS 0x0000000688000000, 0x0000000686000000| Untracked 
|  47|0x0000000688000000, 0x000000068a000000, 0x000000068a000000|100%| O|  |TAMS 0x000000068a000000, 0x0000000688000000| Updating 
|  48|0x000000068a000000, 0x000000068c000000, 0x000000068c000000|100%| O|  |TAMS 0x000000068c000000, 0x000000068a000000| Untracked 
|  49|0x000000068c000000, 0x000000068e000000, 0x000000068e000000|100%| O|  |TAMS 0x000000068e000000, 0x000000068c000000| Untracked 
|  50|0x000000068e000000, 0x0000000690000000, 0x0000000690000000|100%| O|  |TAMS 0x0000000690000000, 0x000000068e000000| Updating 
|  51|0x0000000690000000, 0x0000000692000000, 0x0000000692000000|100%| O|  |TAMS 0x0000000692000000, 0x0000000690000000| Untracked 
|  52|0x0000000692000000, 0x0000000694000000, 0x0000000694000000|100%| O|  |TAMS 0x0000000694000000, 0x0000000692000000| Untracked 
|  53|0x0000000694000000, 0x0000000696000000, 0x0000000696000000|100%| O|  |TAMS 0x0000000696000000, 0x0000000694000000| Updating 
|  54|0x0000000696000000, 0x0000000698000000, 0x0000000698000000|100%| O|  |TAMS 0x0000000698000000, 0x0000000696000000| Untracked 
|  55|0x0000000698000000, 0x000000069a000000, 0x000000069a000000|100%| O|  |TAMS 0x000000069a000000, 0x0000000698000000| Untracked 
|  56|0x000000069a000000, 0x000000069c000000, 0x000000069c000000|100%| O|  |TAMS 0x000000069c000000, 0x000000069a000000| Untracked 
|  57|0x000000069c000000, 0x000000069e000000, 0x000000069e000000|100%| O|  |TAMS 0x000000069e000000, 0x000000069c000000| Updating 
|  58|0x000000069e000000, 0x00000006a0000000, 0x00000006a0000000|100%| O|  |TAMS 0x00000006a0000000, 0x000000069e000000| Updating 
|  59|0x00000006a0000000, 0x00000006a2000000, 0x00000006a2000000|100%| O|  |TAMS 0x00000006a2000000, 0x00000006a0000000| Updating 
|  60|0x00000006a2000000, 0x00000006a4000000, 0x00000006a4000000|100%| O|  |TAMS 0x00000006a4000000, 0x00000006a2000000| Updating 
|  61|0x00000006a4000000, 0x00000006a6000000, 0x00000006a6000000|100%| O|  |TAMS 0x00000006a6000000, 0x00000006a4000000| Updating 
|  62|0x00000006a6000000, 0x00000006a8000000, 0x00000006a8000000|100%| O|  |TAMS 0x00000006a8000000, 0x00000006a6000000| Untracked 
|  63|0x00000006a8000000, 0x00000006aa000000, 0x00000006aa000000|100%| O|  |TAMS 0x00000006aa000000, 0x00000006a8000000| Updating 
|  64|0x00000006aa000000, 0x00000006ac000000, 0x00000006ac000000|100%| O|  |TAMS 0x00000006ac000000, 0x00000006aa000000| Updating 
|  65|0x00000006ac000000, 0x00000006ae000000, 0x00000006ae000000|100%| O|  |TAMS 0x00000006ae000000, 0x00000006ac000000| Updating 
|  66|0x00000006ae000000, 0x00000006b0000000, 0x00000006b0000000|100%| O|  |TAMS 0x00000006b0000000, 0x00000006ae000000| Updating 
|  67|0x00000006b0000000, 0x00000006b2000000, 0x00000006b2000000|100%| O|  |TAMS 0x00000006b2000000, 0x00000006b0000000| Updating 
|  68|0x00000006b2000000, 0x00000006b4000000, 0x00000006b4000000|100%| O|  |TAMS 0x00000006b4000000, 0x00000006b2000000| Updating 
|  69|0x00000006b4000000, 0x00000006b6000000, 0x00000006b6000000|100%| O|  |TAMS 0x00000006b6000000, 0x00000006b4000000| Updating 
|  70|0x00000006b6000000, 0x00000006b8000000, 0x00000006b8000000|100%| O|  |TAMS 0x00000006b8000000, 0x00000006b6000000| Updating 
|  71|0x00000006b8000000, 0x00000006ba000000, 0x00000006ba000000|100%| O|  |TAMS 0x00000006ba000000, 0x00000006b8000000| Updating 
|  72|0x00000006ba000000, 0x00000006bc000000, 0x00000006bc000000|100%| O|  |TAMS 0x00000006bc000000, 0x00000006ba000000| Updating 
|  73|0x00000006bc000000, 0x00000006be000000, 0x00000006be000000|100%| O|  |TAMS 0x00000006be000000, 0x00000006bc000000| Updating 
|  74|0x00000006be000000, 0x00000006c0000000, 0x00000006c0000000|100%| O|  |TAMS 0x00000006c0000000, 0x00000006be000000| Updating 
|  75|0x00000006c0000000, 0x00000006c2000000, 0x00000006c2000000|100%| O|  |TAMS 0x00000006c2000000, 0x00000006c0000000| Updating 
|  76|0x00000006c2000000, 0x00000006c4000000, 0x00000006c4000000|100%| O|  |TAMS 0x00000006c4000000, 0x00000006c2000000| Updating 
|  77|0x00000006c4000000, 0x00000006c6000000, 0x00000006c6000000|100%| O|  |TAMS 0x00000006c6000000, 0x00000006c4000000| Updating 
|  78|0x00000006c6000000, 0x00000006c8000000, 0x00000006c8000000|100%| O|  |TAMS 0x00000006c8000000, 0x00000006c6000000| Updating 
|  79|0x00000006c8000000, 0x00000006ca000000, 0x00000006ca000000|100%| O|  |TAMS 0x00000006ca000000, 0x00000006c8000000| Updating 
|  80|0x00000006ca000000, 0x00000006cc000000, 0x00000006cc000000|100%| O|  |TAMS 0x00000006cc000000, 0x00000006ca000000| Updating 
|  81|0x00000006cc000000, 0x00000006ce000000, 0x00000006ce000000|100%| O|  |TAMS 0x00000006ce000000, 0x00000006cc000000| Updating 
|  82|0x00000006ce000000, 0x00000006d0000000, 0x00000006d0000000|100%| O|  |TAMS 0x00000006d0000000, 0x00000006ce000000| Updating 
|  83|0x00000006d0000000, 0x00000006d2000000, 0x00000006d2000000|100%| O|  |TAMS 0x00000006d2000000, 0x00000006d0000000| Updating 
|  84|0x00000006d2000000, 0x00000006d4000000, 0x00000006d4000000|100%| O|  |TAMS 0x00000006d4000000, 0x00000006d2000000| Updating 
|  85|0x00000006d4000000, 0x00000006d6000000, 0x00000006d6000000|100%| O|  |TAMS 0x00000006d6000000, 0x00000006d4000000| Updating 
|  86|0x00000006d6000000, 0x00000006d8000000, 0x00000006d8000000|100%| O|  |TAMS 0x00000006d8000000, 0x00000006d6000000| Updating 
|  87|0x00000006d8000000, 0x00000006da000000, 0x00000006da000000|100%| O|  |TAMS 0x00000006da000000, 0x00000006d8000000| Updating 
|  88|0x00000006da000000, 0x00000006dc000000, 0x00000006dc000000|100%| O|  |TAMS 0x00000006dc000000, 0x00000006da000000| Updating 
|  89|0x00000006dc000000, 0x00000006de000000, 0x00000006de000000|100%| O|  |TAMS 0x00000006de000000, 0x00000006dc000000| Updating 
|  90|0x00000006de000000, 0x00000006e0000000, 0x00000006e0000000|100%| O|  |TAMS 0x00000006e0000000, 0x00000006de000000| Updating 
|  91|0x00000006e0000000, 0x00000006e2000000, 0x00000006e2000000|100%| O|  |TAMS 0x00000006e2000000, 0x00000006e0000000| Updating 
|  92|0x00000006e2000000, 0x00000006e4000000, 0x00000006e4000000|100%| O|  |TAMS 0x00000006e4000000, 0x00000006e2000000| Updating 
|  93|0x00000006e4000000, 0x00000006e6000000, 0x00000006e6000000|100%| O|  |TAMS 0x00000006e6000000, 0x00000006e4000000| Updating 
|  94|0x00000006e6000000, 0x00000006e8000000, 0x00000006e8000000|100%| O|  |TAMS 0x00000006e8000000, 0x00000006e6000000| Updating 
|  95|0x00000006e8000000, 0x00000006ea000000, 0x00000006ea000000|100%| O|  |TAMS 0x00000006ea000000, 0x00000006e8000000| Updating 
|  96|0x00000006ea000000, 0x00000006ec000000, 0x00000006ec000000|100%| O|  |TAMS 0x00000006ec000000, 0x00000006ea000000| Updating 
|  97|0x00000006ec000000, 0x00000006ee000000, 0x00000006ee000000|100%| O|  |TAMS 0x00000006ee000000, 0x00000006ec000000| Updating 
|  98|0x00000006ee000000, 0x00000006f0000000, 0x00000006f0000000|100%| O|  |TAMS 0x00000006f0000000, 0x00000006ee000000| Updating 
|  99|0x00000006f0000000, 0x00000006f2000000, 0x00000006f2000000|100%| O|  |TAMS 0x00000006f2000000, 0x00000006f0000000| Updating 
| 100|0x00000006f2000000, 0x00000006f4000000, 0x00000006f4000000|100%| O|  |TAMS 0x00000006f4000000, 0x00000006f2000000| Updating 
| 101|0x00000006f4000000, 0x00000006f6000000, 0x00000006f6000000|100%| O|  |TAMS 0x00000006f6000000, 0x00000006f4000000| Updating 
| 102|0x00000006f6000000, 0x00000006f8000000, 0x00000006f8000000|100%| O|  |TAMS 0x00000006f8000000, 0x00000006f6000000| Updating 
| 103|0x00000006f8000000, 0x00000006fa000000, 0x00000006fa000000|100%| O|  |TAMS 0x00000006fa000000, 0x00000006f8000000| Updating 
| 104|0x00000006fa000000, 0x00000006fc000000, 0x00000006fc000000|100%| O|  |TAMS 0x00000006fc000000, 0x00000006fa000000| Updating 
| 105|0x00000006fc000000, 0x00000006fe000000, 0x00000006fe000000|100%| O|  |TAMS 0x00000006fe000000, 0x00000006fc000000| Updating 
| 106|0x00000006fe000000, 0x0000000700000000, 0x0000000700000000|100%| O|  |TAMS 0x0000000700000000, 0x00000006fe000000| Updating 
| 107|0x0000000700000000, 0x0000000702000000, 0x0000000702000000|100%| O|  |TAMS 0x0000000702000000, 0x0000000700000000| Updating 
| 108|0x0000000702000000, 0x0000000702000000, 0x0000000704000000|  0%| F|  |TAMS 0x0000000702000000, 0x0000000702000000| Untracked 
| 109|0x0000000704000000, 0x0000000706000000, 0x0000000706000000|100%| O|  |TAMS 0x0000000706000000, 0x0000000704000000| Updating 
| 110|0x0000000706000000, 0x0000000708000000, 0x0000000708000000|100%| O|  |TAMS 0x0000000708000000, 0x0000000706000000| Untracked 
| 111|0x0000000708000000, 0x000000070a000000, 0x000000070a000000|100%| O|  |TAMS 0x000000070a000000, 0x0000000708000000| Untracked 
| 112|0x000000070a000000, 0x000000070c000000, 0x000000070c000000|100%| O|  |TAMS 0x000000070c000000, 0x000000070a000000| Updating 
| 113|0x000000070c000000, 0x000000070e000000, 0x000000070e000000|100%| O|  |TAMS 0x000000070e000000, 0x000000070c000000| Updating 
| 114|0x000000070e000000, 0x0000000710000000, 0x0000000710000000|100%| O|  |TAMS 0x0000000710000000, 0x000000070e000000| Updating 
| 115|0x0000000710000000, 0x0000000712000000, 0x0000000712000000|100%| O|  |TAMS 0x0000000712000000, 0x0000000710000000| Updating 
| 116|0x0000000712000000, 0x0000000714000000, 0x0000000714000000|100%| O|  |TAMS 0x0000000714000000, 0x0000000712000000| Updating 
| 117|0x0000000714000000, 0x0000000716000000, 0x0000000716000000|100%| O|  |TAMS 0x0000000716000000, 0x0000000714000000| Updating 
| 118|0x0000000716000000, 0x0000000718000000, 0x0000000718000000|100%| O|  |TAMS 0x0000000718000000, 0x0000000716000000| Updating 
| 119|0x0000000718000000, 0x000000071a000000, 0x000000071a000000|100%| O|  |TAMS 0x000000071a000000, 0x0000000718000000| Updating 
| 120|0x000000071a000000, 0x000000071c000000, 0x000000071c000000|100%| O|  |TAMS 0x000000071c000000, 0x000000071a000000| Untracked 
| 121|0x000000071c000000, 0x000000071e000000, 0x000000071e000000|100%| O|  |TAMS 0x000000071e000000, 0x000000071c000000| Untracked 
| 122|0x000000071e000000, 0x0000000720000000, 0x0000000720000000|100%| O|  |TAMS 0x0000000720000000, 0x000000071e000000| Untracked 
| 123|0x0000000720000000, 0x0000000722000000, 0x0000000722000000|100%| O|  |TAMS 0x0000000722000000, 0x0000000720000000| Untracked 
| 124|0x0000000722000000, 0x0000000724000000, 0x0000000724000000|100%| O|  |TAMS 0x0000000724000000, 0x0000000722000000| Untracked 
| 125|0x0000000724000000, 0x0000000726000000, 0x0000000726000000|100%| O|  |TAMS 0x0000000726000000, 0x0000000724000000| Untracked 
| 126|0x0000000726000000, 0x0000000728000000, 0x0000000728000000|100%| O|  |TAMS 0x0000000728000000, 0x0000000726000000| Untracked 
| 127|0x0000000728000000, 0x000000072a000000, 0x000000072a000000|100%| O|  |TAMS 0x000000072a000000, 0x0000000728000000| Untracked 
| 128|0x000000072a000000, 0x000000072c000000, 0x000000072c000000|100%| O|  |TAMS 0x000000072c000000, 0x000000072a000000| Updating 
| 129|0x000000072c000000, 0x000000072e000000, 0x000000072e000000|100%| O|  |TAMS 0x000000072e000000, 0x000000072c000000| Untracked 
| 130|0x000000072e000000, 0x0000000730000000, 0x0000000730000000|100%| O|  |TAMS 0x0000000730000000, 0x000000072e000000| Untracked 
| 131|0x0000000730000000, 0x0000000732000000, 0x0000000732000000|100%| O|  |TAMS 0x0000000732000000, 0x0000000730000000| Untracked 
| 132|0x0000000732000000, 0x0000000734000000, 0x0000000734000000|100%| O|  |TAMS 0x0000000734000000, 0x0000000732000000| Untracked 
| 133|0x0000000734000000, 0x0000000736000000, 0x0000000736000000|100%| O|  |TAMS 0x0000000736000000, 0x0000000734000000| Untracked 
| 134|0x0000000736000000, 0x0000000738000000, 0x0000000738000000|100%| O|  |TAMS 0x0000000738000000, 0x0000000736000000| Untracked 
| 135|0x0000000738000000, 0x000000073a000000, 0x000000073a000000|100%| O|  |TAMS 0x000000073a000000, 0x0000000738000000| Updating 
| 136|0x000000073a000000, 0x000000073c000000, 0x000000073c000000|100%| O|  |TAMS 0x000000073c000000, 0x000000073a000000| Updating 
| 137|0x000000073c000000, 0x000000073e000000, 0x000000073e000000|100%| O|  |TAMS 0x000000073e000000, 0x000000073c000000| Updating 
| 138|0x000000073e000000, 0x0000000740000000, 0x0000000740000000|100%| O|  |TAMS 0x0000000740000000, 0x000000073e000000| Updating 
| 139|0x0000000740000000, 0x0000000742000000, 0x0000000742000000|100%| O|  |TAMS 0x0000000740000000, 0x0000000740000000| Untracked 
| 140|0x0000000742000000, 0x0000000744000000, 0x0000000744000000|100%| O|  |TAMS 0x0000000742000000, 0x0000000742000000| Untracked 
| 141|0x0000000744000000, 0x0000000746000000, 0x0000000746000000|100%| O|  |TAMS 0x0000000744000000, 0x0000000744000000| Untracked 
| 142|0x0000000746000000, 0x0000000748000000, 0x0000000748000000|100%| O|  |TAMS 0x0000000746000000, 0x0000000746000000| Untracked 
| 143|0x0000000748000000, 0x000000074a000000, 0x000000074a000000|100%| O|  |TAMS 0x0000000748000000, 0x0000000748000000| Untracked 
| 144|0x000000074a000000, 0x000000074c000000, 0x000000074c000000|100%| O|  |TAMS 0x000000074a000000, 0x000000074a000000| Untracked 
| 145|0x000000074c000000, 0x000000074e000000, 0x000000074e000000|100%| O|  |TAMS 0x000000074c000000, 0x000000074c000000| Untracked 
| 146|0x000000074e000000, 0x0000000750000000, 0x0000000750000000|100%| O|  |TAMS 0x000000074e000000, 0x000000074e000000| Untracked 
| 147|0x0000000750000000, 0x0000000752000000, 0x0000000752000000|100%| O|  |TAMS 0x0000000750000000, 0x0000000750000000| Untracked 
| 148|0x0000000752000000, 0x000000075212de00, 0x0000000754000000|  3%| O|  |TAMS 0x0000000752000000, 0x0000000752000000| Updating 
| 149|0x0000000754000000, 0x0000000754000000, 0x0000000756000000|  0%| F|  |TAMS 0x0000000754000000, 0x0000000754000000| Untracked 
| 150|0x0000000756000000, 0x0000000756000000, 0x0000000758000000|  0%| F|  |TAMS 0x0000000756000000, 0x0000000756000000| Untracked 
| 151|0x0000000758000000, 0x0000000758000000, 0x000000075a000000|  0%| F|  |TAMS 0x0000000758000000, 0x0000000758000000| Untracked 
| 152|0x000000075a000000, 0x000000075a000000, 0x000000075c000000|  0%| F|  |TAMS 0x000000075a000000, 0x000000075a000000| Untracked 
| 153|0x000000075c000000, 0x000000075c000000, 0x000000075e000000|  0%| F|  |TAMS 0x000000075c000000, 0x000000075c000000| Untracked 
| 154|0x000000075e000000, 0x000000075e000000, 0x0000000760000000|  0%| F|  |TAMS 0x000000075e000000, 0x000000075e000000| Untracked 
| 155|0x0000000760000000, 0x0000000761e5df08, 0x0000000762000000| 94%| S|CS|TAMS 0x0000000760000000, 0x0000000760000000| Complete 
| 156|0x0000000762000000, 0x0000000764000000, 0x0000000764000000|100%| S|CS|TAMS 0x0000000762000000, 0x0000000762000000| Complete 
| 157|0x0000000764000000, 0x0000000764000000, 0x0000000766000000|  0%| F|  |TAMS 0x0000000764000000, 0x0000000764000000| Untracked 
| 158|0x0000000766000000, 0x0000000766000000, 0x0000000768000000|  0%| F|  |TAMS 0x0000000766000000, 0x0000000766000000| Untracked 
| 159|0x0000000768000000, 0x0000000768000000, 0x000000076a000000|  0%| F|  |TAMS 0x0000000768000000, 0x0000000768000000| Untracked 
| 160|0x000000076a000000, 0x000000076a000000, 0x000000076c000000|  0%| F|  |TAMS 0x000000076a000000, 0x000000076a000000| Untracked 
| 161|0x000000076c000000, 0x000000076c000000, 0x000000076e000000|  0%| F|  |TAMS 0x000000076c000000, 0x000000076c000000| Untracked 
| 162|0x000000076e000000, 0x0000000770000000, 0x0000000770000000|100%| S|CS|TAMS 0x000000076e000000, 0x000000076e000000| Complete 
| 163|0x0000000770000000, 0x0000000772000000, 0x0000000772000000|100%| S|CS|TAMS 0x0000000770000000, 0x0000000770000000| Complete 
| 164|0x0000000772000000, 0x0000000772000000, 0x0000000774000000|  0%| F|  |TAMS 0x0000000772000000, 0x0000000772000000| Untracked 
| 165|0x0000000774000000, 0x0000000775ace280, 0x0000000776000000| 83%| E|  |TAMS 0x0000000774000000, 0x0000000774000000| Complete 
| 166|0x0000000776000000, 0x0000000778000000, 0x0000000778000000|100%| E|CS|TAMS 0x0000000776000000, 0x0000000776000000| Complete 
| 167|0x0000000778000000, 0x000000077a000000, 0x000000077a000000|100%| E|CS|TAMS 0x0000000778000000, 0x0000000778000000| Complete 
| 168|0x000000077a000000, 0x000000077c000000, 0x000000077c000000|100%| E|CS|TAMS 0x000000077a000000, 0x000000077a000000| Complete 
| 169|0x000000077c000000, 0x000000077e000000, 0x000000077e000000|100%| E|CS|TAMS 0x000000077c000000, 0x000000077c000000| Complete 
| 170|0x000000077e000000, 0x0000000780000000, 0x0000000780000000|100%| E|CS|TAMS 0x000000077e000000, 0x000000077e000000| Complete 
| 171|0x0000000780000000, 0x0000000782000000, 0x0000000782000000|100%| E|CS|TAMS 0x0000000780000000, 0x0000000780000000| Complete 
| 172|0x0000000782000000, 0x0000000784000000, 0x0000000784000000|100%| E|CS|TAMS 0x0000000782000000, 0x0000000782000000| Complete 
| 173|0x0000000784000000, 0x0000000786000000, 0x0000000786000000|100%| E|CS|TAMS 0x0000000784000000, 0x0000000784000000| Complete 
| 174|0x0000000786000000, 0x0000000788000000, 0x0000000788000000|100%| E|CS|TAMS 0x0000000786000000, 0x0000000786000000| Complete 
| 175|0x0000000788000000, 0x000000078a000000, 0x000000078a000000|100%| E|CS|TAMS 0x0000000788000000, 0x0000000788000000| Complete 
| 176|0x000000078a000000, 0x000000078c000000, 0x000000078c000000|100%| E|CS|TAMS 0x000000078a000000, 0x000000078a000000| Complete 
| 177|0x000000078c000000, 0x000000078e000000, 0x000000078e000000|100%| E|CS|TAMS 0x000000078c000000, 0x000000078c000000| Complete 
| 178|0x000000078e000000, 0x0000000790000000, 0x0000000790000000|100%| E|CS|TAMS 0x000000078e000000, 0x000000078e000000| Complete 
| 179|0x0000000790000000, 0x0000000792000000, 0x0000000792000000|100%| E|CS|TAMS 0x0000000790000000, 0x0000000790000000| Complete 
| 180|0x0000000792000000, 0x0000000794000000, 0x0000000794000000|100%| E|CS|TAMS 0x0000000792000000, 0x0000000792000000| Complete 
| 181|0x0000000794000000, 0x0000000796000000, 0x0000000796000000|100%| E|CS|TAMS 0x0000000794000000, 0x0000000794000000| Complete 
| 182|0x0000000796000000, 0x0000000798000000, 0x0000000798000000|100%| E|CS|TAMS 0x0000000796000000, 0x0000000796000000| Complete 
| 183|0x0000000798000000, 0x000000079a000000, 0x000000079a000000|100%| E|CS|TAMS 0x0000000798000000, 0x0000000798000000| Complete 
| 184|0x000000079a000000, 0x000000079c000000, 0x000000079c000000|100%| E|CS|TAMS 0x000000079a000000, 0x000000079a000000| Complete 
| 185|0x000000079c000000, 0x000000079e000000, 0x000000079e000000|100%| E|CS|TAMS 0x000000079c000000, 0x000000079c000000| Complete 
| 186|0x000000079e000000, 0x00000007a0000000, 0x00000007a0000000|100%| E|CS|TAMS 0x000000079e000000, 0x000000079e000000| Complete 
| 187|0x00000007a0000000, 0x00000007a2000000, 0x00000007a2000000|100%| E|CS|TAMS 0x00000007a0000000, 0x00000007a0000000| Complete 
| 188|0x00000007a2000000, 0x00000007a4000000, 0x00000007a4000000|100%| E|CS|TAMS 0x00000007a2000000, 0x00000007a2000000| Complete 
| 189|0x00000007a4000000, 0x00000007a6000000, 0x00000007a6000000|100%| E|CS|TAMS 0x00000007a4000000, 0x00000007a4000000| Complete 
| 190|0x00000007a6000000, 0x00000007a8000000, 0x00000007a8000000|100%| E|CS|TAMS 0x00000007a6000000, 0x00000007a6000000| Complete 
| 233|0x00000007fc000000, 0x00000007fe000000, 0x00000007fe000000|100%| O|  |TAMS 0x00000007fcb62800, 0x00000007fc000000| Updating 
| 234|0x00000007fe000000, 0x0000000800000000, 0x0000000800000000|100%| O|  |TAMS 0x0000000800000000, 0x00000007fe000000| Updating 

Card table byte_map: [0x000002497a890000,0x000002497b740000] _byte_map_base: 0x0000024977740000

Marking Bits (Prev, Next): (CMBitMap*) 0x0000024966d649a0, (CMBitMap*) 0x0000024966d649e0
 Prev Bits: [0x0000024900000000, 0x0000024907580000)
 Next Bits: [0x0000024907580000, 0x000002490eb00000)

Polling page: 0x0000024964c20000

Metaspace:

Usage:
  Non-class:    217.72 MB used.
      Class:     39.95 MB used.
       Both:    257.67 MB used.

Virtual space:
  Non-class space:      224.00 MB reserved,     219.00 MB ( 98%) committed,  28 nodes.
      Class space:        1.00 GB reserved,      41.00 MB (  4%) committed,  1 nodes.
             Both:        1.22 GB reserved,     260.00 MB ( 21%) committed. 

Chunk freelists:
   Non-Class:  416.00 KB
       Class:  2.94 MB
        Both:  3.35 MB

MaxMetaspaceSize: unlimited
CompressedClassSpaceSize: 1.00 GB
Initial GC threshold: 21.00 MB
Current GC threshold: 387.12 MB
CDS: off
MetaspaceReclaimPolicy: balanced
 - commit_granule_bytes: 65536.
 - commit_granule_words: 8192.
 - virtual_space_node_default_size: 1048576.
 - enlarge_chunks_in_place: 1.
 - new_chunks_are_fully_committed: 0.
 - uncommit_free_chunks: 1.
 - use_allocation_guard: 0.
 - handle_deallocations: 1.


Internal statistics:

num_allocs_failed_limit: 295.
num_arena_births: 3918.
num_arena_deaths: 2.
num_vsnodes_births: 29.
num_vsnodes_deaths: 0.
num_space_committed: 4151.
num_space_uncommitted: 0.
num_chunks_returned_to_freelist: 298.
num_chunks_taken_from_freelist: 14750.
num_chunk_merges: 284.
num_chunk_splits: 10141.
num_chunks_enlarged: 6923.
num_purges: 2.
num_inconsistent_stats: 0.

CodeHeap 'non-profiled nmethods': size=120000Kb used=48617Kb max_used=48617Kb free=71382Kb
 bounds [0x0000024971f60000, 0x0000024974f10000, 0x0000024979490000]
CodeHeap 'profiled nmethods': size=120000Kb used=64374Kb max_used=65196Kb free=55625Kb
 bounds [0x000002496aa30000, 0x000002496ea50000, 0x0000024971f60000]
CodeHeap 'non-nmethods': size=5760Kb used=2850Kb max_used=2950Kb free=2909Kb
 bounds [0x000002496a490000, 0x000002496a7a0000, 0x000002496aa30000]
 total_blobs=38731 nmethods=36116 adapters=2524
 compilation: enabled
              stopped_count=0, restarted_count=0
 full_count=0

Compilation events (20 events):
Event: 311.378 Thread 0x000002497eb1e7c0 57008       4       net.minecraft.world.entity.LivingEntity::m_21254_ (79 bytes)
Event: 311.388 Thread 0x000002497eb1e7c0 nmethod 57008 0x00000249744e7810 code [0x00000249744e7a40, 0x00000249744e8190]
Event: 311.475 Thread 0x000002497eb1e7c0 57012       4       net.minecraft.world.entity.ambient.Bat::m_8119_ (66 bytes)
Event: 311.492 Thread 0x000002497eb1e7c0 nmethod 57012 0x00000249733c2f90 code [0x00000249733c3280, 0x00000249733c4210]
Event: 311.545 Thread 0x000002497fc2f160 57013       3       net.minecraft.client.player.AbstractClientPlayer::m_108565_ (219 bytes)
Event: 311.548 Thread 0x000002497fc2f160 nmethod 57013 0x000002496c2e8f90 code [0x000002496c2e93e0, 0x000002496c2eb8a8]
Event: 311.785 Thread 0x000002497eb1e7c0 57014       4       journeymap.client.cartography.render.BaseRenderer::updateOptions (183 bytes)
Event: 311.826 Thread 0x000002497eb1e7c0 nmethod 57014 0x0000024973860790 code [0x0000024973860b00, 0x00000249738626b8]
Event: 311.826 Thread 0x000002497eb1e7c0 57015       4       java.io.BufferedInputStream::close (44 bytes)
Event: 311.828 Thread 0x000002497eb1e7c0 nmethod 57015 0x0000024972365d10 code [0x0000024972365ea0, 0x0000024972366058]
Event: 311.862 Thread 0x000002497eb1e7c0 57016       4       journeymap.common.nbt.cache.CacheWorker$$Lambda$25598/0x00000008028315e8::get (12 bytes)
Event: 311.890 Thread 0x000002497eb1e7c0 nmethod 57016 0x00000249748fd490 code [0x00000249748fd7c0, 0x00000249748ff7f8]
Event: 311.898 Thread 0x000002497fc2f160 57017       3       com.google.common.cache.LocalCache$EntryFactory$3::newEntry (12 bytes)
Event: 311.898 Thread 0x000002497fc2f160 nmethod 57017 0x000002496af06910 code [0x000002496af06b00, 0x000002496af07178]
Event: 311.898 Thread 0x000002497fc2f160 57018       3       com.google.common.cache.LocalCache$NullEntry::setNextInWriteQueue (1 bytes)
Event: 311.898 Thread 0x000002497fc2f160 nmethod 57018 0x000002496b14d990 code [0x000002496b14db20, 0x000002496b14dc38]
Event: 312.019 Thread 0x000002497fc2f160 57019   !   3       net.minecraft.server.MinecraftServer::m_5703_ (380 bytes)
Event: 312.028 Thread 0x000002497fc2f160 nmethod 57019 0x000002496e49f910 code [0x000002496e49ff00, 0x000002496e4a3638]
Event: 312.074 Thread 0x000002497fc2f160 57020       3       net.minecraft.world.level.dimension.end.EndDragonFight::m_64095_ (273 bytes)
Event: 312.075 Thread 0x000002497fc2f160 nmethod 57020 0x000002496c8af590 code [0x000002496c8af820, 0x000002496c8b04a8]

GC Heap History (20 events):
Event: 293.273 GC heap before
{Heap before GC invocations=136 (full 0):
 garbage-first heap   total 5865472K, used 4949132K [0x000000062a000000, 0x0000000800000000)
  region size 32768K, 35 young (1146880K), 3 survivors (98304K)
 Metaspace       used 262313K, committed 264640K, reserved 1277952K
  class space    used 40716K, committed 41792K, reserved 1048576K
}
Event: 293.311 GC heap after
{Heap after GC invocations=137 (full 0):
 garbage-first heap   total 5865472K, used 3954640K [0x000000062a000000, 0x0000000800000000)
  region size 32768K, 4 young (131072K), 4 survivors (131072K)
 Metaspace       used 262313K, committed 264640K, reserved 1277952K
  class space    used 40716K, committed 41792K, reserved 1048576K
}
Event: 294.331 GC heap before
{Heap before GC invocations=137 (full 0):
 garbage-first heap   total 5865472K, used 4970448K [0x000000062a000000, 0x0000000800000000)
  region size 32768K, 35 young (1146880K), 4 survivors (131072K)
 Metaspace       used 262341K, committed 264704K, reserved 1277952K
  class space    used 40716K, committed 41792K, reserved 1048576K
}
Event: 294.413 GC heap after
{Heap after GC invocations=138 (full 0):
 garbage-first heap   total 5865472K, used 3994239K [0x000000062a000000, 0x0000000800000000)
  region size 32768K, 4 young (131072K), 4 survivors (131072K)
 Metaspace       used 262341K, committed 264704K, reserved 1277952K
  class space    used 40716K, committed 41792K, reserved 1048576K
}
Event: 296.243 GC heap before
{Heap before GC invocations=138 (full 0):
 garbage-first heap   total 5865472K, used 5010047K [0x000000062a000000, 0x0000000800000000)
  region size 32768K, 35 young (1146880K), 4 survivors (131072K)
 Metaspace       used 262416K, committed 264768K, reserved 1277952K
  class space    used 40716K, committed 41792K, reserved 1048576K
}
Event: 296.307 GC heap after
{Heap after GC invocations=139 (full 0):
 garbage-first heap   total 5865472K, used 3999463K [0x000000062a000000, 0x0000000800000000)
  region size 32768K, 3 young (98304K), 3 survivors (98304K)
 Metaspace       used 262416K, committed 264768K, reserved 1277952K
  class space    used 40716K, committed 41792K, reserved 1048576K
}
Event: 297.771 GC heap before
{Heap before GC invocations=139 (full 0):
 garbage-first heap   total 5865472K, used 5048039K [0x000000062a000000, 0x0000000800000000)
  region size 32768K, 35 young (1146880K), 3 survivors (98304K)
 Metaspace       used 262419K, committed 264768K, reserved 1277952K
  class space    used 40716K, committed 41792K, reserved 1048576K
}
Event: 297.816 GC heap after
{Heap after GC invocations=140 (full 0):
 garbage-first heap   total 5865472K, used 4034022K [0x000000062a000000, 0x0000000800000000)
  region size 32768K, 4 young (131072K), 4 survivors (131072K)
 Metaspace       used 262419K, committed 264768K, reserved 1277952K
  class space    used 40716K, committed 41792K, reserved 1048576K
}
Event: 298.891 GC heap before
{Heap before GC invocations=140 (full 0):
 garbage-first heap   total 5865472K, used 5049830K [0x000000062a000000, 0x0000000800000000)
  region size 32768K, 35 young (1146880K), 4 survivors (131072K)
 Metaspace       used 262489K, committed 264832K, reserved 1277952K
  class space    used 40716K, committed 41792K, reserved 1048576K
}
Event: 299.765 GC heap after
{Heap after GC invocations=141 (full 0):
 garbage-first heap   total 5865472K, used 4392982K [0x000000062a000000, 0x0000000800000000)
  region size 32768K, 5 young (163840K), 5 survivors (163840K)
 Metaspace       used 262489K, committed 264832K, reserved 1277952K
  class space    used 40716K, committed 41792K, reserved 1048576K
}
Event: 301.045 GC heap before
{Heap before GC invocations=141 (full 0):
 garbage-first heap   total 5865472K, used 5376022K [0x000000062a000000, 0x0000000800000000)
  region size 32768K, 35 young (1146880K), 5 survivors (163840K)
 Metaspace       used 263317K, committed 265600K, reserved 1277952K
  class space    used 40865K, committed 41920K, reserved 1048576K
}
Event: 301.261 GC heap after
{Heap after GC invocations=142 (full 0):
 garbage-first heap   total 5931008K, used 4763018K [0x000000062a000000, 0x0000000800000000)
  region size 32768K, 5 young (163840K), 5 survivors (163840K)
 Metaspace       used 263317K, committed 265600K, reserved 1277952K
  class space    used 40865K, committed 41920K, reserved 1048576K
}
Event: 302.282 GC heap before
{Heap before GC invocations=142 (full 0):
 garbage-first heap   total 5931008K, used 5451146K [0x000000062a000000, 0x0000000800000000)
  region size 32768K, 27 young (884736K), 5 survivors (163840K)
 Metaspace       used 263450K, committed 265792K, reserved 1277952K
  class space    used 40890K, committed 41984K, reserved 1048576K
}
Event: 302.391 GC heap after
{Heap after GC invocations=143 (full 0):
 garbage-first heap   total 5931008K, used 4868799K [0x000000062a000000, 0x0000000800000000)
  region size 32768K, 3 young (98304K), 3 survivors (98304K)
 Metaspace       used 263450K, committed 265792K, reserved 1277952K
  class space    used 40890K, committed 41984K, reserved 1048576K
}
Event: 304.514 GC heap before
{Heap before GC invocations=143 (full 0):
 garbage-first heap   total 5931008K, used 5556927K [0x000000062a000000, 0x0000000800000000)
  region size 32768K, 25 young (819200K), 3 survivors (98304K)
 Metaspace       used 263590K, committed 265920K, reserved 1277952K
  class space    used 40904K, committed 41984K, reserved 1048576K
}
Event: 304.607 GC heap after
{Heap after GC invocations=144 (full 0):
 garbage-first heap   total 6324224K, used 4924052K [0x000000062a000000, 0x0000000800000000)
  region size 32768K, 5 young (163840K), 5 survivors (163840K)
 Metaspace       used 263590K, committed 265920K, reserved 1277952K
  class space    used 40904K, committed 41984K, reserved 1048576K
}
Event: 306.164 GC heap before
{Heap before GC invocations=144 (full 0):
 garbage-first heap   total 6324224K, used 5841556K [0x000000062a000000, 0x0000000800000000)
  region size 32768K, 34 young (1114112K), 5 survivors (163840K)
 Metaspace       used 263676K, committed 265984K, reserved 1277952K
  class space    used 40906K, committed 41984K, reserved 1048576K
}
Event: 306.243 GC heap after
{Heap after GC invocations=145 (full 0):
 garbage-first heap   total 6324224K, used 4998941K [0x000000062a000000, 0x0000000800000000)
  region size 32768K, 5 young (163840K), 5 survivors (163840K)
 Metaspace       used 263676K, committed 265984K, reserved 1277952K
  class space    used 40906K, committed 41984K, reserved 1048576K
}
Event: 308.124 GC heap before
{Heap before GC invocations=145 (full 0):
 garbage-first heap   total 6324224K, used 5850909K [0x000000062a000000, 0x0000000800000000)
  region size 32768K, 32 young (1048576K), 5 survivors (163840K)
 Metaspace       used 263830K, committed 266176K, reserved 1277952K
  class space    used 40910K, committed 41984K, reserved 1048576K
}
Event: 308.191 GC heap after
{Heap after GC invocations=146 (full 0):
 garbage-first heap   total 6324224K, used 5045807K [0x000000062a000000, 0x0000000800000000)
  region size 32768K, 4 young (131072K), 4 survivors (131072K)
 Metaspace       used 263830K, committed 266176K, reserved 1277952K
  class space    used 40910K, committed 41984K, reserved 1048576K
}

Deoptimization events (20 events):
Event: 310.456 Thread 0x0000024912bdeb50 Uncommon trap: trap_request=0xffffffde fr.pc=0x0000024974280ef4 relative=0x0000000000004014
Event: 310.456 Thread 0x0000024912bdeb50 Uncommon trap: reason=class_check action=maybe_recompile pc=0x0000024974280ef4 method=net.minecraft.client.renderer.block.ModelBlockRenderer.renderModelFlat(Lnet/minecraft/world/level/BlockAndTintGetter;Lnet/minecraft/client/resources/model/BakedModel;Lne
Event: 310.456 Thread 0x0000024912bdeb50 DEOPT PACKING pc=0x0000024974280ef4 sp=0x000000eb6f8fecf0
Event: 310.456 Thread 0x0000024912bdeb50 DEOPT UNPACKING pc=0x000002496a4e23a3 sp=0x000000eb6f8fec38 mode 2
Event: 310.456 Thread 0x0000024912bdeb50 Uncommon trap: trap_request=0xffffffde fr.pc=0x0000024974280ef4 relative=0x0000000000004014
Event: 310.456 Thread 0x0000024912bdeb50 Uncommon trap: reason=class_check action=maybe_recompile pc=0x0000024974280ef4 method=net.minecraft.client.renderer.block.ModelBlockRenderer.renderModelFlat(Lnet/minecraft/world/level/BlockAndTintGetter;Lnet/minecraft/client/resources/model/BakedModel;Lne
Event: 310.456 Thread 0x0000024912bdeb50 DEOPT PACKING pc=0x0000024974280ef4 sp=0x000000eb6f8fecf0
Event: 310.456 Thread 0x0000024912bdeb50 DEOPT UNPACKING pc=0x000002496a4e23a3 sp=0x000000eb6f8fec38 mode 2
Event: 310.849 Thread 0x0000024927e225f0 Uncommon trap: trap_request=0xffffffde fr.pc=0x0000024974280ef4 relative=0x0000000000004014
Event: 310.849 Thread 0x0000024927e225f0 Uncommon trap: reason=class_check action=maybe_recompile pc=0x0000024974280ef4 method=net.minecraft.client.renderer.block.ModelBlockRenderer.renderModelFlat(Lnet/minecraft/world/level/BlockAndTintGetter;Lnet/minecraft/client/resources/model/BakedModel;Lne
Event: 310.849 Thread 0x0000024927e225f0 DEOPT PACKING pc=0x0000024974280ef4 sp=0x000000eb712feda0
Event: 310.849 Thread 0x0000024927e225f0 DEOPT UNPACKING pc=0x000002496a4e23a3 sp=0x000000eb712fece8 mode 2
Event: 311.126 Thread 0x0000024b8d489010 Uncommon trap: trap_request=0xffffff66 fr.pc=0x0000024974990028 relative=0x0000000000000168
Event: 311.126 Thread 0x0000024b8d489010 Uncommon trap: reason=speculate_class_check action=maybe_recompile pc=0x0000024974990028 method=net.minecraft.world.entity.decoration.HangingEntity.m_8119_()V @ 43 c2
Event: 311.126 Thread 0x0000024b8d489010 DEOPT PACKING pc=0x0000024974990028 sp=0x000000eb6e5fe930
Event: 311.126 Thread 0x0000024b8d489010 DEOPT UNPACKING pc=0x000002496a4e23a3 sp=0x000000eb6e5fe8d8 mode 2
Event: 311.127 Thread 0x0000024b8d489010 Uncommon trap: trap_request=0xffffff66 fr.pc=0x0000024974990028 relative=0x0000000000000168
Event: 311.127 Thread 0x0000024b8d489010 Uncommon trap: reason=speculate_class_check action=maybe_recompile pc=0x0000024974990028 method=net.minecraft.world.entity.decoration.HangingEntity.m_8119_()V @ 43 c2
Event: 311.127 Thread 0x0000024b8d489010 DEOPT PACKING pc=0x0000024974990028 sp=0x000000eb6e5fe930
Event: 311.127 Thread 0x0000024b8d489010 DEOPT UNPACKING pc=0x000002496a4e23a3 sp=0x000000eb6e5fe8d8 mode 2

Classes unloaded (1 events):
Event: 31.517 Thread 0x000002497eaee4e0 Unloading class 0x0000000800dec400 'java/lang/invoke/LambdaForm$DMH+0x0000000800dec400'

Classes redefined (0 events):
No events

Internal exceptions (20 events):
Event: 308.384 Thread 0x000002491952b6a0 Exception <a 'sun/nio/fs/WindowsException'{0x000000079c48f668}> (0x000000079c48f668) 
thrown [d:\a\_work\1\jdk\src\hotspot\share\prims\jni.cpp, line 516]
Event: 308.384 Thread 0x000002495e0a3e00 Exception <a 'sun/nio/fs/WindowsException'{0x000000079cf450e0}> (0x000000079cf450e0) 
thrown [d:\a\_work\1\jdk\src\hotspot\share\prims\jni.cpp, line 516]
Event: 308.385 Thread 0x000002495e0a42d0 Exception <a 'sun/nio/fs/WindowsException'{0x000000079d1ca9b8}> (0x000000079d1ca9b8) 
thrown [d:\a\_work\1\jdk\src\hotspot\share\prims\jni.cpp, line 516]
Event: 308.425 Thread 0x000002495e0a42d0 Exception <a 'sun/nio/fs/WindowsException'{0x000000079a8e0dc8}> (0x000000079a8e0dc8) 
thrown [d:\a\_work\1\jdk\src\hotspot\share\prims\jni.cpp, line 516]
Event: 308.426 Thread 0x000002495e0a42d0 Exception <a 'sun/nio/fs/WindowsException'{0x000000079a8e6c70}> (0x000000079a8e6c70) 
thrown [d:\a\_work\1\jdk\src\hotspot\share\prims\jni.cpp, line 516]
Event: 308.427 Thread 0x000002491952b6a0 Exception <a 'sun/nio/fs/WindowsException'{0x000000079c4a7b28}> (0x000000079c4a7b28) 
thrown [d:\a\_work\1\jdk\src\hotspot\share\prims\jni.cpp, line 516]
Event: 308.428 Thread 0x000002495e0a42d0 Exception <a 'sun/nio/fs/WindowsException'{0x000000079a8ecd98}> (0x000000079a8ecd98) 
thrown [d:\a\_work\1\jdk\src\hotspot\share\prims\jni.cpp, line 516]
Event: 308.428 Thread 0x000002491952b6a0 Exception <a 'sun/nio/fs/WindowsException'{0x000000079c4adc30}> (0x000000079c4adc30) 
thrown [d:\a\_work\1\jdk\src\hotspot\share\prims\jni.cpp, line 516]
Event: 308.430 Thread 0x000002495e0a42d0 Exception <a 'sun/nio/fs/WindowsException'{0x000000079a8f2e90}> (0x000000079a8f2e90) 
thrown [d:\a\_work\1\jdk\src\hotspot\share\prims\jni.cpp, line 516]
Event: 308.431 Thread 0x000002495e0a42d0 Exception <a 'sun/nio/fs/WindowsException'{0x000000079a8f8f88}> (0x000000079a8f8f88) 
thrown [d:\a\_work\1\jdk\src\hotspot\share\prims\jni.cpp, line 516]
Event: 308.431 Thread 0x000002495e0a42d0 Exception <a 'sun/nio/fs/WindowsException'{0x000000079a8fee20}> (0x000000079a8fee20) 
thrown [d:\a\_work\1\jdk\src\hotspot\share\prims\jni.cpp, line 516]
Event: 308.432 Thread 0x000002495e0a42d0 Exception <a 'sun/nio/fs/WindowsException'{0x000000079a904cb8}> (0x000000079a904cb8) 
thrown [d:\a\_work\1\jdk\src\hotspot\share\prims\jni.cpp, line 516]
Event: 308.432 Thread 0x000002491952b6a0 Exception <a 'sun/nio/fs/WindowsException'{0x000000079b59ab70}> (0x000000079b59ab70) 
thrown [d:\a\_work\1\jdk\src\hotspot\share\prims\jni.cpp, line 516]
Event: 308.434 Thread 0x000002495e0a42d0 Exception <a 'sun/nio/fs/WindowsException'{0x000000079a90ab50}> (0x000000079a90ab50) 
thrown [d:\a\_work\1\jdk\src\hotspot\share\prims\jni.cpp, line 516]
Event: 308.434 Thread 0x000002495e0a3e00 Exception <a 'sun/nio/fs/WindowsException'{0x000000079b5da528}> (0x000000079b5da528) 
thrown [d:\a\_work\1\jdk\src\hotspot\share\prims\jni.cpp, line 516]
Event: 308.434 Thread 0x000002495e0a42d0 Exception <a 'sun/nio/fs/WindowsException'{0x000000079a910a08}> (0x000000079a910a08) 
thrown [d:\a\_work\1\jdk\src\hotspot\share\prims\jni.cpp, line 516]
Event: 308.435 Thread 0x000002495e0a3e00 Exception <a 'sun/nio/fs/WindowsException'{0x000000079b5e03c0}> (0x000000079b5e03c0) 
thrown [d:\a\_work\1\jdk\src\hotspot\share\prims\jni.cpp, line 516]
Event: 308.436 Thread 0x000002495e0a42d0 Exception <a 'sun/nio/fs/WindowsException'{0x000000079b7ec108}> (0x000000079b7ec108) 
thrown [d:\a\_work\1\jdk\src\hotspot\share\prims\jni.cpp, line 516]
Event: 308.437 Thread 0x000002491952b6a0 Exception <a 'sun/nio/fs/WindowsException'{0x000000079b6619d0}> (0x000000079b6619d0) 
thrown [d:\a\_work\1\jdk\src\hotspot\share\prims\jni.cpp, line 516]
Event: 308.438 Thread 0x000002495e0a42d0 Exception <a 'sun/nio/fs/WindowsException'{0x000000079b7f1fd0}> (0x000000079b7f1fd0) 
thrown [d:\a\_work\1\jdk\src\hotspot\share\prims\jni.cpp, line 516]

VM Operations (20 events):
Event: 306.243 Executing VM operation: G1CollectForAllocation done
Event: 306.876 Executing VM operation: ICBufferFull
Event: 306.879 Executing VM operation: ICBufferFull done
Event: 306.944 Executing VM operation: HandshakeAllThreads
Event: 306.945 Executing VM operation: HandshakeAllThreads done
Event: 307.030 Executing VM operation: HandshakeAllThreads
Event: 307.031 Executing VM operation: HandshakeAllThreads done
Event: 307.533 Executing VM operation: ICBufferFull
Event: 307.534 Executing VM operation: ICBufferFull done
Event: 308.109 Executing VM operation: G1CollectForAllocation
Event: 308.191 Executing VM operation: G1CollectForAllocation done
Event: 309.191 Executing VM operation: Cleanup
Event: 309.283 Executing VM operation: Cleanup done
Event: 310.451 Executing VM operation: HandshakeAllThreads
Event: 310.451 Executing VM operation: HandshakeAllThreads done
Event: 310.451 Executing VM operation: Cleanup
Event: 310.455 Executing VM operation: Cleanup done
Event: 311.456 Executing VM operation: Cleanup
Event: 311.489 Executing VM operation: Cleanup done
Event: 312.258 Executing VM operation: G1Concurrent

Events (20 events):
Event: 310.507 Thread 0x000002497fc33260 flushing nmethod 0x000002496d4b0d90
Event: 310.507 Thread 0x000002497fc33260 flushing nmethod 0x000002496d4c0c10
Event: 310.507 Thread 0x000002497fc33260 flushing nmethod 0x000002496d4cbd90
Event: 310.507 Thread 0x000002497fc33260 flushing nmethod 0x000002496d4ec710
Event: 310.507 Thread 0x000002497fc33260 flushing nmethod 0x000002496d4f9410
Event: 310.507 Thread 0x000002497fc33260 flushing nmethod 0x000002496d511110
Event: 310.507 Thread 0x000002497fc33260 flushing nmethod 0x000002496d511c10
Event: 310.509 Thread 0x000002497fc33260 flushing nmethod 0x000002496d870010
Event: 310.509 Thread 0x000002497fc33260 flushing nmethod 0x000002496d924e90
Event: 310.510 Thread 0x000002497fc33260 flushing nmethod 0x000002496d9ad310
Event: 310.510 Thread 0x000002497fc33260 flushing nmethod 0x000002496da9f910
Event: 310.517 Thread 0x000002497fc33260 flushing nmethod 0x000002496e75fa90
Event: 310.517 Thread 0x000002497fc33260 flushing nmethod 0x000002496e7bcf10
Event: 310.518 Thread 0x000002497fc33260 flushing nmethod 0x000002496e94de90
Event: 310.518 Thread 0x000002497fc33260 flushing nmethod 0x000002496e960890
Event: 310.518 Thread 0x000002497fc33260 flushing nmethod 0x000002496e965990
Event: 310.518 Thread 0x000002497fc33260 flushing nmethod 0x000002496e966890
Event: 310.518 Thread 0x000002497fc33260 flushing nmethod 0x000002496e975510
Event: 310.518 Thread 0x000002497fc33260 flushing nmethod 0x000002496e9cd410
Event: 310.518 Thread 0x000002497fc33260 flushing nmethod 0x000002496e9cd810


Dynamic libraries:
0x00007ff771800000 - 0x00007ff77180e000 	C:\Users\ediha\AppData\Roaming\.minecraft\runtime\java-runtime-gamma\windows\java-runtime-gamma\bin\javaw.exe
0x00007ffd083d0000 - 0x00007ffd085e7000 	C:\WINDOWS\SYSTEM32\ntdll.dll
0x00007ffd06fb0000 - 0x00007ffd07074000 	C:\WINDOWS\System32\KERNEL32.DLL
0x00007ffd05b20000 - 0x00007ffd05ec7000 	C:\WINDOWS\System32\KERNELBASE.dll
0x00007ffd05ff0000 - 0x00007ffd06101000 	C:\WINDOWS\System32\ucrtbase.dll
0x00007ffcf7110000 - 0x00007ffcf7128000 	C:\Users\ediha\AppData\Roaming\.minecraft\runtime\java-runtime-gamma\windows\java-runtime-gamma\bin\jli.dll
0x00007ffcf70f0000 - 0x00007ffcf710b000 	C:\Users\ediha\AppData\Roaming\.minecraft\runtime\java-runtime-gamma\windows\java-runtime-gamma\bin\VCRUNTIME140.dll
0x00007ffd07080000 - 0x00007ffd0722d000 	C:\WINDOWS\System32\USER32.dll
0x00007ffd05900000 - 0x00007ffd05926000 	C:\WINDOWS\System32\win32u.dll
0x00007ffd06eb0000 - 0x00007ffd06ed9000 	C:\WINDOWS\System32\GDI32.dll
0x00007ffce7cd0000 - 0x00007ffce7f63000 	C:\WINDOWS\WinSxS\amd64_microsoft.windows.common-controls_6595b64144ccf1df_6.0.23612.1000_none_efe8cabd2b20ca19\COMCTL32.dll
0x00007ffd05ed0000 - 0x00007ffd05fe8000 	C:\WINDOWS\System32\gdi32full.dll
0x00007ffd06110000 - 0x00007ffd061b7000 	C:\WINDOWS\System32\msvcrt.dll
0x00007ffd05730000 - 0x00007ffd057ca000 	C:\WINDOWS\System32\msvcp_win.dll
0x00007ffd06e70000 - 0x00007ffd06ea1000 	C:\WINDOWS\System32\IMM32.DLL
0x00007ffd00f90000 - 0x00007ffd00f9c000 	C:\Users\ediha\AppData\Roaming\.minecraft\runtime\java-runtime-gamma\windows\java-runtime-gamma\bin\vcruntime140_1.dll
0x00007ffcef730000 - 0x00007ffcef7bd000 	C:\Users\ediha\AppData\Roaming\.minecraft\runtime\java-runtime-gamma\windows\java-runtime-gamma\bin\msvcp140.dll
0x00007ffcaad50000 - 0x00007ffcab9ad000 	C:\Users\ediha\AppData\Roaming\.minecraft\runtime\java-runtime-gamma\windows\java-runtime-gamma\bin\server\jvm.dll
0x00007ffd061c0000 - 0x00007ffd06271000 	C:\WINDOWS\System32\ADVAPI32.dll
0x00007ffd07590000 - 0x00007ffd07635000 	C:\WINDOWS\System32\sechost.dll
0x00007ffd07470000 - 0x00007ffd07587000 	C:\WINDOWS\System32\RPCRT4.dll
0x00007ffd06f20000 - 0x00007ffd06f28000 	C:\WINDOWS\System32\PSAPI.DLL
0x00007ffcf7200000 - 0x00007ffcf7209000 	C:\WINDOWS\SYSTEM32\WSOCK32.dll
0x00007ffcfe1d0000 - 0x00007ffcfe204000 	C:\WINDOWS\SYSTEM32\WINMM.dll
0x00007ffd06f30000 - 0x00007ffd06fa1000 	C:\WINDOWS\System32\WS2_32.dll
0x00007ffcfc6a0000 - 0x00007ffcfc6aa000 	C:\WINDOWS\SYSTEM32\VERSION.dll
0x00007ffd047e0000 - 0x00007ffd047f8000 	C:\WINDOWS\SYSTEM32\kernel.appcore.dll
0x00007ffcf7150000 - 0x00007ffcf715a000 	C:\Users\ediha\AppData\Roaming\.minecraft\runtime\java-runtime-gamma\windows\java-runtime-gamma\bin\jimage.dll
0x00007ffcfb850000 - 0x00007ffcfba83000 	C:\WINDOWS\SYSTEM32\DBGHELP.DLL
0x00007ffd076a0000 - 0x00007ffd07a29000 	C:\WINDOWS\System32\combase.dll
0x00007ffd07230000 - 0x00007ffd07307000 	C:\WINDOWS\System32\OLEAUT32.dll
0x00007ffcd7450000 - 0x00007ffcd7482000 	C:\WINDOWS\SYSTEM32\dbgcore.DLL
0x00007ffd05930000 - 0x00007ffd059aa000 	C:\WINDOWS\System32\bcryptPrimitives.dll
0x00007ffcf70c0000 - 0x00007ffcf70e5000 	C:\Users\ediha\AppData\Roaming\.minecraft\runtime\java-runtime-gamma\windows\java-runtime-gamma\bin\java.dll
0x00007ffcf6b20000 - 0x00007ffcf6b38000 	C:\Users\ediha\AppData\Roaming\.minecraft\runtime\java-runtime-gamma\windows\java-runtime-gamma\bin\zip.dll
0x00007ffce97c0000 - 0x00007ffce9897000 	C:\Users\ediha\AppData\Roaming\.minecraft\runtime\java-runtime-gamma\windows\java-runtime-gamma\bin\jsvml.dll
0x00007ffd07b30000 - 0x00007ffd08388000 	C:\WINDOWS\System32\SHELL32.dll
0x00007ffd035f0000 - 0x00007ffd03f00000 	C:\WINDOWS\SYSTEM32\windows.storage.dll
0x00007ffd034b0000 - 0x00007ffd035ee000 	C:\WINDOWS\SYSTEM32\wintypes.dll
0x00007ffd06710000 - 0x00007ffd06803000 	C:\WINDOWS\System32\SHCORE.dll
0x00007ffd07640000 - 0x00007ffd0769e000 	C:\WINDOWS\System32\shlwapi.dll
0x00007ffd05660000 - 0x00007ffd05686000 	C:\WINDOWS\SYSTEM32\profapi.dll
0x00007ffcf65e0000 - 0x00007ffcf65f9000 	C:\Users\ediha\AppData\Roaming\.minecraft\runtime\java-runtime-gamma\windows\java-runtime-gamma\bin\net.dll
0x00007ffcff040000 - 0x00007ffcff177000 	C:\WINDOWS\SYSTEM32\WINHTTP.dll
0x00007ffd04c60000 - 0x00007ffd04cc9000 	C:\WINDOWS\system32\mswsock.dll
0x00007ffcf5b70000 - 0x00007ffcf5b86000 	C:\Users\ediha\AppData\Roaming\.minecraft\runtime\java-runtime-gamma\windows\java-runtime-gamma\bin\nio.dll
0x00007ffcf6e10000 - 0x00007ffcf6e20000 	C:\Users\ediha\AppData\Roaming\.minecraft\runtime\java-runtime-gamma\windows\java-runtime-gamma\bin\verify.dll
0x00007ffcf65d0000 - 0x00007ffcf65d9000 	C:\Users\ediha\AppData\Roaming\.minecraft\runtime\java-runtime-gamma\windows\java-runtime-gamma\bin\management.dll
0x00007ffcf5b60000 - 0x00007ffcf5b6b000 	C:\Users\ediha\AppData\Roaming\.minecraft\runtime\java-runtime-gamma\windows\java-runtime-gamma\bin\management_ext.dll
0x00007ffcd6460000 - 0x00007ffcd6477000 	C:\WINDOWS\system32\napinsp.dll
0x00007ffcd63e0000 - 0x00007ffcd63fb000 	C:\WINDOWS\system32\pnrpnsp.dll
0x00007ffcd6370000 - 0x00007ffcd6391000 	C:\WINDOWS\system32\nlansp_c.dll
0x00007ffd041d0000 - 0x00007ffd042c9000 	C:\WINDOWS\SYSTEM32\DNSAPI.dll
0x00007ffd041a0000 - 0x00007ffd041cd000 	C:\WINDOWS\SYSTEM32\IPHLPAPI.DLL
0x00007ffd06820000 - 0x00007ffd06829000 	C:\WINDOWS\System32\NSI.dll
0x00007ffcd6340000 - 0x00007ffcd6351000 	C:\WINDOWS\System32\winrnr.dll
0x00007ffcfe1b0000 - 0x00007ffcfe1c5000 	C:\WINDOWS\system32\wshbth.dll
0x00007ffcfdc50000 - 0x00007ffcfdcd3000 	C:\WINDOWS\System32\fwpuclnt.dll
0x00007ffcfc520000 - 0x00007ffcfc52a000 	C:\Windows\System32\rasadhlp.dll
0x00007ffd04e80000 - 0x00007ffd04e9b000 	C:\WINDOWS\SYSTEM32\CRYPTSP.dll
0x00007ffd04740000 - 0x00007ffd04775000 	C:\WINDOWS\system32\rsaenh.dll
0x00007ffd04d00000 - 0x00007ffd04d2c000 	C:\WINDOWS\SYSTEM32\USERENV.dll
0x00007ffd050e0000 - 0x00007ffd05108000 	C:\WINDOWS\SYSTEM32\bcrypt.dll
0x00007ffd04ea0000 - 0x00007ffd04eac000 	C:\WINDOWS\SYSTEM32\CRYPTBASE.dll
0x00007ffcfea60000 - 0x00007ffcfea79000 	C:\WINDOWS\SYSTEM32\dhcpcsvc6.DLL
0x00007ffcfea20000 - 0x00007ffcfea3f000 	C:\WINDOWS\SYSTEM32\dhcpcsvc.DLL
0x00007ffcef810000 - 0x00007ffcef855000 	C:\Users\ediha\AppData\Local\Temp\jna-96358947\jna2532266194112198529.dll
0x00007ffd06cc0000 - 0x00007ffd06e63000 	C:\WINDOWS\System32\Ole32.dll
0x00007ffd07a30000 - 0x00007ffd07ae0000 	C:\WINDOWS\System32\clbcatq.dll
0x00007ffce7090000 - 0x00007ffce70ad000 	C:\WINDOWS\SYSTEM32\amsi.dll
0x00007ffce6f70000 - 0x00007ffce6fec000 	C:\ProgramData\Microsoft\Windows Defender\Platform\4.18.23110.3-0\MpOav.dll
0x00007ffcc8070000 - 0x00007ffcc80c0000 	C:\WINDOWS\SYSTEM32\Pdh.dll
0x00007ffcbe2e0000 - 0x00007ffcbe2f0000 	C:\WINDOWS\System32\perfos.dll
0x00007ffd02c00000 - 0x00007ffd02c10000 	C:\WINDOWS\SYSTEM32\pfclient.dll
0x00007ffce9740000 - 0x00007ffce97b5000 	C:\Users\ediha\AppData\Local\Temp\lwjglediha\3.3.1-build-7\lwjgl.dll
0x00007ffce94e0000 - 0x00007ffce9739000 	C:\Users\ediha\AppData\Local\Temp\lwjglediha\3.3.1-build-7\jemalloc.dll
0x00007ffcf5b50000 - 0x00007ffcf5b5d000 	C:\Users\ediha\AppData\Roaming\.minecraft\runtime\java-runtime-gamma\windows\java-runtime-gamma\bin\sunmscapi.dll
0x00007ffd059b0000 - 0x00007ffd05b16000 	C:\WINDOWS\System32\CRYPT32.dll
0x00007ffd050b0000 - 0x00007ffd050dd000 	C:\WINDOWS\SYSTEM32\ncrypt.dll
0x00007ffd05070000 - 0x00007ffd050a7000 	C:\WINDOWS\SYSTEM32\NTASN1.dll
0x00007ffcf4740000 - 0x00007ffcf4930000 	C:\WINDOWS\system32\urlmon.dll
0x00007ffce1690000 - 0x00007ffce16b8000 	C:\WINDOWS\SYSTEM32\srvcli.dll
0x00007ffd04120000 - 0x00007ffd0412c000 	C:\WINDOWS\SYSTEM32\netutils.dll
0x00007ffce6640000 - 0x00007ffce68fc000 	C:\WINDOWS\SYSTEM32\iertutil.dll
0x00007ffce9470000 - 0x00007ffce94d1000 	C:\Users\ediha\AppData\Local\Temp\lwjglediha\3.3.1-build-7\glfw.dll
0x00007ffcef6e0000 - 0x00007ffcef726000 	C:\WINDOWS\SYSTEM32\dinput8.dll
0x00007ffcf5b20000 - 0x00007ffcf5b31000 	C:\WINDOWS\SYSTEM32\xinput1_4.dll
0x00007ffd05420000 - 0x00007ffd0546e000 	C:\WINDOWS\SYSTEM32\cfgmgr32.dll
0x00007ffd053f0000 - 0x00007ffd0541c000 	C:\WINDOWS\SYSTEM32\DEVOBJ.dll
0x00007ffcea6d0000 - 0x00007ffcea8da000 	C:\WINDOWS\SYSTEM32\inputhost.dll
0x00007ffd02760000 - 0x00007ffd02893000 	C:\WINDOWS\SYSTEM32\CoreMessaging.dll
0x00007ffd02e70000 - 0x00007ffd02e9b000 	C:\WINDOWS\SYSTEM32\dwmapi.dll
0x00007ffd02c10000 - 0x00007ffd02cbb000 	C:\WINDOWS\system32\uxtheme.dll
0x00007ffd06440000 - 0x00007ffd0658b000 	C:\WINDOWS\System32\MSCTF.dll
0x00007ffc929c0000 - 0x00007ffc92ac0000 	C:\WINDOWS\SYSTEM32\opengl32.dll
0x00007ffcf7370000 - 0x00007ffcf739d000 	C:\WINDOWS\SYSTEM32\GLU32.dll
0x00007ffd02d10000 - 0x00007ffd02d46000 	C:\WINDOWS\SYSTEM32\dxcore.dll
0x00007ffc881a0000 - 0x00007ffc8ad90000 	C:\WINDOWS\System32\DriverStore\FileRepository\nvhm.inf_amd64_28ac5867493a0477\nvoglv64.dll
0x00007ffd06840000 - 0x00007ffd06cb4000 	C:\WINDOWS\System32\SETUPAPI.dll
0x00007ffd04590000 - 0x00007ffd045a4000 	C:\WINDOWS\SYSTEM32\WTSAPI32.dll
0x00007ffd05050000 - 0x00007ffd05062000 	C:\WINDOWS\SYSTEM32\msasn1.dll
0x00007ffcfbb90000 - 0x00007ffcfbbc2000 	C:\WINDOWS\SYSTEM32\cryptnet.dll
0x00007ffcf9770000 - 0x00007ffcf98c8000 	C:\WINDOWS\SYSTEM32\drvstore.dll
0x00007ffd04fa0000 - 0x00007ffd04feb000 	C:\WINDOWS\SYSTEM32\wldp.dll
0x00007ffd057d0000 - 0x00007ffd0583b000 	C:\WINDOWS\System32\wintrust.dll
0x00007ffd06f00000 - 0x00007ffd06f1f000 	C:\WINDOWS\System32\imagehlp.dll
0x00007ffd04cd0000 - 0x00007ffd04cf6000 	C:\WINDOWS\SYSTEM32\gpapi.dll
0x00007ffceb610000 - 0x00007ffced7fb000 	C:\WINDOWS\System32\DriverStore\FileRepository\nvhm.inf_amd64_28ac5867493a0477\nvgpucomp64.dll
0x00007ffd04800000 - 0x00007ffd04834000 	C:\WINDOWS\SYSTEM32\ntmarta.dll
0x00007ffd04540000 - 0x00007ffd0458d000 	C:\WINDOWS\SYSTEM32\powrprof.dll
0x00007ffd04520000 - 0x00007ffd04533000 	C:\WINDOWS\SYSTEM32\UMPDC.dll
0x00007ffd04390000 - 0x00007ffd043f6000 	C:\WINDOWS\SYSTEM32\WINSTA.dll
0x00007ffce39c0000 - 0x00007ffce3b15000 	C:\WINDOWS\SYSTEM32\textinputframework.dll
0x00007ffcfd6b0000 - 0x00007ffcfda1c000 	C:\WINDOWS\SYSTEM32\CoreUIComponents.dll
0x00007ffce89d0000 - 0x00007ffce8a2d000 	C:\Users\ediha\AppData\Local\Temp\lwjglediha\3.3.1-build-7\lwjgl_opengl.dll
0x00007ffce87c0000 - 0x00007ffce8841000 	C:\Users\ediha\AppData\Local\Temp\lwjglediha\3.3.1-build-7\lwjgl_stb.dll
0x00007ffcff3c0000 - 0x00007ffcff47c000 	C:\WINDOWS\SYSTEM32\mscms.dll
0x00007ffcddd20000 - 0x00007ffcddd69000 	C:\WINDOWS\SYSTEM32\icm32.dll
0x00007ffcef7d0000 - 0x00007ffcef7e2000 	C:\Users\ediha\AppData\Roaming\.minecraft\runtime\java-runtime-gamma\windows\java-runtime-gamma\bin\jsound.dll
0x00007ffcba290000 - 0x00007ffcba332000 	C:\WINDOWS\SYSTEM32\DSOUND.dll
0x00007ffcd6740000 - 0x00007ffcd6769000 	C:\WINDOWS\SYSTEM32\winmmbase.dll
0x00007ffcb65b0000 - 0x00007ffcb6661000 	C:\WINDOWS\SYSTEM32\ResampleDmo.DLL
0x00007ffcf7490000 - 0x00007ffcf749b000 	C:\WINDOWS\SYSTEM32\msdmo.dll
0x00007ffcf16e0000 - 0x00007ffcf177d000 	C:\WINDOWS\System32\MMDevApi.dll
0x00007ffcaf1f0000 - 0x00007ffcaf37e000 	C:\Users\ediha\AppData\Roaming\.minecraft\runtime\java-runtime-gamma\windows\java-runtime-gamma\bin\awt.dll
0x00007ffd02a40000 - 0x00007ffd02ad7000 	C:\WINDOWS\SYSTEM32\apphelp.dll
0x00007ffce8950000 - 0x00007ffce8996000 	C:\WINDOWS\SYSTEM32\wdmaud.drv
0x00007ffd01030000 - 0x00007ffd01039000 	C:\WINDOWS\SYSTEM32\ksuser.dll

dbghelp: loaded successfully - version: 4.0.5 - missing functions: none
symbol engine: initialized successfully - sym options: 0x614 - pdb path: .;C:\Users\ediha\AppData\Roaming\.minecraft\runtime\java-runtime-gamma\windows\java-runtime-gamma\bin;C:\WINDOWS\SYSTEM32;C:\WINDOWS\WinSxS\amd64_microsoft.windows.common-controls_6595b64144ccf1df_6.0.23612.1000_none_efe8cabd2b20ca19;C:\Users\ediha\AppData\Roaming\.minecraft\runtime\java-runtime-gamma\windows\java-runtime-gamma\bin\server;C:\Users\ediha\AppData\Local\Temp\jna-96358947;C:\ProgramData\Microsoft\Windows Defender\Platform\4.18.23110.3-0;C:\Users\ediha\AppData\Local\Temp\lwjglediha\3.3.1-build-7;C:\WINDOWS\System32\DriverStore\FileRepository\nvhm.inf_amd64_28ac5867493a0477;C:\Users\ediha\AppData\Local\Temp\watermedia\vlc;C:\Users\ediha\AppData\Local\Temp\watermedia\vlc\plugins\access;C:\Users\ediha\AppData\Local\Temp\watermedia\vlc\plugins\audio_filter;C:\Users\ediha\AppData\Local\Temp\watermedia\vlc\plugins\audio_output;C:\Users\ediha\AppData\Local\Temp\watermedia\vlc\plugins\codec;C:\Users\ediha\AppData\Local\Temp\watermedia\vlc\plugins\demux;C:\Users\ediha\AppData\Local\Temp\watermedia\vlc\plugins\logger;C:\Users\ediha\AppData\Local\Temp\watermedia\vlc\plugins\lua;C:\Users\ediha\AppData\Local\Temp\watermedia\vlc\plugins\misc;C:\Users\ediha\AppData\Local\Temp\watermedia\vlc\plugins\mux;C:\Users\ediha\AppData\Local\Temp\watermedia\vlc\plugins\spu;C:\Users\ediha\AppData\Local\Temp\watermedia\vlc\plugins\stream_filter;C:\Users\ediha\AppData\Local\Temp\watermedia\vlc\plugins\video_chroma;C:\Users\ediha\AppData\Local\Temp\watermedia\vlc\plugins\video_filter;C:\Users\ediha\AppData\Local\Temp\watermedia\vlc\plugins\video_output;C:\WINDOWS\System32\Speech\Common;C:\Users\ediha\AppData\Local\Temp\opus4j-425b9c66b27e08f7e8fc45c7a6f2c641

VM Arguments:
jvm_args: -Dos.name=Windows 10 -Dos.version=10.0 -XX:HeapDumpPath=MojangTricksIntelDriversForPerformance_javaw.exe_minecraft.exe.heapdump -Xss1M -Djava.library.path=C:\Users\ediha\AppData\Roaming\.minecraft\versions\COUPAINGS V3 - The Space Update\natives -Dminecraft.launcher.brand=minecraft-launcher -Dminecraft.launcher.version=2.3.173 -Djava.net.preferIPv6Addresses=system -DignoreList=bootstraplauncher,securejarhandler,asm-commons,asm-util,asm-analysis,asm-tree,asm,JarJarFileSystems,client-extra,fmlcore,javafmllanguage,lowcodelanguage,mclanguage,forge-,COUPAINGS V3 - The Space Update.jar -DmergeModules=jna-5.10.0.jar,jna-platform-5.10.0.jar -DlibraryDirectory=C:\Users\ediha\AppData\Roaming\.minecraft\libraries --module-path=C:\Users\ediha\AppData\Roaming\.minecraft\libraries/cpw/mods/bootstraplauncher/1.1.2/bootstraplauncher-1.1.2.jar;C:\Users\ediha\AppData\Roaming\.minecraft\libraries/cpw/mods/securejarhandler/2.1.4/securejarhandler-2.1.4.jar;C:\Users\ediha\AppData\Roaming\.minecraft\libraries/org/ow2/asm/asm-commons/9.5/asm-commons-9.5.jar;C:\Users\ediha\AppData\Roaming\.minecraft\libraries/org/ow2/asm/asm-util/9.5/asm-util-9.5.jar;C:\Users\ediha\AppData\Roaming\.minecraft\libraries/org/ow2/asm/asm-analysis/9.5/asm-analysis-9.5.jar;C:\Users\ediha\AppData\Roaming\.minecraft\libraries/org/ow2/asm/asm-tree/9.5/asm-tree-9.5.jar;C:\Users\ediha\AppData\Roaming\.minecraft\libraries/org/ow2/asm/asm/9.5/asm-9.5.jar;C:\Users\ediha\AppData\Roaming\.minecraft\libraries/net/minecraftforge/JarJarFileSystems/0.3.16/JarJarFileSystems-0.3.16.jar --add-modules=ALL-MODULE-PATH --add-opens=java.base/java.util.jar=cpw.mods.securejarhandler --add-opens=java.base/java.lang.invoke=cpw.mods.securejarhandler --add-exports=java.base/sun.security.util=cpw.mods.securejarhandler --add-exports=jdk.naming.dns/com.sun.jndi.dns=java.naming -Xmx7517M -XX:+UnlockExperimentalVMOptions -XX:+UseG1GC -XX:G1NewSizePercent=20 -XX:G1ReservePercent=20 -XX:MaxGCPauseMillis=50 -XX:G1HeapRegionSize=32M -Dfml.ignoreInvalidMinecraftCertificates=true -Dfml.ignorePatchDiscrepancies=true -Djava.net.preferIPv4Stack=true -Dminecraft.applet.TargetDirectory=C:\Users\ediha\AppData\Roaming\.minecraft\versions\COUPAINGS V3 - The Space Update -DlibraryDirectory=C:\Users\ediha\AppData\Roaming\.minecraft\libraries -Dlog4j.configurationFile=C:\Users\ediha\AppData\Roaming\.minecraft\assets\log_configs\client-1.12.xml -DLibLoader.modsFolder=C:\Users\ediha\AppData\Roaming\.minecraft\versions\COUPAINGS V3 - The Space Update\mods 
java_command: cpw.mods.bootstraplauncher.BootstrapLauncher --username NOXX --version COUPAINGS V3 - The Space Update --gameDir C:\Users\ediha\AppData\Roaming\.minecraft\versions\COUPAINGS V3 - The Space Update --assetsDir C:\Users\ediha\AppData\Roaming\.minecraft\assets --assetIndex 1.19 --uuid 38a902e05e5d4b1c8e9677d0b37b108f --accessToken null --clientId null --xuid null --userType mojang --versionType release --width 925 --height 530 --launchTarget forgeclient --fml.forgeVersion 43.3.0 --fml.mcVersion 1.19.2 --fml.forgeGroup net.minecraftforge --fml.mcpVersion 20220805.130853
java_class_path (initial): C:\Users\ediha\AppData\Roaming\.minecraft\libraries\cpw\mods\securejarhandler\2.1.4\securejarhandler-2.1.4.jar;C:\Users\ediha\AppData\Roaming\.minecraft\libraries\org\ow2\asm\asm\9.5\asm-9.5.jar;C:\Users\ediha\AppData\Roaming\.minecraft\libraries\org\ow2\asm\asm-commons\9.5\asm-commons-9.5.jar;C:\Users\ediha\AppData\Roaming\.minecraft\libraries\org\ow2\asm\asm-tree\9.5\asm-tree-9.5.jar;C:\Users\ediha\AppData\Roaming\.minecraft\libraries\org\ow2\asm\asm-util\9.5\asm-util-9.5.jar;C:\Users\ediha\AppData\Roaming\.minecraft\libraries\org\ow2\asm\asm-analysis\9.5\asm-analysis-9.5.jar;C:\Users\ediha\AppData\Roaming\.minecraft\libraries\net\minecraftforge\accesstransformers\8.0.4\accesstransformers-8.0.4.jar;C:\Users\ediha\AppData\Roaming\.minecraft\libraries\org\antlr\antlr4-runtime\4.9.1\antlr4-runtime-4.9.1.jar;C:\Users\ediha\AppData\Roaming\.minecraft\libraries\net\minecraftforge\eventbus\6.0.3\eventbus-6.0.3.jar;C:\Users\ediha\AppData\Roaming\.minecraft\libraries\net\minecraftforge\forgespi\6.0.0\forgespi-6.0.0.jar;C:\Users\ediha\AppData\Roaming\.minecraft\libraries\net\minecraftforge\coremods\5.0.1\coremods-5.0.1.jar;C:\Users\ediha\AppData\Roaming\.minecraft\libraries\cpw\mods\modlauncher\10.0.8\modlauncher-10.0.8.jar;C:\Users\ediha\AppData\Roaming\.minecraft\libraries\net\minecraftforge\unsafe\0.2.0\unsafe-0.2.0.jar;C:\Users\ediha\AppData\Roaming\.minecraft\libraries\com\electronwill\night-config\core\3.6.4\core-3.6.4.jar;C:\Users\ediha\AppData\Roaming\.minecraft\libraries\com\electronwill\night-config\toml\3.6.4\toml-3.6.4.jar;C:\Users\ediha\AppData\Roaming\.minecraft\libraries\org\apache\maven\maven-artifact\3.8.5\maven-artifact-3.8.5.jar;C:\Users\ediha\AppData\Roaming\.minecraft\libraries\net\jodah\typetools\0.8.3\typetools-0.8.3.jar;C:\Users\ediha\AppData\Roaming\.minecraft\libraries\net\minecrell\terminalconsoleappender\1.2.0\terminalconsoleappender-1.2.0.jar;C:\Users\ediha\AppData\Roaming\.minecraft\libraries\org\jline\jline-reader\
Launcher Type: SUN_STANDARD

[Global flags]
     intx CICompilerCount                          = 4                                         {product} {ergonomic}
     uint ConcGCThreads                            = 3                                         {product} {ergonomic}
     uint G1ConcRefinementThreads                  = 10                                        {product} {ergonomic}
     uint G1EagerReclaimRemSetThreshold            = 256                                  {experimental} {ergonomic}
   size_t G1HeapRegionSize                         = 33554432                                  {product} {command line}
    uintx G1NewSizePercent                         = 20                                   {experimental} {command line}
    uintx G1ReservePercent                         = 20                                        {product} {command line}
    uintx GCDrainStackTargetSize                   = 64                                        {product} {ergonomic}
    ccstr HeapDumpPath                             = MojangTricksIntelDriversForPerformance_javaw.exe_minecraft.exe.heapdump         {manageable} {command line}
   size_t InitialHeapSize                          = 134217728                                 {product} {ergonomic}
   size_t MarkStackSize                            = 4194304                                   {product} {ergonomic}
    uintx MaxGCPauseMillis                         = 50                                        {product} {command line}
   size_t MaxHeapSize                              = 7885291520                                {product} {command line, ergonomic}
   size_t MaxNewSize                               = 4731174912                                {product} {ergonomic}
   size_t MinHeapDeltaBytes                        = 33554432                                  {product} {ergonomic}
   size_t MinHeapSize                              = 33554432                                  {product} {ergonomic}
    uintx NonNMethodCodeHeapSize                   = 5839372                                {pd product} {ergonomic}
    uintx NonProfiledCodeHeapSize                  = 122909434                              {pd product} {ergonomic}
    uintx ProfiledCodeHeapSize                     = 122909434                              {pd product} {ergonomic}
    uintx ReservedCodeCacheSize                    = 251658240                              {pd product} {ergonomic}
     bool SegmentedCodeCache                       = true                                      {product} {ergonomic}
   size_t SoftMaxHeapSize                          = 7885291520                             {manageable} {ergonomic}
     intx ThreadStackSize                          = 1024                                   {pd product} {command line}
     bool UnlockExperimentalVMOptions              = true                                 {experimental} {command line}
     bool UseCompressedClassPointers               = true                           {product lp64_product} {ergonomic}
     bool UseCompressedOops                        = true                           {product lp64_product} {ergonomic}
     bool UseG1GC                                  = true                                      {product} {command line}
     bool UseLargePagesIndividualAllocation        = false                                  {pd product} {ergonomic}

Logging:
Log output configuration:
 #0: stdout all=warning uptime,level,tags
 #1: stderr all=off uptime,level,tags

Environment Variables:
JAVA_HOME=C:\Program Files\Zulu\zulu-17-jre\
PATH=C:\Program Files\Common Files\Oracle\Java\javapath;C:\Program Files (x86)\Common Files\Intel\Shared Libraries\redist\intel64\compiler;C:\Program Files (x86)\Razer Chroma SDK\bin;C:\Program Files\Razer Chroma SDK\bin;C:\Program Files (x86)\Razer\ChromaBroadcast\bin;C:\Program Files\Razer\ChromaBroadcast\bin;C:\Program Files\ImageMagick-7.1.1-Q16-HDRI;C:\Program Files\Zulu\zulu-17-jre\bin\;C:\Program Files (x86)\Common Files\Oracle\Java\javapath;C:\ProgramData\Oracle\Java\javapath;C:\windows\system32;C:\windows;C:\windows\System32\Wbem;C:\windows\System32\WindowsPowerShell\v1.0\;C:\windows\System32\OpenSSH\;C:\Program Files (x86)\NVIDIA Corporation\PhysX\Common;C:\WINDOWS\system32;C:\WINDOWS;C:\WINDOWS\System32\Wbem;C:\WINDOWS\System32\WindowsPowerShell\v1.0\;C:\WINDOWS\System32\OpenSSH\;C:\Program Files\Microsoft SQL Server\130\Tools\Binn\;C:\Program Files\Microsoft SQL Server\Client SDK\ODBC\170\Tools\Binn\;C:\Program Files\dotnet\;C:\Program Files\Git\cmd;C:\Program Files\nodejs\;C:\Users\ediha\AppData\Local\Microsoft\WindowsApps;C:\Users\ediha\AppData\Roaming\npm;C:\Users\ediha\Desktop\Symphonic\ffmpeg\ffmpeg-2023-05-04-git-4006c71d19-full_build\bin;C:\WINDOWS\system32\config\systemprofile\AppData\Local\Microsoft\WindowsApps;C:\Program Files\Cloudflare\Cloudflare WARP\;C:\WINDOWS\system32;C:\WINDOWS;C:\WINDOWS\System32\Wbem;C:\WINDOWS\System32\WindowsPowerShell\v1.0\;C:\WINDOWS\System32\OpenSSH\;C:\Program Files\Common Files\Autodesk Shared\;C:\Users\ediha\AppData\Local\Microsoft\WindowsApps;C:\Users\ediha\AppData\Roaming\npm;C:\Users\ediha\Desktop\Symphonic\ffmpeg\ffmpeg-2023-05-04-git-4006c71d19-full_build\bin;C:\Users\ediha\AppData\Local\GitHubDesktop\bin;C:\Users\ediha\AppData\Local\Programs\Microsoft VS Code\bin;C:\Users\ediha\.dotnet\tools;;C:\Program Files\Java\jre-1.8\bin
USERNAME=ediha
OS=Windows_NT
PROCESSOR_IDENTIFIER=AMD64 Family 25 Model 80 Stepping 0, AuthenticAMD



---------------  S Y S T E M  ---------------

OS:
 Windows 11 , 64 bit Build 23612 (10.0.23612.1000)
OS uptime: 7 days 22:33 hours
Hyper-V role detected

CPU: total 12 (initial active 12) (12 cores per cpu, 2 threads per core) family 25 model 80 stepping 0 microcode 0x0, cx8, cmov, fxsr, ht, mmx, 3dnowpref, sse, sse2, sse3, ssse3, sse4a, sse4.1, sse4.2, popcnt, lzcnt, tsc, tscinvbit, avx, avx2, aes, erms, clmul, bmi1, bmi2, adx, sha, fma, vzeroupper, clflush, clflushopt, hv

Memory: 4k page, system-wide physical 7519M (201M free)
TotalPageFile size 30957M (AvailPageFile size 250M)
current process WorkingSet (physical memory assigned to process): 3390M, peak: 4340M
current process commit charge ("private bytes"): 16229M, peak: 17573M

vm_info: OpenJDK 64-Bit Server VM (17.0.3+7-LTS) for windows-amd64 JRE (17.0.3+7-LTS), built on Apr 20 2022 04:24:16 by "" with MS VC++ 16.10 / 16.11 (VS2019)

END.
