#
# There is insufficient memory for the Java Runtime Environment to continue.
# Native memory allocation (malloc) failed to allocate 1081456 bytes for Chunk::new
# Possible reasons:
#   The system is out of physical RAM or swap space
#   The process is running with CompressedOops enabled, and the Java Heap may be blocking the growth of the native heap
# Possible solutions:
#   Reduce memory load on the system
#   Increase physical memory or swap space
#   Check if swap backing store is full
#   Decrease Java heap size (-Xmx/-Xms)
#   Decrease number of Java threads
#   Decrease Java thread stack sizes (-Xss)
#   Set larger code cache with -XX:ReservedCodeCacheSize=
#   JVM is running with Zero Based Compressed Oops mode in which the Java heap is
#     placed in the first 32GB address space. The Java Heap base address is the
#     maximum limit for the native heap growth. Please use -XX:HeapBaseMinAddress
#     to set the Java Heap base and to place the Java Heap above 32GB virtual address.
# This output file may be truncated or incomplete.
#
#  Out of Memory Error (arena.cpp:189), pid=28360, tid=25264
#
# JRE version: OpenJDK Runtime Environment Microsoft-32931 (17.0.3+7) (build 17.0.3+7-LTS)
# Java VM: OpenJDK 64-Bit Server VM Microsoft-32931 (17.0.3+7-LTS, mixed mode, tiered, compressed oops, compressed class ptrs, g1 gc, windows-amd64)
# No core dump will be written. Minidumps are not enabled by default on client versions of Windows
#

---------------  S U M M A R Y ------------

Command Line: -Dos.name=Windows 10 -Dos.version=10.0 -XX:HeapDumpPath=MojangTricksIntelDriversForPerformance_javaw.exe_minecraft.exe.heapdump -Xss1M -Djava.library.path=C:\Users\ediha\AppData\Roaming\.minecraft\versions\COUPAINGS V3 - The Space Update\natives -Dminecraft.launcher.brand=minecraft-launcher -Dminecraft.launcher.version=2.3.173 -Djava.net.preferIPv6Addresses=system -DignoreList=bootstraplauncher,securejarhandler,asm-commons,asm-util,asm-analysis,asm-tree,asm,JarJarFileSystems,client-extra,fmlcore,javafmllanguage,lowcodelanguage,mclanguage,forge-,COUPAINGS V3 - The Space Update.jar -DmergeModules=jna-5.10.0.jar,jna-platform-5.10.0.jar -DlibraryDirectory=C:\Users\ediha\AppData\Roaming\.minecraft\libraries --module-path=C:\Users\ediha\AppData\Roaming\.minecraft\libraries/cpw/mods/bootstraplauncher/1.1.2/bootstraplauncher-1.1.2.jar;C:\Users\ediha\AppData\Roaming\.minecraft\libraries/cpw/mods/securejarhandler/2.1.4/securejarhandler-2.1.4.jar;C:\Users\ediha\AppData\Roaming\.minecraft\libraries/org/ow2/asm/asm-commons/9.5/asm-commons-9.5.jar;C:\Users\ediha\AppData\Roaming\.minecraft\libraries/org/ow2/asm/asm-util/9.5/asm-util-9.5.jar;C:\Users\ediha\AppData\Roaming\.minecraft\libraries/org/ow2/asm/asm-analysis/9.5/asm-analysis-9.5.jar;C:\Users\ediha\AppData\Roaming\.minecraft\libraries/org/ow2/asm/asm-tree/9.5/asm-tree-9.5.jar;C:\Users\ediha\AppData\Roaming\.minecraft\libraries/org/ow2/asm/asm/9.5/asm-9.5.jar;C:\Users\ediha\AppData\Roaming\.minecraft\libraries/net/minecraftforge/JarJarFileSystems/0.3.16/JarJarFileSystems-0.3.16.jar --add-modules=ALL-MODULE-PATH --add-opens=java.base/java.util.jar=cpw.mods.securejarhandler --add-opens=java.base/java.lang.invoke=cpw.mods.securejarhandler --add-exports=java.base/sun.security.util=cpw.mods.securejarhandler --add-exports=jdk.naming.dns/com.sun.jndi.dns=java.naming -Xmx7517M -XX:+UnlockExperimentalVMOptions -XX:+UseG1GC -XX:G1NewSizePercent=20 -XX:G1ReservePercent=20 -XX:MaxGCPauseMillis=50 -XX:G1HeapRegionSize=32M -Dfml.ignoreInvalidMinecraftCertificates=true -Dfml.ignorePatchDiscrepancies=true -Djava.net.preferIPv4Stack=true -Dminecraft.applet.TargetDirectory=C:\Users\ediha\AppData\Roaming\.minecraft\versions\COUPAINGS V3 - The Space Update -Dlog4j.configurationFile=C:\Users\ediha\AppData\Roaming\.minecraft\assets\log_configs\client-1.12.xml -DLibLoader.modsFolder=C:\Users\ediha\AppData\Roaming\.minecraft\versions\COUPAINGS V3 - The Space Update\mods cpw.mods.bootstraplauncher.BootstrapLauncher --username NOXX --version COUPAINGS V3 - The Space Update --gameDir C:\Users\ediha\AppData\Roaming\.minecraft\versions\COUPAINGS V3 - The Space Update --assetsDir C:\Users\ediha\AppData\Roaming\.minecraft\assets --assetIndex 1.19 --uuid 38a902e05e5d4b1c8e9677d0b37b108f --accessToken null --clientId null --xuid null --userType mojang --versionType release --width 925 --height 530 --launchTarget forgeclient --fml.forgeVersion 43.3.0 --fml.mcVersion 1.19.2 --fml.forgeGroup net.minecraftforge --fml.mcpVersion 20220805.130853

Host: AMD Ryzen 5 5600H with Radeon Graphics         , 12 cores, 7G,  Windows 11 , 64 bit Build 23590 (10.0.23590.1000)
Time: Sun Nov 26 11:57:03 2023 Romance Standard Time elapsed time: 619.190762 seconds (0d 0h 10m 19s)

---------------  T H R E A D  ---------------

Current thread (0x00000236ac825520):  JavaThread "C2 CompilerThread0" daemon [_thread_in_native, id=25264, stack(0x000000ac99d00000,0x000000ac99e00000)]


Current CompileTask:
C2: 619191 57868   !   4       com.sun.jna.Native::getNativeSize (139 bytes)

Stack: [0x000000ac99d00000,0x000000ac99e00000]
Native frames: (J=compiled Java code, j=interpreted, Vv=VM code, C=native code)
V  [jvm.dll+0x6771da]
V  [jvm.dll+0x8324e4]
V  [jvm.dll+0x833c8e]
V  [jvm.dll+0x8342f3]
V  [jvm.dll+0x245815]
V  [jvm.dll+0xabf1b]
V  [jvm.dll+0xac4ac]
V  [jvm.dll+0x363982]
V  [jvm.dll+0x32dea1]
V  [jvm.dll+0x32d34a]
V  [jvm.dll+0x218771]
V  [jvm.dll+0x217b91]
V  [jvm.dll+0x1a400d]
V  [jvm.dll+0x227508]
V  [jvm.dll+0x22565c]
V  [jvm.dll+0x7e7d2c]
V  [jvm.dll+0x7e22da]
V  [jvm.dll+0x676065]
C  [ucrtbase.dll+0x29363]
C  [KERNEL32.DLL+0x1257d]
C  [ntdll.dll+0x5aa88]


---------------  P R O C E S S  ---------------

Threads class SMR info:
_java_thread_list=0x00000238c98e9080, length=85, elements={
0x00000236829de810, 0x00000236abcbeda0, 0x00000236abccbb00, 0x00000236abd11e30,
0x00000236abd126f0, 0x00000236abd12fb0, 0x00000236abd13870, 0x00000236ac825520,
0x00000236ac825a30, 0x00000236ac828b20, 0x00000236abc622d0, 0x00000236acb14110,
0x00000236aef6ee80, 0x00000236aef6fcf0, 0x00000236b2fe8b20, 0x00000236b2feb1a0,
0x00000236b2fe47c0, 0x00000236aef6e9b0, 0x00000236b4b92780, 0x00000236b4b8fc30,
0x00000236b4b92c50, 0x00000236b67d58a0, 0x00000236b67d7580, 0x00000236b67d4090,
0x00000236b67daa70, 0x00000236b67d6be0, 0x00000236b67d5d70, 0x00000236b67d7f20,
0x00000236b67d7a50, 0x00000236b67d6240, 0x00000236b67db8e0, 0x00000236b67d6710,
0x00000236b67d9730, 0x00000236b67d4560, 0x00000236b2feacd0, 0x00000236b9981f70,
0x00000236b99832b0, 0x00000236b6933bf0, 0x00000236ff2819a0, 0x00000236ff280b30,
0x00000236b67da5a0, 0x00000236b67db410, 0x000002382660fef0, 0x000002382660d3a0,
0x000002382660ced0, 0x000002382660e6e0, 0x000002382660ebb0, 0x0000023826610d60,
0x0000023826610890, 0x000002382660d870, 0x0000023826611230, 0x0000023826611700,
0x000002382660f080, 0x00000238266138b0, 0x0000023826612a40, 0x00000236b6934a60,
0x00000238751ea3c0, 0x00000238751f1740, 0x00000238751edd80, 0x0000023888bba3d0,
0x00000238efaca8e0, 0x00000236b4b94930, 0x00000236b4b8edc0, 0x00000236b9981100,
0x00000238ca726fe0, 0x00000238ca7274b0, 0x00000238ca726170, 0x00000238ca729b30,
0x00000238ca72d4f0, 0x00000238ca7356e0, 0x00000238ca735bb0, 0x00000238ca733a00,
0x00000238ca737890, 0x00000238ca734870, 0x00000238ca735210, 0x00000238ca730040,
0x00000238ca7309e0, 0x00000238ca73d400, 0x00000238ca73dda0, 0x00000238ca73ad80,
0x00000238ca73b720, 0x00000238ca73bbf0, 0x00000238ca73ca60, 0x00000237522f9b90,
0x00000237522f68f0
}

Java Threads: ( => current thread )
  0x00000236829de810 JavaThread "Render thread" [_thread_in_native, id=11868, stack(0x000000ac99000000,0x000000ac99100000)]
  0x00000236abcbeda0 JavaThread "Reference Handler" daemon [_thread_blocked, id=25308, stack(0x000000ac99700000,0x000000ac99800000)]
  0x00000236abccbb00 JavaThread "Finalizer" daemon [_thread_blocked, id=13604, stack(0x000000ac99800000,0x000000ac99900000)]
  0x00000236abd11e30 JavaThread "Signal Dispatcher" daemon [_thread_blocked, id=6364, stack(0x000000ac99900000,0x000000ac99a00000)]
  0x00000236abd126f0 JavaThread "Attach Listener" daemon [_thread_blocked, id=16560, stack(0x000000ac99a00000,0x000000ac99b00000)]
  0x00000236abd12fb0 JavaThread "Service Thread" daemon [_thread_blocked, id=20420, stack(0x000000ac99b00000,0x000000ac99c00000)]
  0x00000236abd13870 JavaThread "Monitor Deflation Thread" daemon [_thread_blocked, id=25844, stack(0x000000ac99c00000,0x000000ac99d00000)]
=>0x00000236ac825520 JavaThread "C2 CompilerThread0" daemon [_thread_in_native, id=25264, stack(0x000000ac99d00000,0x000000ac99e00000)]
  0x00000236ac825a30 JavaThread "C1 CompilerThread0" daemon [_thread_blocked, id=5176, stack(0x000000ac99e00000,0x000000ac99f00000)]
  0x00000236ac828b20 JavaThread "Sweeper thread" daemon [_thread_in_vm, id=11440, stack(0x000000ac99f00000,0x000000ac9a000000)]
  0x00000236abc622d0 JavaThread "Common-Cleaner" daemon [_thread_blocked, id=23600, stack(0x000000ac9a000000,0x000000ac9a100000)]
  0x00000236acb14110 JavaThread "Notification Thread" daemon [_thread_blocked, id=16888, stack(0x000000ac9a200000,0x000000ac9a300000)]
  0x00000236aef6ee80 JavaThread "Thread-0" daemon [_thread_blocked, id=26032, stack(0x000000ac9aa00000,0x000000ac9ab00000)]
  0x00000236aef6fcf0 JavaThread "FileSystemWatchService" daemon [_thread_in_native, id=20208, stack(0x000000ac9b100000,0x000000ac9b200000)]
  0x00000236b2fe8b20 JavaThread "Timer hack thread" daemon [_thread_blocked, id=9976, stack(0x000000ac9b600000,0x000000ac9b700000)]
  0x00000236b2feb1a0 JavaThread "modloading-worker-0" daemon [_thread_blocked, id=28836, stack(0x000000ac9b200000,0x000000ac9b300000)]
  0x00000236b2fe47c0 JavaThread "modloading-worker-0" daemon [_thread_blocked, id=13008, stack(0x000000ac9bf00000,0x000000ac9c000000)]
  0x00000236aef6e9b0 JavaThread "modloading-worker-0" daemon [_thread_blocked, id=21188, stack(0x000000ac9c200000,0x000000ac9c300000)]
  0x00000236b4b92780 JavaThread "Java Sound Event Dispatcher" daemon [_thread_blocked, id=26336, stack(0x000000ac9cb00000,0x000000ac9cc00000)]
  0x00000236b4b8fc30 JavaThread "Direct Clip" daemon [_thread_blocked, id=4688, stack(0x000000ac9ce00000,0x000000ac9cf00000)]
  0x00000236b4b92c50 JavaThread "Java2D Disposer" daemon [_thread_blocked, id=22296, stack(0x000000ac9d100000,0x000000ac9d200000)]
  0x00000236b67d58a0 JavaThread "Worker-Main-1" daemon [_thread_blocked, id=22064, stack(0x000000ac9b900000,0x000000ac9ba00000)]
  0x00000236b67d7580 JavaThread "FileSystemWatchService" daemon [_thread_in_native, id=7748, stack(0x000000ac9a400000,0x000000ac9a500000)]
  0x00000236b67d4090 JavaThread "FileSystemWatchService" daemon [_thread_in_native, id=22432, stack(0x000000ac9d200000,0x000000ac9d300000)]
  0x00000236b67daa70 JavaThread "Worker-Main-2" daemon [_thread_blocked, id=10964, stack(0x000000ac9d300000,0x000000ac9d400000)]
  0x00000236b67d6be0 JavaThread "Worker-Main-3" daemon [_thread_blocked, id=21868, stack(0x000000ac9d500000,0x000000ac9d600000)]
  0x00000236b67d5d70 JavaThread "Worker-Main-4" daemon [_thread_blocked, id=29364, stack(0x000000ac9d600000,0x000000ac9d700000)]
  0x00000236b67d7f20 JavaThread "Worker-Main-5" daemon [_thread_blocked, id=4340, stack(0x000000ac9d700000,0x000000ac9d800000)]
  0x00000236b67d7a50 JavaThread "Worker-Main-6" daemon [_thread_blocked, id=10196, stack(0x000000ac9d800000,0x000000ac9d900000)]
  0x00000236b67d6240 JavaThread "Worker-Main-7" daemon [_thread_blocked, id=24268, stack(0x000000ac9d900000,0x000000ac9da00000)]
  0x00000236b67db8e0 JavaThread "Worker-Main-8" daemon [_thread_blocked, id=748, stack(0x000000ac9da00000,0x000000ac9db00000)]
  0x00000236b67d6710 JavaThread "Worker-Main-9" daemon [_thread_blocked, id=2784, stack(0x000000ac9db00000,0x000000ac9dc00000)]
  0x00000236b67d9730 JavaThread "Worker-Main-10" daemon [_thread_blocked, id=24600, stack(0x000000ac9dc00000,0x000000ac9dd00000)]
  0x00000236b67d4560 JavaThread "Worker-Main-11" daemon [_thread_blocked, id=22348, stack(0x000000ac9dd00000,0x000000ac9de00000)]
  0x00000236b2feacd0 JavaThread "ConfigSaver" daemon [_thread_blocked, id=7280, stack(0x000000ac9e100000,0x000000ac9e200000)]
  0x00000236b9981f70 JavaThread "Thread-14" daemon [_thread_blocked, id=11604, stack(0x000000ac9df00000,0x000000ac9e000000)]
  0x00000236b99832b0 JavaThread "Thread-16" daemon [_thread_blocked, id=12468, stack(0x000000ac9e500000,0x000000ac9e600000)]
  0x00000236b6933bf0 JavaThread "Thread-25" daemon [_thread_in_native, id=980, stack(0x000000ac9e800000,0x000000ac9e900000)]
  0x00000236ff2819a0 JavaThread "Netty Client IO #0" daemon [_thread_in_native, id=3840, stack(0x000000ac9ec00000,0x000000ac9ed00000)]
  0x00000236ff280b30 JavaThread "Netty Client IO #1" daemon [_thread_in_native, id=15964, stack(0x000000ac9e900000,0x000000ac9ea00000)]
  0x00000236b67da5a0 JavaThread "Server thread" [_thread_in_Java, id=20088, stack(0x000000ac9cf00000,0x000000ac9d000000)]
  0x00000236b67db410 JavaThread "FileSystemWatchService" daemon [_thread_in_native, id=17652, stack(0x000000ac9ed00000,0x000000ac9ee00000)]
  0x000002382660fef0 JavaThread "Netty Client IO #2" daemon [_thread_in_native, id=28260, stack(0x000000ac9e600000,0x000000ac9e700000)]
  0x000002382660d3a0 JavaThread "Netty Server IO #0" daemon [_thread_in_native, id=26860, stack(0x000000ac9ea00000,0x000000ac9eb00000)]
  0x000002382660ced0 JavaThread "Netty Local Client IO #0" daemon [_thread_blocked, id=4084, stack(0x000000ac9f100000,0x000000ac9f200000)]
  0x000002382660e6e0 JavaThread "Netty Server IO #1" daemon [_thread_in_native, id=9540, stack(0x000000ac9f200000,0x000000ac9f300000)]
  0x000002382660ebb0 JavaThread "Sound engine" daemon [_thread_blocked, id=4416, stack(0x000000ac9f300000,0x000000ac9f400000)]
  0x0000023826610d60 JavaThread "Flywheel 0" [_thread_blocked, id=12128, stack(0x000000ac9eb00000,0x000000ac9ec00000)]
  0x0000023826610890 JavaThread "Flywheel 1" [_thread_blocked, id=19800, stack(0x000000ac9f400000,0x000000ac9f500000)]
  0x000002382660d870 JavaThread "Flywheel 2" [_thread_blocked, id=17560, stack(0x000000ac9f500000,0x000000ac9f600000)]
  0x0000023826611230 JavaThread "Flywheel 3" [_thread_blocked, id=28244, stack(0x000000ac9f600000,0x000000ac9f700000)]
  0x0000023826611700 JavaThread "Flywheel 4" [_thread_blocked, id=19004, stack(0x000000ac9f700000,0x000000ac9f800000)]
  0x000002382660f080 JavaThread "Flywheel 5" [_thread_blocked, id=21292, stack(0x000000ac9f800000,0x000000ac9f900000)]
  0x00000238266138b0 JavaThread "JEI Library Config file watcher" daemon [_thread_blocked, id=23300, stack(0x000000ac9c100000,0x000000ac9c200000)]
  0x0000023826612a40 JavaThread "JEI GUI Config file watcher" daemon [_thread_blocked, id=29436, stack(0x000000ac9fb00000,0x000000ac9fc00000)]
  0x00000236b6934a60 JavaThread "pool-8-thread-1" daemon [_thread_blocked, id=29200, stack(0x000000ac9fa00000,0x000000ac9fb00000)]
  0x00000238751ea3c0 JavaThread "JM-texture-2" [_thread_blocked, id=18408, stack(0x000000ac9ff00000,0x000000aca0000000)]
  0x00000238751f1740 JavaThread "JM-texture-3" [_thread_blocked, id=10764, stack(0x000000aca0000000,0x000000aca0100000)]
  0x00000238751edd80 JavaThread "JM-task-4" [_thread_blocked, id=5848, stack(0x000000aca0100000,0x000000aca0200000)]
  0x0000023888bba3d0 JavaThread "Netty Client IO #3" daemon [_thread_in_native, id=22772, stack(0x000000aca0300000,0x000000aca0400000)]
  0x00000238efaca8e0 JavaThread "IO-Worker-24" [_thread_blocked, id=16928, stack(0x000000ac9c600000,0x000000ac9c700000)]
  0x00000236b4b94930 JavaThread "ForkJoinPool.commonPool-worker-1" daemon [_thread_blocked, id=29680, stack(0x000000ac9c700000,0x000000ac9c800000)]
  0x00000236b4b8edc0 JavaThread "ForkJoinPool.commonPool-worker-2" daemon [_thread_blocked, id=2924, stack(0x000000aca0800000,0x000000aca0900000)]
  0x00000236b9981100 JavaThread "ForkJoinPool.commonPool-worker-6" daemon [_thread_blocked, id=26500, stack(0x000000aca0c00000,0x000000aca0d00000)]
  0x00000238ca726fe0 JavaThread "ForkJoinPool.commonPool-worker-8" daemon [_thread_blocked, id=26600, stack(0x000000aca0e00000,0x000000aca0f00000)]
  0x00000238ca7274b0 JavaThread "ForkJoinPool.commonPool-worker-9" daemon [_thread_blocked, id=29620, stack(0x000000aca0f00000,0x000000aca1000000)]
  0x00000238ca726170 JavaThread "ForkJoinPool.commonPool-worker-10" daemon [_thread_blocked, id=27852, stack(0x000000aca1000000,0x000000aca1100000)]
  0x00000238ca729b30 JavaThread "ForkJoinPool.commonPool-worker-11" daemon [_thread_blocked, id=1888, stack(0x000000aca1100000,0x000000aca1200000)]
  0x00000238ca72d4f0 JavaThread "IO-Worker-42" [_thread_blocked, id=10128, stack(0x000000ac9b300000,0x000000ac9b400000)]
  0x00000238ca7356e0 JavaThread "IO-Worker-45" [_thread_blocked, id=20624, stack(0x000000ac9c300000,0x000000ac9c400000)]
  0x00000238ca735bb0 JavaThread "IO-Worker-46" [_thread_blocked, id=24772, stack(0x000000ac9c500000,0x000000ac9c600000)]
  0x00000238ca733a00 JavaThread "IO-Worker-49" [_thread_blocked, id=20484, stack(0x000000ac9b500000,0x000000ac9b600000)]
  0x00000238ca737890 JavaThread "IO-Worker-50" [_thread_blocked, id=27540, stack(0x000000ac9b800000,0x000000ac9b900000)]
  0x00000238ca734870 JavaThread "IO-Worker-51" [_thread_blocked, id=24336, stack(0x000000ac9be00000,0x000000ac9bf00000)]
  0x00000238ca735210 JavaThread "IO-Worker-52" [_thread_blocked, id=27264, stack(0x000000ac9c400000,0x000000ac9c500000)]
  0x00000238ca730040 JavaThread "IO-Worker-53" [_thread_blocked, id=26560, stack(0x000000ac9c800000,0x000000ac9c900000)]
  0x00000238ca7309e0 JavaThread "IO-Worker-54" [_thread_blocked, id=12720, stack(0x000000ac9de00000,0x000000ac9df00000)]
  0x00000238ca73d400 JavaThread "IO-Worker-55" [_thread_blocked, id=18932, stack(0x000000ac9ee00000,0x000000ac9ef00000)]
  0x00000238ca73dda0 JavaThread "IO-Worker-56" [_thread_blocked, id=19076, stack(0x000000ac9ef00000,0x000000ac9f000000)]
  0x00000238ca73ad80 JavaThread "IO-Worker-57" [_thread_blocked, id=25560, stack(0x000000ac9f000000,0x000000ac9f100000)]
  0x00000238ca73b720 JavaThread "IO-Worker-58" [_thread_blocked, id=6000, stack(0x000000ac9f900000,0x000000ac9fa00000)]
  0x00000238ca73bbf0 JavaThread "IO-Worker-59" [_thread_blocked, id=19048, stack(0x000000ac9fc00000,0x000000ac9fd00000)]
  0x00000238ca73ca60 JavaThread "IO-Worker-60" [_thread_blocked, id=2848, stack(0x000000aca0200000,0x000000aca0300000)]
  0x00000237522f9b90 JavaThread "C2 CompilerThread1" daemon [_thread_blocked, id=13400, stack(0x000000ac9c000000,0x000000ac9c100000)]
  0x00000237522f68f0 JavaThread "C2 CompilerThread2" daemon [_thread_blocked, id=13964, stack(0x000000aca0400000,0x000000aca0500000)]

Other Threads:
  0x00000236abcea020 VMThread "VM Thread" [stack: 0x000000ac99600000,0x000000ac99700000] [id=4952]
  0x0000023684d365d0 WatcherThread [stack: 0x000000ac9a300000,0x000000ac9a400000] [id=15012]
  0x0000023684d15330 GCTaskThread "GC Thread#0" [stack: 0x000000ac99100000,0x000000ac99200000] [id=1336]
  0x00000236ad178120 GCTaskThread "GC Thread#1" [stack: 0x000000ac9a500000,0x000000ac9a600000] [id=15420]
  0x00000236add83870 GCTaskThread "GC Thread#2" [stack: 0x000000ac9a600000,0x000000ac9a700000] [id=14332]
  0x00000236adce6310 GCTaskThread "GC Thread#3" [stack: 0x000000ac9a700000,0x000000ac9a800000] [id=13244]
  0x00000236ad0bf590 GCTaskThread "GC Thread#4" [stack: 0x000000ac9a800000,0x000000ac9a900000] [id=25804]
  0x00000236adc3c080 GCTaskThread "GC Thread#5" [stack: 0x000000ac9a900000,0x000000ac9aa00000] [id=12520]
  0x00000236b07324c0 GCTaskThread "GC Thread#6" [stack: 0x000000ac9ab00000,0x000000ac9ac00000] [id=13432]
  0x00000236b08c37a0 GCTaskThread "GC Thread#7" [stack: 0x000000ac9ac00000,0x000000ac9ad00000] [id=1728]
  0x00000236afa8b3b0 GCTaskThread "GC Thread#8" [stack: 0x000000ac9ad00000,0x000000ac9ae00000] [id=18368]
  0x00000236ad38fd10 GCTaskThread "GC Thread#9" [stack: 0x000000ac9ae00000,0x000000ac9af00000] [id=18616]
  0x0000023684d18670 ConcurrentGCThread "G1 Main Marker" [stack: 0x000000ac99200000,0x000000ac99300000] [id=6188]
  0x0000023684d18f90 ConcurrentGCThread "G1 Conc#0" [stack: 0x000000ac99300000,0x000000ac99400000] [id=27612]
  0x00000236af967d00 ConcurrentGCThread "G1 Conc#1" [stack: 0x000000ac9af00000,0x000000ac9b000000] [id=15856]
  0x00000236af9bd880 ConcurrentGCThread "G1 Conc#2" [stack: 0x000000ac9b000000,0x000000ac9b100000] [id=15552]
  0x0000023684d4fb50 ConcurrentGCThread "G1 Refine#0" [stack: 0x000000ac99400000,0x000000ac99500000] [id=912]
  0x00000236b09dfe60 ConcurrentGCThread "G1 Refine#1" [stack: 0x000000ac9b700000,0x000000ac9b800000] [id=28952]
  0x00000236b09e0700 ConcurrentGCThread "G1 Refine#2" [stack: 0x000000ac9d000000,0x000000ac9d100000] [id=26428]
  0x00000236b4fc99c0 ConcurrentGCThread "G1 Refine#3" [stack: 0x000000ac9e200000,0x000000ac9e300000] [id=16548]
  0x00000236b09e0140 ConcurrentGCThread "G1 Refine#4" [stack: 0x000000ac9e300000,0x000000ac9e400000] [id=13508]
  0x00000236b09e0420 ConcurrentGCThread "G1 Refine#5" [stack: 0x000000ac9e400000,0x000000ac9e500000] [id=18168]
  0x00000236b16baa90 ConcurrentGCThread "G1 Refine#6" [stack: 0x000000ac9d400000,0x000000ac9d500000] [id=10028]
  0x00000236b16bc750 ConcurrentGCThread "G1 Refine#7" [stack: 0x000000ac9e700000,0x000000ac9e800000] [id=18792]
  0x00000236b16bd2d0 ConcurrentGCThread "G1 Refine#8" [stack: 0x000000ac9e000000,0x000000ac9e100000] [id=4884]
  0x00000236fa117cc0 ConcurrentGCThread "G1 Refine#9" [stack: 0x000000ac98e00000,0x000000ac98f00000] [id=4336]
  0x0000023684d50480 ConcurrentGCThread "G1 Service" [stack: 0x000000ac99500000,0x000000ac99600000] [id=1756]

Threads with active compile tasks:
C2 CompilerThread0   619271 57868   !   4       com.sun.jna.Native::getNativeSize (139 bytes)

VM state: not at safepoint (normal execution)

VM Mutex/Monitor currently owned by a thread:  ([mutex/lock_event])
[0x00000236829da020] CodeCache_lock - owner thread: 0x0000000000000000

Heap address: 0x000000062a000000, size: 7520 MB, Compressed Oops mode: Zero based, Oop shift amount: 3

CDS archive(s) not mapped
Compressed class space mapped at: 0x0000000800000000-0x0000000840000000, reserved size: 1073741824
Narrow klass base: 0x0000000800000000, Narrow klass shift: 0, Narrow klass range: 0x40000000

GC Precious Log:
 CPUs: 12 total, 12 available
 Memory: 7519M
 Large Page Support: Disabled
 NUMA Support: Disabled
 Compressed Oops: Enabled (Zero based)
 Heap Region Size: 32M
 Heap Min Capacity: 32M
 Heap Initial Capacity: 128M
 Heap Max Capacity: 7520M
 Pre-touch: Disabled
 Parallel Workers: 10
 Concurrent Workers: 3
 Concurrent Refinement Workers: 10
 Periodic GC: Disabled

Heap:
 garbage-first heap   total 7700480K, used 4451188K [0x000000062a000000, 0x0000000800000000)
  region size 32768K, 41 young (1343488K), 3 survivors (98304K)
 Metaspace       used 264023K, committed 266304K, reserved 1277952K
  class space    used 40872K, committed 41920K, reserved 1048576K

Heap Regions: E=young(eden), S=young(survivor), O=old, HS=humongous(starts), HC=humongous(continues), CS=collection set, F=free, OA=open archive, CA=closed archive, TAMS=top-at-mark-start (previous, next)
|   0|0x000000062a000000, 0x000000062c000000, 0x000000062c000000|100%| O|  |TAMS 0x000000062c000000, 0x000000062a000000| Untracked 
|   1|0x000000062c000000, 0x000000062e000000, 0x000000062e000000|100%| O|  |TAMS 0x000000062e000000, 0x000000062c000000| Untracked 
|   2|0x000000062e000000, 0x0000000630000000, 0x0000000630000000|100%| O|  |TAMS 0x0000000630000000, 0x000000062e000000| Untracked 
|   3|0x0000000630000000, 0x0000000632000000, 0x0000000632000000|100%| O|  |TAMS 0x0000000632000000, 0x0000000630000000| Untracked 
|   4|0x0000000632000000, 0x0000000634000000, 0x0000000634000000|100%| O|  |TAMS 0x0000000634000000, 0x0000000632000000| Untracked 
|   5|0x0000000634000000, 0x00000006353fe200, 0x0000000636000000| 62%| O|  |TAMS 0x00000006353fe200, 0x0000000634000000| Untracked 
|   6|0x0000000636000000, 0x0000000638000000, 0x0000000638000000|100%| O|  |TAMS 0x0000000638000000, 0x0000000636000000| Untracked 
|   7|0x0000000638000000, 0x000000063a000000, 0x000000063a000000|100%| O|  |TAMS 0x000000063a000000, 0x0000000638000000| Untracked 
|   8|0x000000063a000000, 0x000000063c000000, 0x000000063c000000|100%| O|  |TAMS 0x000000063c000000, 0x000000063a000000| Untracked 
|   9|0x000000063c000000, 0x000000063e000000, 0x000000063e000000|100%| O|  |TAMS 0x000000063e000000, 0x000000063c000000| Untracked 
|  10|0x000000063e000000, 0x0000000640000000, 0x0000000640000000|100%| O|  |TAMS 0x0000000640000000, 0x000000063e000000| Untracked 
|  11|0x0000000640000000, 0x0000000642000000, 0x0000000642000000|100%| O|  |TAMS 0x0000000642000000, 0x0000000640000000| Untracked 
|  12|0x0000000642000000, 0x0000000644000000, 0x0000000644000000|100%| O|  |TAMS 0x0000000644000000, 0x0000000642000000| Untracked 
|  13|0x0000000644000000, 0x0000000646000000, 0x0000000646000000|100%| O|  |TAMS 0x0000000646000000, 0x0000000644000000| Untracked 
|  14|0x0000000646000000, 0x0000000648000000, 0x0000000648000000|100%| O|  |TAMS 0x0000000648000000, 0x0000000646000000| Untracked 
|  15|0x0000000648000000, 0x000000064a000000, 0x000000064a000000|100%| O|  |TAMS 0x000000064a000000, 0x0000000648000000| Untracked 
|  16|0x000000064a000000, 0x000000064c000000, 0x000000064c000000|100%| O|  |TAMS 0x000000064c000000, 0x000000064a000000| Untracked 
|  17|0x000000064c000000, 0x000000064e000000, 0x000000064e000000|100%| O|  |TAMS 0x000000064e000000, 0x000000064c000000| Untracked 
|  18|0x000000064e000000, 0x0000000650000000, 0x0000000650000000|100%| O|  |TAMS 0x0000000650000000, 0x000000064e000000| Untracked 
|  19|0x0000000650000000, 0x0000000652000000, 0x0000000652000000|100%| O|  |TAMS 0x0000000652000000, 0x0000000650000000| Untracked 
|  20|0x0000000652000000, 0x0000000654000000, 0x0000000654000000|100%| O|  |TAMS 0x0000000654000000, 0x0000000652000000| Untracked 
|  21|0x0000000654000000, 0x0000000656000000, 0x0000000656000000|100%| O|  |TAMS 0x0000000656000000, 0x0000000654000000| Untracked 
|  22|0x0000000656000000, 0x0000000658000000, 0x0000000658000000|100%| O|  |TAMS 0x0000000658000000, 0x0000000656000000| Untracked 
|  23|0x0000000658000000, 0x000000065a000000, 0x000000065a000000|100%| O|  |TAMS 0x000000065a000000, 0x0000000658000000| Untracked 
|  24|0x000000065a000000, 0x000000065c000000, 0x000000065c000000|100%| O|  |TAMS 0x000000065c000000, 0x000000065a000000| Untracked 
|  25|0x000000065c000000, 0x000000065e000000, 0x000000065e000000|100%| O|  |TAMS 0x000000065e000000, 0x000000065c000000| Untracked 
|  26|0x000000065e000000, 0x0000000660000000, 0x0000000660000000|100%| O|  |TAMS 0x0000000660000000, 0x000000065e000000| Untracked 
|  27|0x0000000660000000, 0x0000000662000000, 0x0000000662000000|100%| O|  |TAMS 0x0000000662000000, 0x0000000660000000| Untracked 
|  28|0x0000000662000000, 0x0000000664000000, 0x0000000664000000|100%| O|  |TAMS 0x0000000664000000, 0x0000000662000000| Untracked 
|  29|0x0000000664000000, 0x0000000666000000, 0x0000000666000000|100%| O|  |TAMS 0x0000000666000000, 0x0000000664000000| Untracked 
|  30|0x0000000666000000, 0x0000000668000000, 0x0000000668000000|100%| O|  |TAMS 0x0000000668000000, 0x0000000666000000| Untracked 
|  31|0x0000000668000000, 0x000000066a000000, 0x000000066a000000|100%| O|  |TAMS 0x000000066a000000, 0x0000000668000000| Untracked 
|  32|0x000000066a000000, 0x000000066c000000, 0x000000066c000000|100%| O|  |TAMS 0x000000066c000000, 0x000000066a000000| Untracked 
|  33|0x000000066c000000, 0x000000066e000000, 0x000000066e000000|100%| O|  |TAMS 0x000000066e000000, 0x000000066c000000| Untracked 
|  34|0x000000066e000000, 0x0000000670000000, 0x0000000670000000|100%| O|  |TAMS 0x0000000670000000, 0x000000066e000000| Untracked 
|  35|0x0000000670000000, 0x0000000672000000, 0x0000000672000000|100%| O|  |TAMS 0x0000000672000000, 0x0000000670000000| Untracked 
|  36|0x0000000672000000, 0x0000000674000000, 0x0000000674000000|100%| O|  |TAMS 0x0000000674000000, 0x0000000672000000| Untracked 
|  37|0x0000000674000000, 0x0000000676000000, 0x0000000676000000|100%| O|  |TAMS 0x0000000676000000, 0x0000000674000000| Untracked 
|  38|0x0000000676000000, 0x0000000678000000, 0x0000000678000000|100%| O|  |TAMS 0x0000000678000000, 0x0000000676000000| Untracked 
|  39|0x0000000678000000, 0x000000067a000000, 0x000000067a000000|100%| O|  |TAMS 0x000000067a000000, 0x0000000678000000| Untracked 
|  40|0x000000067a000000, 0x000000067c000000, 0x000000067c000000|100%| O|  |TAMS 0x000000067c000000, 0x000000067a000000| Untracked 
|  41|0x000000067c000000, 0x000000067e000000, 0x000000067e000000|100%| O|  |TAMS 0x000000067e000000, 0x000000067c000000| Untracked 
|  42|0x000000067e000000, 0x0000000680000000, 0x0000000680000000|100%| O|  |TAMS 0x0000000680000000, 0x000000067e000000| Untracked 
|  43|0x0000000680000000, 0x0000000682000000, 0x0000000682000000|100%| O|  |TAMS 0x0000000682000000, 0x0000000680000000| Untracked 
|  44|0x0000000682000000, 0x0000000684000000, 0x0000000684000000|100%| O|  |TAMS 0x0000000684000000, 0x0000000682000000| Untracked 
|  45|0x0000000684000000, 0x0000000686000000, 0x0000000686000000|100%| O|  |TAMS 0x0000000686000000, 0x0000000684000000| Untracked 
|  46|0x0000000686000000, 0x0000000688000000, 0x0000000688000000|100%| O|  |TAMS 0x0000000688000000, 0x0000000686000000| Untracked 
|  47|0x0000000688000000, 0x000000068a000000, 0x000000068a000000|100%| O|  |TAMS 0x000000068a000000, 0x0000000688000000| Untracked 
|  48|0x000000068a000000, 0x000000068c000000, 0x000000068c000000|100%| O|  |TAMS 0x000000068c000000, 0x000000068a000000| Untracked 
|  49|0x000000068c000000, 0x000000068e000000, 0x000000068e000000|100%| O|  |TAMS 0x000000068e000000, 0x000000068c000000| Untracked 
|  50|0x000000068e000000, 0x0000000690000000, 0x0000000690000000|100%| O|  |TAMS 0x0000000690000000, 0x000000068e000000| Untracked 
|  51|0x0000000690000000, 0x0000000692000000, 0x0000000692000000|100%| O|  |TAMS 0x0000000692000000, 0x0000000690000000| Untracked 
|  52|0x0000000692000000, 0x0000000694000000, 0x0000000694000000|100%| O|  |TAMS 0x0000000694000000, 0x0000000692000000| Untracked 
|  53|0x0000000694000000, 0x0000000696000000, 0x0000000696000000|100%| O|  |TAMS 0x0000000696000000, 0x0000000694000000| Untracked 
|  54|0x0000000696000000, 0x0000000698000000, 0x0000000698000000|100%| O|  |TAMS 0x0000000698000000, 0x0000000696000000| Untracked 
|  55|0x0000000698000000, 0x000000069a000000, 0x000000069a000000|100%| O|  |TAMS 0x000000069a000000, 0x0000000698000000| Untracked 
|  56|0x000000069a000000, 0x000000069c000000, 0x000000069c000000|100%| O|  |TAMS 0x000000069c000000, 0x000000069a000000| Untracked 
|  57|0x000000069c000000, 0x000000069e000000, 0x000000069e000000|100%| O|  |TAMS 0x000000069e000000, 0x000000069c000000| Untracked 
|  58|0x000000069e000000, 0x00000006a0000000, 0x00000006a0000000|100%| O|  |TAMS 0x00000006a0000000, 0x000000069e000000| Untracked 
|  59|0x00000006a0000000, 0x00000006a2000000, 0x00000006a2000000|100%| O|  |TAMS 0x00000006a2000000, 0x00000006a0000000| Untracked 
|  60|0x00000006a2000000, 0x00000006a4000000, 0x00000006a4000000|100%| O|  |TAMS 0x00000006a4000000, 0x00000006a2000000| Complete 
|  61|0x00000006a4000000, 0x00000006a4000000, 0x00000006a6000000|  0%| F|  |TAMS 0x00000006a4000000, 0x00000006a4000000| Untracked 
|  62|0x00000006a6000000, 0x00000006a8000000, 0x00000006a8000000|100%| O|  |TAMS 0x00000006a8000000, 0x00000006a6000000| Untracked 
|  63|0x00000006a8000000, 0x00000006aa000000, 0x00000006aa000000|100%| O|  |TAMS 0x00000006aa000000, 0x00000006a8000000| Untracked 
|  64|0x00000006aa000000, 0x00000006ac000000, 0x00000006ac000000|100%| O|  |TAMS 0x00000006ac000000, 0x00000006aa000000| Untracked 
|  65|0x00000006ac000000, 0x00000006ae000000, 0x00000006ae000000|100%| O|  |TAMS 0x00000006ae000000, 0x00000006ac000000| Untracked 
|  66|0x00000006ae000000, 0x00000006b0000000, 0x00000006b0000000|100%| O|  |TAMS 0x00000006b0000000, 0x00000006ae000000| Untracked 
|  67|0x00000006b0000000, 0x00000006b2000000, 0x00000006b2000000|100%| O|  |TAMS 0x00000006b2000000, 0x00000006b0000000| Untracked 
|  68|0x00000006b2000000, 0x00000006b4000000, 0x00000006b4000000|100%| O|  |TAMS 0x00000006b4000000, 0x00000006b2000000| Untracked 
|  69|0x00000006b4000000, 0x00000006b6000000, 0x00000006b6000000|100%| O|  |TAMS 0x00000006b6000000, 0x00000006b4000000| Untracked 
|  70|0x00000006b6000000, 0x00000006b8000000, 0x00000006b8000000|100%| O|  |TAMS 0x00000006b8000000, 0x00000006b6000000| Untracked 
|  71|0x00000006b8000000, 0x00000006ba000000, 0x00000006ba000000|100%| O|  |TAMS 0x00000006ba000000, 0x00000006b8000000| Untracked 
|  72|0x00000006ba000000, 0x00000006bc000000, 0x00000006bc000000|100%| O|  |TAMS 0x00000006bc000000, 0x00000006ba000000| Untracked 
|  73|0x00000006bc000000, 0x00000006be000000, 0x00000006be000000|100%| O|  |TAMS 0x00000006be000000, 0x00000006bc000000| Untracked 
|  74|0x00000006be000000, 0x00000006c0000000, 0x00000006c0000000|100%| O|  |TAMS 0x00000006c0000000, 0x00000006be000000| Untracked 
|  75|0x00000006c0000000, 0x00000006c2000000, 0x00000006c2000000|100%| O|  |TAMS 0x00000006c2000000, 0x00000006c0000000| Untracked 
|  76|0x00000006c2000000, 0x00000006c4000000, 0x00000006c4000000|100%| O|  |TAMS 0x00000006c4000000, 0x00000006c2000000| Untracked 
|  77|0x00000006c4000000, 0x00000006c6000000, 0x00000006c6000000|100%| O|  |TAMS 0x00000006c6000000, 0x00000006c4000000| Untracked 
|  78|0x00000006c6000000, 0x00000006c8000000, 0x00000006c8000000|100%| O|  |TAMS 0x00000006c8000000, 0x00000006c6000000| Untracked 
|  79|0x00000006c8000000, 0x00000006ca000000, 0x00000006ca000000|100%| O|  |TAMS 0x00000006ca000000, 0x00000006c8000000| Untracked 
|  80|0x00000006ca000000, 0x00000006cc000000, 0x00000006cc000000|100%| O|  |TAMS 0x00000006cc000000, 0x00000006ca000000| Untracked 
|  81|0x00000006cc000000, 0x00000006ce000000, 0x00000006ce000000|100%| O|  |TAMS 0x00000006ce000000, 0x00000006cc000000| Untracked 
|  82|0x00000006ce000000, 0x00000006d0000000, 0x00000006d0000000|100%| O|  |TAMS 0x00000006d0000000, 0x00000006ce000000| Untracked 
|  83|0x00000006d0000000, 0x00000006d1c63800, 0x00000006d2000000| 88%| O|  |TAMS 0x00000006d10a4800, 0x00000006d0000000| Untracked 
|  84|0x00000006d2000000, 0x00000006d2000000, 0x00000006d4000000|  0%| F|  |TAMS 0x00000006d2000000, 0x00000006d2000000| Untracked 
|  85|0x00000006d4000000, 0x00000006d4000000, 0x00000006d6000000|  0%| F|  |TAMS 0x00000006d4000000, 0x00000006d4000000| Untracked 
|  86|0x00000006d6000000, 0x00000006d8000000, 0x00000006d8000000|100%| O|  |TAMS 0x00000006d8000000, 0x00000006d6000000| Complete 
|  87|0x00000006d8000000, 0x00000006d8000000, 0x00000006da000000|  0%| F|  |TAMS 0x00000006d8000000, 0x00000006d8000000| Untracked 
|  88|0x00000006da000000, 0x00000006da000000, 0x00000006dc000000|  0%| F|  |TAMS 0x00000006da000000, 0x00000006da000000| Untracked 
|  89|0x00000006dc000000, 0x00000006dc000000, 0x00000006de000000|  0%| F|  |TAMS 0x00000006dc000000, 0x00000006dc000000| Untracked 
|  90|0x00000006de000000, 0x00000006de000000, 0x00000006e0000000|  0%| F|  |TAMS 0x00000006de000000, 0x00000006de000000| Untracked 
|  91|0x00000006e0000000, 0x00000006e0000000, 0x00000006e2000000|  0%| F|  |TAMS 0x00000006e0000000, 0x00000006e0000000| Untracked 
|  92|0x00000006e2000000, 0x00000006e2000000, 0x00000006e4000000|  0%| F|  |TAMS 0x00000006e2000000, 0x00000006e2000000| Untracked 
|  93|0x00000006e4000000, 0x00000006e6000000, 0x00000006e6000000|100%| O|  |TAMS 0x00000006e6000000, 0x00000006e4000000| Untracked 
|  94|0x00000006e6000000, 0x00000006e6000000, 0x00000006e8000000|  0%| F|  |TAMS 0x00000006e6000000, 0x00000006e6000000| Untracked 
|  95|0x00000006e8000000, 0x00000006e8000000, 0x00000006ea000000|  0%| F|  |TAMS 0x00000006e8000000, 0x00000006e8000000| Untracked 
|  96|0x00000006ea000000, 0x00000006ea000000, 0x00000006ec000000|  0%| F|  |TAMS 0x00000006ea000000, 0x00000006ea000000| Untracked 
|  97|0x00000006ec000000, 0x00000006ee000000, 0x00000006ee000000|100%| O|  |TAMS 0x00000006ee000000, 0x00000006ec000000| Untracked 
|  98|0x00000006ee000000, 0x00000006f0000000, 0x00000006f0000000|100%| O|  |TAMS 0x00000006f0000000, 0x00000006ee000000| Untracked 
|  99|0x00000006f0000000, 0x00000006f0000000, 0x00000006f2000000|  0%| F|  |TAMS 0x00000006f0000000, 0x00000006f0000000| Untracked 
| 100|0x00000006f2000000, 0x00000006f4000000, 0x00000006f4000000|100%| O|  |TAMS 0x00000006f4000000, 0x00000006f2000000| Untracked 
| 101|0x00000006f4000000, 0x00000006f4000000, 0x00000006f6000000|  0%| F|  |TAMS 0x00000006f4000000, 0x00000006f4000000| Untracked 
| 102|0x00000006f6000000, 0x00000006f8000000, 0x00000006f8000000|100%| O|  |TAMS 0x00000006f8000000, 0x00000006f6000000| Untracked 
| 103|0x00000006f8000000, 0x00000006fa000000, 0x00000006fa000000|100%| O|  |TAMS 0x00000006fa000000, 0x00000006f8000000| Untracked 
| 104|0x00000006fa000000, 0x00000006fc000000, 0x00000006fc000000|100%| O|  |TAMS 0x00000006fc000000, 0x00000006fa000000| Untracked 
| 105|0x00000006fc000000, 0x00000006fe000000, 0x00000006fe000000|100%| O|  |TAMS 0x00000006fe000000, 0x00000006fc000000| Untracked 
| 106|0x00000006fe000000, 0x0000000700000000, 0x0000000700000000|100%| O|  |TAMS 0x0000000700000000, 0x00000006fe000000| Untracked 
| 107|0x0000000700000000, 0x0000000702000000, 0x0000000702000000|100%| O|  |TAMS 0x0000000702000000, 0x0000000700000000| Untracked 
| 108|0x0000000702000000, 0x0000000704000000, 0x0000000704000000|100%| O|  |TAMS 0x0000000704000000, 0x0000000702000000| Untracked 
| 109|0x0000000704000000, 0x0000000706000000, 0x0000000706000000|100%| O|  |TAMS 0x0000000706000000, 0x0000000704000000| Untracked 
| 110|0x0000000706000000, 0x0000000706000000, 0x0000000708000000|  0%| F|  |TAMS 0x0000000706000000, 0x0000000706000000| Untracked 
| 111|0x0000000708000000, 0x0000000708000000, 0x000000070a000000|  0%| F|  |TAMS 0x0000000708000000, 0x0000000708000000| Untracked 
| 112|0x000000070a000000, 0x000000070a000000, 0x000000070c000000|  0%| F|  |TAMS 0x000000070a000000, 0x000000070a000000| Untracked 
| 113|0x000000070c000000, 0x000000070c000000, 0x000000070e000000|  0%| F|  |TAMS 0x000000070c000000, 0x000000070c000000| Untracked 
| 114|0x000000070e000000, 0x000000070e000000, 0x0000000710000000|  0%| F|  |TAMS 0x000000070e000000, 0x000000070e000000| Untracked 
| 115|0x0000000710000000, 0x0000000710000000, 0x0000000712000000|  0%| F|  |TAMS 0x0000000710000000, 0x0000000710000000| Untracked 
| 116|0x0000000712000000, 0x0000000712000000, 0x0000000714000000|  0%| F|  |TAMS 0x0000000712000000, 0x0000000712000000| Untracked 
| 117|0x0000000714000000, 0x0000000714000000, 0x0000000716000000|  0%| F|  |TAMS 0x0000000714000000, 0x0000000714000000| Untracked 
| 118|0x0000000716000000, 0x0000000716000000, 0x0000000718000000|  0%| F|  |TAMS 0x0000000716000000, 0x0000000716000000| Untracked 
| 119|0x0000000718000000, 0x0000000718000000, 0x000000071a000000|  0%| F|  |TAMS 0x0000000718000000, 0x0000000718000000| Untracked 
| 120|0x000000071a000000, 0x000000071a000000, 0x000000071c000000|  0%| F|  |TAMS 0x000000071a000000, 0x000000071a000000| Untracked 
| 121|0x000000071c000000, 0x000000071c000000, 0x000000071e000000|  0%| F|  |TAMS 0x000000071c000000, 0x000000071c000000| Untracked 
| 122|0x000000071e000000, 0x000000071e000000, 0x0000000720000000|  0%| F|  |TAMS 0x000000071e000000, 0x000000071e000000| Untracked 
| 123|0x0000000720000000, 0x0000000720000000, 0x0000000722000000|  0%| F|  |TAMS 0x0000000720000000, 0x0000000720000000| Untracked 
| 124|0x0000000722000000, 0x0000000722000000, 0x0000000724000000|  0%| F|  |TAMS 0x0000000722000000, 0x0000000722000000| Untracked 
| 125|0x0000000724000000, 0x0000000726000000, 0x0000000726000000|100%| O|  |TAMS 0x0000000726000000, 0x0000000724000000| Complete 
| 126|0x0000000726000000, 0x0000000726000000, 0x0000000728000000|  0%| F|  |TAMS 0x0000000726000000, 0x0000000726000000| Untracked 
| 127|0x0000000728000000, 0x0000000728000000, 0x000000072a000000|  0%| F|  |TAMS 0x0000000728000000, 0x0000000728000000| Untracked 
| 128|0x000000072a000000, 0x000000072a000000, 0x000000072c000000|  0%| F|  |TAMS 0x000000072a000000, 0x000000072a000000| Untracked 
| 129|0x000000072c000000, 0x000000072c000000, 0x000000072e000000|  0%| F|  |TAMS 0x000000072c000000, 0x000000072c000000| Untracked 
| 130|0x000000072e000000, 0x000000072e000000, 0x0000000730000000|  0%| F|  |TAMS 0x000000072e000000, 0x000000072e000000| Untracked 
| 131|0x0000000730000000, 0x0000000730000000, 0x0000000732000000|  0%| F|  |TAMS 0x0000000730000000, 0x0000000730000000| Untracked 
| 132|0x0000000732000000, 0x0000000732000000, 0x0000000734000000|  0%| F|  |TAMS 0x0000000732000000, 0x0000000732000000| Untracked 
| 133|0x0000000734000000, 0x0000000734000000, 0x0000000736000000|  0%| F|  |TAMS 0x0000000734000000, 0x0000000734000000| Untracked 
| 134|0x0000000736000000, 0x0000000736000000, 0x0000000738000000|  0%| F|  |TAMS 0x0000000736000000, 0x0000000736000000| Untracked 
| 135|0x0000000738000000, 0x0000000738000000, 0x000000073a000000|  0%| F|  |TAMS 0x0000000738000000, 0x0000000738000000| Untracked 
| 136|0x000000073a000000, 0x000000073a000000, 0x000000073c000000|  0%| F|  |TAMS 0x000000073a000000, 0x000000073a000000| Untracked 
| 137|0x000000073c000000, 0x000000073c000000, 0x000000073e000000|  0%| F|  |TAMS 0x000000073c000000, 0x000000073c000000| Untracked 
| 138|0x000000073e000000, 0x000000073e000000, 0x0000000740000000|  0%| F|  |TAMS 0x000000073e000000, 0x000000073e000000| Untracked 
| 139|0x0000000740000000, 0x0000000740000000, 0x0000000742000000|  0%| F|  |TAMS 0x0000000740000000, 0x0000000740000000| Untracked 
| 140|0x0000000742000000, 0x0000000742000000, 0x0000000744000000|  0%| F|  |TAMS 0x0000000742000000, 0x0000000742000000| Untracked 
| 141|0x0000000744000000, 0x0000000744000000, 0x0000000746000000|  0%| F|  |TAMS 0x0000000744000000, 0x0000000744000000| Untracked 
| 142|0x0000000746000000, 0x0000000746000000, 0x0000000748000000|  0%| F|  |TAMS 0x0000000746000000, 0x0000000746000000| Untracked 
| 143|0x0000000748000000, 0x0000000748000000, 0x000000074a000000|  0%| F|  |TAMS 0x0000000748000000, 0x0000000748000000| Untracked 
| 144|0x000000074a000000, 0x000000074a000000, 0x000000074c000000|  0%| F|  |TAMS 0x000000074a000000, 0x000000074a000000| Untracked 
| 145|0x000000074c000000, 0x000000074c000000, 0x000000074e000000|  0%| F|  |TAMS 0x000000074c000000, 0x000000074c000000| Untracked 
| 146|0x000000074e000000, 0x000000074e000000, 0x0000000750000000|  0%| F|  |TAMS 0x000000074e000000, 0x000000074e000000| Untracked 
| 147|0x0000000750000000, 0x0000000750000000, 0x0000000752000000|  0%| F|  |TAMS 0x0000000750000000, 0x0000000750000000| Untracked 
| 148|0x0000000752000000, 0x0000000752000000, 0x0000000754000000|  0%| F|  |TAMS 0x0000000752000000, 0x0000000752000000| Untracked 
| 149|0x0000000754000000, 0x0000000754000000, 0x0000000756000000|  0%| F|  |TAMS 0x0000000754000000, 0x0000000754000000| Untracked 
| 150|0x0000000756000000, 0x0000000756000000, 0x0000000758000000|  0%| F|  |TAMS 0x0000000756000000, 0x0000000756000000| Untracked 
| 151|0x0000000758000000, 0x0000000758000000, 0x000000075a000000|  0%| F|  |TAMS 0x0000000758000000, 0x0000000758000000| Untracked 
| 152|0x000000075a000000, 0x000000075a000000, 0x000000075c000000|  0%| F|  |TAMS 0x000000075a000000, 0x000000075a000000| Untracked 
| 153|0x000000075c000000, 0x000000075c000000, 0x000000075e000000|  0%| F|  |TAMS 0x000000075c000000, 0x000000075c000000| Untracked 
| 154|0x000000075e000000, 0x000000075e000000, 0x0000000760000000|  0%| F|  |TAMS 0x000000075e000000, 0x000000075e000000| Untracked 
| 155|0x0000000760000000, 0x0000000760000000, 0x0000000762000000|  0%| F|  |TAMS 0x0000000760000000, 0x0000000760000000| Untracked 
| 156|0x0000000762000000, 0x0000000762000000, 0x0000000764000000|  0%| F|  |TAMS 0x0000000762000000, 0x0000000762000000| Untracked 
| 157|0x0000000764000000, 0x0000000764000000, 0x0000000766000000|  0%| F|  |TAMS 0x0000000764000000, 0x0000000764000000| Untracked 
| 158|0x0000000766000000, 0x0000000766000000, 0x0000000768000000|  0%| F|  |TAMS 0x0000000766000000, 0x0000000766000000| Untracked 
| 159|0x0000000768000000, 0x0000000768000000, 0x000000076a000000|  0%| F|  |TAMS 0x0000000768000000, 0x0000000768000000| Untracked 
| 160|0x000000076a000000, 0x000000076a000000, 0x000000076c000000|  0%| F|  |TAMS 0x000000076a000000, 0x000000076a000000| Untracked 
| 161|0x000000076c000000, 0x000000076c000000, 0x000000076e000000|  0%| F|  |TAMS 0x000000076c000000, 0x000000076c000000| Untracked 
| 162|0x000000076e000000, 0x000000076e000000, 0x0000000770000000|  0%| F|  |TAMS 0x000000076e000000, 0x000000076e000000| Untracked 
| 163|0x0000000770000000, 0x0000000770000000, 0x0000000772000000|  0%| F|  |TAMS 0x0000000770000000, 0x0000000770000000| Untracked 
| 164|0x0000000772000000, 0x0000000772000000, 0x0000000774000000|  0%| F|  |TAMS 0x0000000772000000, 0x0000000772000000| Untracked 
| 165|0x0000000774000000, 0x0000000774000000, 0x0000000776000000|  0%| F|  |TAMS 0x0000000774000000, 0x0000000774000000| Untracked 
| 166|0x0000000776000000, 0x0000000776000000, 0x0000000778000000|  0%| F|  |TAMS 0x0000000776000000, 0x0000000776000000| Untracked 
| 167|0x0000000778000000, 0x0000000778000000, 0x000000077a000000|  0%| F|  |TAMS 0x0000000778000000, 0x0000000778000000| Untracked 
| 168|0x000000077a000000, 0x000000077a000000, 0x000000077c000000|  0%| F|  |TAMS 0x000000077a000000, 0x000000077a000000| Untracked 
| 169|0x000000077c000000, 0x000000077c000000, 0x000000077e000000|  0%| F|  |TAMS 0x000000077c000000, 0x000000077c000000| Untracked 
| 170|0x000000077e000000, 0x000000077e000000, 0x0000000780000000|  0%| F|  |TAMS 0x000000077e000000, 0x000000077e000000| Untracked 
| 171|0x0000000780000000, 0x0000000780000000, 0x0000000782000000|  0%| F|  |TAMS 0x0000000780000000, 0x0000000780000000| Untracked 
| 172|0x0000000782000000, 0x0000000782000000, 0x0000000784000000|  0%| F|  |TAMS 0x0000000782000000, 0x0000000782000000| Untracked 
| 173|0x0000000784000000, 0x0000000784000000, 0x0000000786000000|  0%| F|  |TAMS 0x0000000784000000, 0x0000000784000000| Untracked 
| 174|0x0000000786000000, 0x0000000786000000, 0x0000000788000000|  0%| F|  |TAMS 0x0000000786000000, 0x0000000786000000| Untracked 
| 175|0x0000000788000000, 0x0000000788000000, 0x000000078a000000|  0%| F|  |TAMS 0x0000000788000000, 0x0000000788000000| Untracked 
| 176|0x000000078a000000, 0x000000078a000000, 0x000000078c000000|  0%| F|  |TAMS 0x000000078a000000, 0x000000078a000000| Untracked 
| 177|0x000000078c000000, 0x000000078c000000, 0x000000078e000000|  0%| F|  |TAMS 0x000000078c000000, 0x000000078c000000| Untracked 
| 178|0x000000078e000000, 0x000000078e000000, 0x0000000790000000|  0%| F|  |TAMS 0x000000078e000000, 0x000000078e000000| Untracked 
| 179|0x0000000790000000, 0x0000000790000000, 0x0000000792000000|  0%| F|  |TAMS 0x0000000790000000, 0x0000000790000000| Untracked 
| 180|0x0000000792000000, 0x0000000792000000, 0x0000000794000000|  0%| F|  |TAMS 0x0000000792000000, 0x0000000792000000| Untracked 
| 181|0x0000000794000000, 0x0000000794000000, 0x0000000796000000|  0%| F|  |TAMS 0x0000000794000000, 0x0000000794000000| Untracked 
| 182|0x0000000796000000, 0x0000000796000000, 0x0000000798000000|  0%| F|  |TAMS 0x0000000796000000, 0x0000000796000000| Untracked 
| 183|0x0000000798000000, 0x0000000798000000, 0x000000079a000000|  0%| F|  |TAMS 0x0000000798000000, 0x0000000798000000| Untracked 
| 184|0x000000079a000000, 0x000000079a000000, 0x000000079c000000|  0%| F|  |TAMS 0x000000079a000000, 0x000000079a000000| Untracked 
| 185|0x000000079c000000, 0x000000079c000000, 0x000000079e000000|  0%| F|  |TAMS 0x000000079c000000, 0x000000079c000000| Untracked 
| 186|0x000000079e000000, 0x000000079e000000, 0x00000007a0000000|  0%| F|  |TAMS 0x000000079e000000, 0x000000079e000000| Untracked 
| 187|0x00000007a0000000, 0x00000007a0000000, 0x00000007a2000000|  0%| F|  |TAMS 0x00000007a0000000, 0x00000007a0000000| Untracked 
| 188|0x00000007a2000000, 0x00000007a2a7b9e0, 0x00000007a4000000| 32%| S|CS|TAMS 0x00000007a2000000, 0x00000007a2000000| Complete 
| 189|0x00000007a4000000, 0x00000007a6000000, 0x00000007a6000000|100%| S|CS|TAMS 0x00000007a4000000, 0x00000007a4000000| Complete 
| 190|0x00000007a6000000, 0x00000007a8000000, 0x00000007a8000000|100%| S|CS|TAMS 0x00000007a6000000, 0x00000007a6000000| Complete 
| 191|0x00000007a8000000, 0x00000007a8000000, 0x00000007aa000000|  0%| F|  |TAMS 0x00000007a8000000, 0x00000007a8000000| Untracked 
| 192|0x00000007aa000000, 0x00000007aa000000, 0x00000007ac000000|  0%| F|  |TAMS 0x00000007aa000000, 0x00000007aa000000| Untracked 
| 193|0x00000007ac000000, 0x00000007ac000000, 0x00000007ae000000|  0%| F|  |TAMS 0x00000007ac000000, 0x00000007ac000000| Untracked 
| 194|0x00000007ae000000, 0x00000007ae000000, 0x00000007b0000000|  0%| F|  |TAMS 0x00000007ae000000, 0x00000007ae000000| Untracked 
| 195|0x00000007b0000000, 0x00000007b0000000, 0x00000007b2000000|  0%| F|  |TAMS 0x00000007b0000000, 0x00000007b0000000| Untracked 
| 196|0x00000007b2000000, 0x00000007b2000000, 0x00000007b4000000|  0%| F|  |TAMS 0x00000007b2000000, 0x00000007b2000000| Untracked 
| 197|0x00000007b4000000, 0x00000007b49800e0, 0x00000007b6000000| 29%| E|  |TAMS 0x00000007b4000000, 0x00000007b4000000| Complete 
| 198|0x00000007b6000000, 0x00000007b8000000, 0x00000007b8000000|100%| E|CS|TAMS 0x00000007b6000000, 0x00000007b6000000| Complete 
| 199|0x00000007b8000000, 0x00000007ba000000, 0x00000007ba000000|100%| E|CS|TAMS 0x00000007b8000000, 0x00000007b8000000| Complete 
| 200|0x00000007ba000000, 0x00000007bc000000, 0x00000007bc000000|100%| E|CS|TAMS 0x00000007ba000000, 0x00000007ba000000| Complete 
| 201|0x00000007bc000000, 0x00000007be000000, 0x00000007be000000|100%| E|CS|TAMS 0x00000007bc000000, 0x00000007bc000000| Complete 
| 202|0x00000007be000000, 0x00000007c0000000, 0x00000007c0000000|100%| E|CS|TAMS 0x00000007be000000, 0x00000007be000000| Complete 
| 203|0x00000007c0000000, 0x00000007c2000000, 0x00000007c2000000|100%| E|CS|TAMS 0x00000007c0000000, 0x00000007c0000000| Complete 
| 204|0x00000007c2000000, 0x00000007c4000000, 0x00000007c4000000|100%| E|CS|TAMS 0x00000007c2000000, 0x00000007c2000000| Complete 
| 205|0x00000007c4000000, 0x00000007c6000000, 0x00000007c6000000|100%| E|CS|TAMS 0x00000007c4000000, 0x00000007c4000000| Complete 
| 206|0x00000007c6000000, 0x00000007c8000000, 0x00000007c8000000|100%| E|CS|TAMS 0x00000007c6000000, 0x00000007c6000000| Complete 
| 207|0x00000007c8000000, 0x00000007ca000000, 0x00000007ca000000|100%| E|CS|TAMS 0x00000007c8000000, 0x00000007c8000000| Complete 
| 208|0x00000007ca000000, 0x00000007cc000000, 0x00000007cc000000|100%| E|CS|TAMS 0x00000007ca000000, 0x00000007ca000000| Complete 
| 209|0x00000007cc000000, 0x00000007ce000000, 0x00000007ce000000|100%| E|CS|TAMS 0x00000007cc000000, 0x00000007cc000000| Complete 
| 210|0x00000007ce000000, 0x00000007d0000000, 0x00000007d0000000|100%| E|CS|TAMS 0x00000007ce000000, 0x00000007ce000000| Complete 
| 211|0x00000007d0000000, 0x00000007d2000000, 0x00000007d2000000|100%| E|CS|TAMS 0x00000007d0000000, 0x00000007d0000000| Complete 
| 212|0x00000007d2000000, 0x00000007d4000000, 0x00000007d4000000|100%| E|CS|TAMS 0x00000007d2000000, 0x00000007d2000000| Complete 
| 213|0x00000007d4000000, 0x00000007d6000000, 0x00000007d6000000|100%| E|CS|TAMS 0x00000007d4000000, 0x00000007d4000000| Complete 
| 214|0x00000007d6000000, 0x00000007d8000000, 0x00000007d8000000|100%| E|CS|TAMS 0x00000007d6000000, 0x00000007d6000000| Complete 
| 215|0x00000007d8000000, 0x00000007da000000, 0x00000007da000000|100%| E|CS|TAMS 0x00000007d8000000, 0x00000007d8000000| Complete 
| 216|0x00000007da000000, 0x00000007dc000000, 0x00000007dc000000|100%| E|CS|TAMS 0x00000007da000000, 0x00000007da000000| Complete 
| 217|0x00000007dc000000, 0x00000007de000000, 0x00000007de000000|100%| E|CS|TAMS 0x00000007dc000000, 0x00000007dc000000| Complete 
| 218|0x00000007de000000, 0x00000007e0000000, 0x00000007e0000000|100%| E|CS|TAMS 0x00000007de000000, 0x00000007de000000| Complete 
| 219|0x00000007e0000000, 0x00000007e2000000, 0x00000007e2000000|100%| E|CS|TAMS 0x00000007e0000000, 0x00000007e0000000| Complete 
| 220|0x00000007e2000000, 0x00000007e4000000, 0x00000007e4000000|100%| E|CS|TAMS 0x00000007e2000000, 0x00000007e2000000| Complete 
| 221|0x00000007e4000000, 0x00000007e6000000, 0x00000007e6000000|100%| E|CS|TAMS 0x00000007e4000000, 0x00000007e4000000| Complete 
| 222|0x00000007e6000000, 0x00000007e8000000, 0x00000007e8000000|100%| E|CS|TAMS 0x00000007e6000000, 0x00000007e6000000| Complete 
| 223|0x00000007e8000000, 0x00000007ea000000, 0x00000007ea000000|100%| E|CS|TAMS 0x00000007e8000000, 0x00000007e8000000| Complete 
| 224|0x00000007ea000000, 0x00000007ec000000, 0x00000007ec000000|100%| E|CS|TAMS 0x00000007ea000000, 0x00000007ea000000| Complete 
| 225|0x00000007ec000000, 0x00000007ee000000, 0x00000007ee000000|100%| E|CS|TAMS 0x00000007ec000000, 0x00000007ec000000| Complete 
| 226|0x00000007ee000000, 0x00000007f0000000, 0x00000007f0000000|100%| E|CS|TAMS 0x00000007ee000000, 0x00000007ee000000| Complete 
| 227|0x00000007f0000000, 0x00000007f2000000, 0x00000007f2000000|100%| E|CS|TAMS 0x00000007f0000000, 0x00000007f0000000| Complete 
| 228|0x00000007f2000000, 0x00000007f4000000, 0x00000007f4000000|100%| E|CS|TAMS 0x00000007f2000000, 0x00000007f2000000| Complete 
| 229|0x00000007f4000000, 0x00000007f6000000, 0x00000007f6000000|100%| E|CS|TAMS 0x00000007f4000000, 0x00000007f4000000| Complete 
| 230|0x00000007f6000000, 0x00000007f8000000, 0x00000007f8000000|100%| E|CS|TAMS 0x00000007f6000000, 0x00000007f6000000| Complete 
| 231|0x00000007f8000000, 0x00000007fa000000, 0x00000007fa000000|100%| E|CS|TAMS 0x00000007f8000000, 0x00000007f8000000| Complete 
| 232|0x00000007fa000000, 0x00000007fc000000, 0x00000007fc000000|100%| E|CS|TAMS 0x00000007fa000000, 0x00000007fa000000| Complete 
| 233|0x00000007fc000000, 0x00000007fe000000, 0x00000007fe000000|100%| E|CS|TAMS 0x00000007fc000000, 0x00000007fc000000| Complete 
| 234|0x00000007fe000000, 0x0000000800000000, 0x0000000800000000|100%| E|CS|TAMS 0x00000007fe000000, 0x00000007fe000000| Complete 

Card table byte_map: [0x0000023698840000,0x00000236996f0000] _byte_map_base: 0x00000236956f0000

Marking Bits (Prev, Next): (CMBitMap*) 0x0000023684d15850, (CMBitMap*) 0x0000023684d15890
 Prev Bits: [0x000002369a5a0000, 0x00000236a1b20000)
 Next Bits: [0x00000236a1b20000, 0x00000236a90a0000)

Polling page: 0x0000023682c10000

Metaspace:

Usage:
  Non-class:    217.92 MB used.
      Class:     39.91 MB used.
       Both:    257.84 MB used.

Virtual space:
  Non-class space:      224.00 MB reserved,     219.12 MB ( 98%) committed,  28 nodes.
      Class space:        1.00 GB reserved,      40.94 MB (  4%) committed,  1 nodes.
             Both:        1.22 GB reserved,     260.06 MB ( 21%) committed. 

Chunk freelists:
   Non-Class:  301.00 KB
       Class:  3.01 MB
        Both:  3.31 MB

MaxMetaspaceSize: unlimited
CompressedClassSpaceSize: 1.00 GB
Initial GC threshold: 21.00 MB
Current GC threshold: 432.81 MB
CDS: off
MetaspaceReclaimPolicy: balanced
 - commit_granule_bytes: 65536.
 - commit_granule_words: 8192.
 - virtual_space_node_default_size: 1048576.
 - enlarge_chunks_in_place: 1.
 - new_chunks_are_fully_committed: 0.
 - uncommit_free_chunks: 1.
 - use_allocation_guard: 0.
 - handle_deallocations: 1.


Internal statistics:

num_allocs_failed_limit: 355.
num_arena_births: 3824.
num_arena_deaths: 4.
num_vsnodes_births: 29.
num_vsnodes_deaths: 0.
num_space_committed: 4152.
num_space_uncommitted: 0.
num_chunks_returned_to_freelist: 361.
num_chunks_taken_from_freelist: 14798.
num_chunk_merges: 348.
num_chunk_splits: 10151.
num_chunks_enlarged: 6795.
num_purges: 4.
num_inconsistent_stats: 0.

CodeHeap 'non-profiled nmethods': size=120000Kb used=50871Kb max_used=51165Kb free=69128Kb
 bounds [0x000002368ff10000, 0x0000023693110000, 0x0000023697440000]
CodeHeap 'profiled nmethods': size=120000Kb used=56477Kb max_used=62024Kb free=63523Kb
 bounds [0x00000236889e0000, 0x000002368c6e0000, 0x000002368ff10000]
CodeHeap 'non-nmethods': size=5760Kb used=2838Kb max_used=2919Kb free=2921Kb
 bounds [0x0000023688440000, 0x0000023688730000, 0x00000236889e0000]
 total_blobs=38407 nmethods=35803 adapters=2510
 compilation: enabled
              stopped_count=0, restarted_count=0
 full_count=0

Compilation events (20 events):
Event: 619.141 Thread 0x00000236ac825a30 57875   !   3       com.sun.jna.Structure::size (75 bytes)
Event: 619.141 Thread 0x00000236ac825a30 nmethod 57875 0x000002368bdcfa10 code [0x000002368bdcfc00, 0x000002368bdd0348]
Event: 619.141 Thread 0x00000236ac825a30 57880       3       com.sun.jna.Structure::size (9 bytes)
Event: 619.142 Thread 0x00000236ac825a30 nmethod 57880 0x000002368be16690 code [0x000002368be16840, 0x000002368be16a88]
Event: 619.145 Thread 0x00000236ac825a30 57884       3       com.sun.jna.platform.win32.WinDef$DWORD::<init> (8 bytes)
Event: 619.145 Thread 0x00000236ac825a30 nmethod 57884 0x000002368b7e1210 code [0x000002368b7e13c0, 0x000002368b7e16a8]
Event: 619.146 Thread 0x00000236ac825520 nmethod 57867 0x0000023692d54b90 code [0x0000023692d54da0, 0x0000023692d55b00]
Event: 619.146 Thread 0x00000236ac825520 57868   !   4       com.sun.jna.Native::getNativeSize (139 bytes)
Event: 619.157 Thread 0x00000237522f68f0 57879       4       java.lang.Class::privateGetDeclaredFields (64 bytes)
Event: 619.158 Thread 0x00000237522f9b90 57881   !   4       java.util.AbstractSet::equals (45 bytes)
Event: 619.170 Thread 0x00000237522f68f0 nmethod 57879 0x0000023692d53910 code [0x0000023692d53b00, 0x0000023692d54778]
Event: 619.170 Thread 0x00000237522f68f0 57882       4       jdk.internal.reflect.ClassFileAssembler::setStack (25 bytes)
Event: 619.170 Thread 0x00000237522f68f0 nmethod 57882 0x0000023692307210 code [0x0000023692307380, 0x0000023692307418]
Event: 619.170 Thread 0x00000237522f68f0 57883       4       com.sun.jna.Memory::boundsCheck (90 bytes)
Event: 619.171 Thread 0x00000237522f9b90 nmethod 57881 0x00000236924b9990 code [0x00000236924b9c00, 0x00000236924ba808]
Event: 619.171 Thread 0x00000237522f68f0 nmethod 57883 0x0000023692d53610 code [0x0000023692d53780, 0x0000023692d53878]
Event: 619.171 Thread 0x00000237522f68f0 57876       4       com.sun.jna.Native::getNativeSize (262 bytes)
Event: 619.178 Thread 0x00000236ac825a30 57885   !   3       com.sun.jna.Library$Handler::invoke (394 bytes)
Event: 619.184 Thread 0x00000236ac825a30 nmethod 57885 0x0000023689981590 code [0x0000023689981bc0, 0x00000236899851c8]
Event: 619.185 Thread 0x00000237522f68f0 nmethod 57876 0x00000236924b8110 code [0x00000236924b8360, 0x00000236924b91e0]

GC Heap History (20 events):
Event: 526.595 GC heap before
{Heap before GC invocations=166 (full 0):
 garbage-first heap   total 7700480K, used 4624412K [0x000000062a000000, 0x0000000800000000)
  region size 32768K, 47 young (1540096K), 4 survivors (131072K)
 Metaspace       used 263466K, committed 265728K, reserved 1277952K
  class space    used 40797K, committed 41856K, reserved 1048576K
}
Event: 526.630 GC heap after
{Heap after GC invocations=167 (full 0):
 garbage-first heap   total 7700480K, used 3253900K [0x000000062a000000, 0x0000000800000000)
  region size 32768K, 4 young (131072K), 4 survivors (131072K)
 Metaspace       used 263466K, committed 265728K, reserved 1277952K
  class space    used 40797K, committed 41856K, reserved 1048576K
}
Event: 532.324 GC heap before
{Heap before GC invocations=167 (full 0):
 garbage-first heap   total 7700480K, used 4662924K [0x000000062a000000, 0x0000000800000000)
  region size 32768K, 47 young (1540096K), 4 survivors (131072K)
 Metaspace       used 263477K, committed 265792K, reserved 1277952K
  class space    used 40797K, committed 41856K, reserved 1048576K
}
Event: 532.359 GC heap after
{Heap after GC invocations=168 (full 0):
 garbage-first heap   total 7700480K, used 3257586K [0x000000062a000000, 0x0000000800000000)
  region size 32768K, 4 young (131072K), 4 survivors (131072K)
 Metaspace       used 263477K, committed 265792K, reserved 1277952K
  class space    used 40797K, committed 41856K, reserved 1048576K
}
Event: 543.770 GC heap before
{Heap before GC invocations=168 (full 0):
 garbage-first heap   total 7700480K, used 4666610K [0x000000062a000000, 0x0000000800000000)
  region size 32768K, 47 young (1540096K), 4 survivors (131072K)
 Metaspace       used 263488K, committed 265792K, reserved 1277952K
  class space    used 40797K, committed 41856K, reserved 1048576K
}
Event: 543.795 GC heap after
{Heap after GC invocations=169 (full 0):
 garbage-first heap   total 7700480K, used 3258191K [0x000000062a000000, 0x0000000800000000)
  region size 32768K, 4 young (131072K), 4 survivors (131072K)
 Metaspace       used 263488K, committed 265792K, reserved 1277952K
  class space    used 40797K, committed 41856K, reserved 1048576K
}
Event: 552.914 GC heap before
{Heap before GC invocations=169 (full 0):
 garbage-first heap   total 7700480K, used 4667215K [0x000000062a000000, 0x0000000800000000)
  region size 32768K, 47 young (1540096K), 4 survivors (131072K)
 Metaspace       used 263496K, committed 265792K, reserved 1277952K
  class space    used 40797K, committed 41856K, reserved 1048576K
}
Event: 552.945 GC heap after
{Heap after GC invocations=170 (full 0):
 garbage-first heap   total 7700480K, used 3254556K [0x000000062a000000, 0x0000000800000000)
  region size 32768K, 3 young (98304K), 3 survivors (98304K)
 Metaspace       used 263496K, committed 265792K, reserved 1277952K
  class space    used 40797K, committed 41856K, reserved 1048576K
}
Event: 565.629 GC heap before
{Heap before GC invocations=170 (full 0):
 garbage-first heap   total 7700480K, used 6039836K [0x000000062a000000, 0x0000000800000000)
  region size 32768K, 88 young (2883584K), 3 survivors (98304K)
 Metaspace       used 263514K, committed 265792K, reserved 1277952K
  class space    used 40797K, committed 41856K, reserved 1048576K
}
Event: 565.942 GC heap after
{Heap after GC invocations=171 (full 0):
 garbage-first heap   total 7700480K, used 3267215K [0x000000062a000000, 0x0000000800000000)
  region size 32768K, 3 young (98304K), 3 survivors (98304K)
 Metaspace       used 263514K, committed 265792K, reserved 1277952K
  class space    used 40797K, committed 41856K, reserved 1048576K
}
Event: 576.672 GC heap before
{Heap before GC invocations=171 (full 0):
 garbage-first heap   total 7700480K, used 4676239K [0x000000062a000000, 0x0000000800000000)
  region size 32768K, 47 young (1540096K), 3 survivors (98304K)
 Metaspace       used 263634K, committed 265920K, reserved 1277952K
  class space    used 40816K, committed 41856K, reserved 1048576K
}
Event: 576.715 GC heap after
{Heap after GC invocations=172 (full 0):
 garbage-first heap   total 7700480K, used 3269018K [0x000000062a000000, 0x0000000800000000)
  region size 32768K, 3 young (98304K), 3 survivors (98304K)
 Metaspace       used 263634K, committed 265920K, reserved 1277952K
  class space    used 40816K, committed 41856K, reserved 1048576K
}
Event: 587.525 GC heap before
{Heap before GC invocations=172 (full 0):
 garbage-first heap   total 7700480K, used 4710810K [0x000000062a000000, 0x0000000800000000)
  region size 32768K, 47 young (1540096K), 3 survivors (98304K)
 Metaspace       used 263635K, committed 265920K, reserved 1277952K
  class space    used 40816K, committed 41856K, reserved 1048576K
}
Event: 587.927 GC heap after
{Heap after GC invocations=173 (full 0):
 garbage-first heap   total 7700480K, used 3269445K [0x000000062a000000, 0x0000000800000000)
  region size 32768K, 3 young (98304K), 3 survivors (98304K)
 Metaspace       used 263635K, committed 265920K, reserved 1277952K
  class space    used 40816K, committed 41856K, reserved 1048576K
}
Event: 594.937 GC heap before
{Heap before GC invocations=173 (full 0):
 garbage-first heap   total 7700480K, used 4711237K [0x000000062a000000, 0x0000000800000000)
  region size 32768K, 47 young (1540096K), 3 survivors (98304K)
 Metaspace       used 263636K, committed 265920K, reserved 1277952K
  class space    used 40816K, committed 41856K, reserved 1048576K
}
Event: 595.005 GC heap after
{Heap after GC invocations=174 (full 0):
 garbage-first heap   total 7700480K, used 3265094K [0x000000062a000000, 0x0000000800000000)
  region size 32768K, 3 young (98304K), 3 survivors (98304K)
 Metaspace       used 263636K, committed 265920K, reserved 1277952K
  class space    used 40816K, committed 41856K, reserved 1048576K
}
Event: 604.023 GC heap before
{Heap before GC invocations=175 (full 0):
 garbage-first heap   total 7700480K, used 4706886K [0x000000062a000000, 0x0000000800000000)
  region size 32768K, 47 young (1540096K), 3 survivors (98304K)
 Metaspace       used 263670K, committed 265920K, reserved 1277952K
  class space    used 40817K, committed 41856K, reserved 1048576K
}
Event: 604.052 GC heap after
{Heap after GC invocations=176 (full 0):
 garbage-first heap   total 7700480K, used 3270982K [0x000000062a000000, 0x0000000800000000)
  region size 32768K, 3 young (98304K), 3 survivors (98304K)
 Metaspace       used 263670K, committed 265920K, reserved 1277952K
  class space    used 40817K, committed 41856K, reserved 1048576K
}
Event: 613.061 GC heap before
{Heap before GC invocations=176 (full 0):
 garbage-first heap   total 7700480K, used 4712774K [0x000000062a000000, 0x0000000800000000)
  region size 32768K, 47 young (1540096K), 3 survivors (98304K)
 Metaspace       used 263682K, committed 265920K, reserved 1277952K
  class space    used 40817K, committed 41856K, reserved 1048576K
}
Event: 613.145 GC heap after
{Heap after GC invocations=177 (full 0):
 garbage-first heap   total 7700480K, used 3238772K [0x000000062a000000, 0x0000000800000000)
  region size 32768K, 3 young (98304K), 3 survivors (98304K)
 Metaspace       used 263682K, committed 265920K, reserved 1277952K
  class space    used 40817K, committed 41856K, reserved 1048576K
}

Deoptimization events (20 events):
Event: 619.093 Thread 0x00000236829de810 Uncommon trap: trap_request=0xffffff45 fr.pc=0x0000023691a9e7bc relative=0x00000000000004fc
Event: 619.093 Thread 0x00000236829de810 Uncommon trap: reason=unstable_if action=reinterpret pc=0x0000023691a9e7bc method=com.mojang.blaze3d.platform.NativeImage.m_85124_()V @ 6 c2
Event: 619.093 Thread 0x00000236829de810 DEOPT PACKING pc=0x0000023691a9e7bc sp=0x000000ac990fbd70
Event: 619.093 Thread 0x00000236829de810 DEOPT UNPACKING pc=0x00000236884923a3 sp=0x000000ac990fbbb8 mode 2
Event: 619.096 Thread 0x00000238751f1740 Uncommon trap: trap_request=0xffffff45 fr.pc=0x000002369014ade8 relative=0x0000000000000068
Event: 619.096 Thread 0x00000238751f1740 Uncommon trap: reason=unstable_if action=reinterpret pc=0x000002369014ade8 method=com.mojang.blaze3d.platform.NativeImage.m_85124_()V @ 6 c2
Event: 619.096 Thread 0x00000238751f1740 DEOPT PACKING pc=0x000002369014ade8 sp=0x000000aca00feec0
Event: 619.096 Thread 0x00000238751f1740 DEOPT UNPACKING pc=0x00000236884923a3 sp=0x000000aca00fee50 mode 2
Event: 619.104 Thread 0x00000236829de810 Uncommon trap: trap_request=0xfffffff4 fr.pc=0x00000236911dbdcc relative=0x00000000000004ac
Event: 619.104 Thread 0x00000236829de810 Uncommon trap: reason=null_check action=make_not_entrant pc=0x00000236911dbdcc method=net.optifine.reflect.Reflector.callBoolean(Lnet/optifine/reflect/ReflectorMethod;[Ljava/lang/Object;)Z @ 17 c2
Event: 619.104 Thread 0x00000236829de810 DEOPT PACKING pc=0x00000236911dbdcc sp=0x000000ac990fd000
Event: 619.104 Thread 0x00000236829de810 DEOPT UNPACKING pc=0x00000236884923a3 sp=0x000000ac990fcfe0 mode 2
Event: 619.107 Thread 0x00000236829de810 Uncommon trap: trap_request=0xffffff45 fr.pc=0x0000023691de6520 relative=0x0000000000000340
Event: 619.107 Thread 0x00000236829de810 Uncommon trap: reason=unstable_if action=reinterpret pc=0x0000023691de6520 method=net.minecraft.client.multiplayer.ClientChunkCache.m_7587_(IILnet/minecraft/world/level/chunk/ChunkStatus;Z)Lnet/minecraft/world/level/chunk/LevelChunk; @ 9 c2
Event: 619.107 Thread 0x00000236829de810 DEOPT PACKING pc=0x0000023691de6520 sp=0x000000ac990fd090
Event: 619.107 Thread 0x00000236829de810 DEOPT UNPACKING pc=0x00000236884923a3 sp=0x000000ac990fceb8 mode 2
Event: 619.121 Thread 0x00000236829de810 Uncommon trap: trap_request=0xffffff45 fr.pc=0x00000236906ce738 relative=0x0000000000000378
Event: 619.121 Thread 0x00000236829de810 Uncommon trap: reason=unstable_if action=reinterpret pc=0x00000236906ce738 method=com.mojang.blaze3d.platform.NativeImage.m_85124_()V @ 6 c2
Event: 619.121 Thread 0x00000236829de810 DEOPT PACKING pc=0x00000236906ce738 sp=0x000000ac990fe0a0
Event: 619.121 Thread 0x00000236829de810 DEOPT UNPACKING pc=0x00000236884923a3 sp=0x000000ac990fdf60 mode 2

Classes unloaded (2 events):
Event: 37.216 Thread 0x00000236abcea020 Unloading class 0x0000000800df8000 'java/lang/invoke/LambdaForm$DMH+0x0000000800df8000'
Event: 397.663 Thread 0x00000236abcea020 Unloading class 0x0000000802890400 'java/lang/invoke/LambdaForm$DMH+0x0000000802890400'

Classes redefined (0 events):
No events

Internal exceptions (20 events):
Event: 604.774 Thread 0x00000238ca73d400 Exception <a 'sun/nio/fs/WindowsException'{0x00000007f6da8ad0}> (0x00000007f6da8ad0) 
thrown [d:\a\_work\1\jdk\src\hotspot\share\prims\jni.cpp, line 516]
Event: 611.068 Thread 0x00000238ca735210 Exception <a 'sun/nio/fs/WindowsException'{0x00000007c5ff84a0}> (0x00000007c5ff84a0) 
thrown [d:\a\_work\1\jdk\src\hotspot\share\prims\jni.cpp, line 516]
Event: 611.120 Thread 0x00000238ca73d400 Exception <a 'sun/nio/fs/WindowsException'{0x00000007c69d76b8}> (0x00000007c69d76b8) 
thrown [d:\a\_work\1\jdk\src\hotspot\share\prims\jni.cpp, line 516]
Event: 611.728 Thread 0x00000238ca73d400 Exception <a 'sun/nio/fs/WindowsException'{0x00000007b60ddde8}> (0x00000007b60ddde8) 
thrown [d:\a\_work\1\jdk\src\hotspot\share\prims\jni.cpp, line 516]
Event: 611.728 Thread 0x00000238ca735210 Exception <a 'sun/nio/fs/WindowsException'{0x00000007b9e66318}> (0x00000007b9e66318) 
thrown [d:\a\_work\1\jdk\src\hotspot\share\prims\jni.cpp, line 516]
Event: 611.728 Thread 0x00000238ca73d400 Exception <a 'sun/nio/fs/WindowsException'{0x00000007b60e2b78}> (0x00000007b60e2b78) 
thrown [d:\a\_work\1\jdk\src\hotspot\share\prims\jni.cpp, line 516]
Event: 611.729 Thread 0x00000238ca735210 Exception <a 'sun/nio/fs/WindowsException'{0x00000007b9e6b568}> (0x00000007b9e6b568) 
thrown [d:\a\_work\1\jdk\src\hotspot\share\prims\jni.cpp, line 516]
Event: 611.729 Thread 0x00000238ca73d400 Exception <a 'sun/nio/fs/WindowsException'{0x00000007b60e7a48}> (0x00000007b60e7a48) 
thrown [d:\a\_work\1\jdk\src\hotspot\share\prims\jni.cpp, line 516]
Event: 612.118 Thread 0x00000238ca73d400 Exception <a 'sun/nio/fs/WindowsException'{0x00000007b60f5f18}> (0x00000007b60f5f18) 
thrown [d:\a\_work\1\jdk\src\hotspot\share\prims\jni.cpp, line 516]
Event: 614.725 Thread 0x00000238ca735210 Exception <a 'sun/nio/fs/WindowsException'{0x00000007e3b5aa48}> (0x00000007e3b5aa48) 
thrown [d:\a\_work\1\jdk\src\hotspot\share\prims\jni.cpp, line 516]
Event: 614.725 Thread 0x00000238ca73ad80 Exception <a 'sun/nio/fs/WindowsException'{0x00000007e21f3820}> (0x00000007e21f3820) 
thrown [d:\a\_work\1\jdk\src\hotspot\share\prims\jni.cpp, line 516]
Event: 614.726 Thread 0x00000238ca735210 Exception <a 'sun/nio/fs/WindowsException'{0x00000007e3b5f5d0}> (0x00000007e3b5f5d0) 
thrown [d:\a\_work\1\jdk\src\hotspot\share\prims\jni.cpp, line 516]
Event: 614.818 Thread 0x00000238ca735210 Exception <a 'sun/nio/fs/WindowsException'{0x00000007e3b6d8b0}> (0x00000007e3b6d8b0) 
thrown [d:\a\_work\1\jdk\src\hotspot\share\prims\jni.cpp, line 516]
Event: 616.673 Thread 0x00000238ca735210 Exception <a 'sun/nio/fs/WindowsException'{0x00000007e3b775f8}> (0x00000007e3b775f8) 
thrown [d:\a\_work\1\jdk\src\hotspot\share\prims\jni.cpp, line 516]
Event: 618.616 Thread 0x00000236829de810 Implicit null exception at 0x0000023692ed5e7c to 0x0000023692ed5f05
Event: 618.617 Thread 0x00000236829de810 Implicit null exception at 0x0000023692d87e0c to 0x0000023692d87e50
Event: 618.792 Thread 0x00000236829de810 Implicit null exception at 0x0000023692f73856 to 0x0000023692f73904
Event: 619.080 Thread 0x00000236829de810 Implicit null exception at 0x0000023692b21b38 to 0x0000023692b22024
Event: 619.104 Thread 0x00000236829de810 Implicit null exception at 0x00000236911dbb00 to 0x00000236911dbdbc
Event: 619.113 Thread 0x00000238ca73d400 Exception <a 'sun/nio/fs/WindowsException'{0x00000007bf71e0f0}> (0x00000007bf71e0f0) 
thrown [d:\a\_work\1\jdk\src\hotspot\share\prims\jni.cpp, line 516]

VM Operations (20 events):
Event: 614.146 Executing VM operation: Cleanup
Event: 614.146 Executing VM operation: Cleanup done
Event: 615.147 Executing VM operation: Cleanup
Event: 615.147 Executing VM operation: Cleanup done
Event: 616.147 Executing VM operation: Cleanup
Event: 616.148 Executing VM operation: Cleanup done
Event: 617.148 Executing VM operation: Cleanup
Event: 617.148 Executing VM operation: Cleanup done
Event: 618.149 Executing VM operation: Cleanup
Event: 618.149 Executing VM operation: Cleanup done
Event: 618.844 Executing VM operation: HandshakeAllThreads
Event: 618.844 Executing VM operation: HandshakeAllThreads done
Event: 618.886 Executing VM operation: HandshakeAllThreads
Event: 618.887 Executing VM operation: HandshakeAllThreads done
Event: 618.887 Executing VM operation: HandshakeAllThreads
Event: 618.887 Executing VM operation: HandshakeAllThreads done
Event: 618.897 Executing VM operation: HandshakeAllThreads
Event: 618.897 Executing VM operation: HandshakeAllThreads done
Event: 619.112 Executing VM operation: HandshakeAllThreads
Event: 619.112 Executing VM operation: HandshakeAllThreads done

Events (20 events):
Event: 619.116 Thread 0x00000236ac828b20 flushing nmethod 0x000002368b9e0310
Event: 619.116 Thread 0x00000236ac828b20 flushing nmethod 0x000002368ba1a910
Event: 619.116 Thread 0x00000236ac828b20 flushing nmethod 0x000002368ba55190
Event: 619.117 Thread 0x00000236ac828b20 flushing nmethod 0x000002368bace790
Event: 619.118 Thread 0x00000236ac828b20 flushing nmethod 0x000002368bb03090
Event: 619.120 Thread 0x00000236ac828b20 flushing nmethod 0x000002368bc77190
Event: 619.123 Thread 0x00000236ac828b20 flushing nmethod 0x000002368be0c190
Event: 619.123 Thread 0x00000236ac828b20 flushing nmethod 0x000002368be16690
Event: 619.124 Thread 0x00000236ac828b20 flushing nmethod 0x000002368bf54410
Event: 619.125 Thread 0x00000236ac828b20 flushing nmethod 0x000002368c07c190
Event: 619.125 Thread 0x00000236ac828b20 flushing nmethod 0x000002368c08d610
Event: 619.125 Thread 0x00000236ac828b20 flushing nmethod 0x000002368c0ea410
Event: 619.126 Thread 0x00000236ac828b20 flushing nmethod 0x000002368c0f4410
Event: 619.126 Thread 0x00000236ac828b20 flushing nmethod 0x000002368c143790
Event: 619.128 Thread 0x00000236ac828b20 flushing nmethod 0x000002368c377c10
Event: 619.130 Thread 0x00000236ac828b20 flushing nmethod 0x000002368c4b7b90
Event: 619.130 Thread 0x00000236ac828b20 flushing nmethod 0x000002368c4e5310
Event: 619.130 Thread 0x00000236ac828b20 flushing nmethod 0x000002368c51b290
Event: 619.139 Thread 0x00000237522f9b90 Thread added: 0x00000237522f9b90
Event: 619.145 Thread 0x00000237522f68f0 Thread added: 0x00000237522f68f0


Dynamic libraries:
0x00007ff73af90000 - 0x00007ff73af9e000 	C:\Users\ediha\AppData\Roaming\.minecraft\runtime\java-runtime-gamma\windows\java-runtime-gamma\bin\javaw.exe
0x00007ffead290000 - 0x00007ffead4a7000 	C:\WINDOWS\SYSTEM32\ntdll.dll
0x00007ffeabb80000 - 0x00007ffeabc44000 	C:\WINDOWS\System32\KERNEL32.DLL
0x00007ffeaa640000 - 0x00007ffeaa9ee000 	C:\WINDOWS\System32\KERNELBASE.dll
0x00007ffeaa9f0000 - 0x00007ffeaab01000 	C:\WINDOWS\System32\ucrtbase.dll
0x00007ffe95bd0000 - 0x00007ffe95be8000 	C:\Users\ediha\AppData\Roaming\.minecraft\runtime\java-runtime-gamma\windows\java-runtime-gamma\bin\jli.dll
0x00007ffe95bb0000 - 0x00007ffe95bcb000 	C:\Users\ediha\AppData\Roaming\.minecraft\runtime\java-runtime-gamma\windows\java-runtime-gamma\bin\VCRUNTIME140.dll
0x00007ffeacf60000 - 0x00007ffead10d000 	C:\WINDOWS\System32\USER32.dll
0x00007ffeaa610000 - 0x00007ffeaa636000 	C:\WINDOWS\System32\win32u.dll
0x00007ffe94cc0000 - 0x00007ffe94f53000 	C:\WINDOWS\WinSxS\amd64_microsoft.windows.common-controls_6595b64144ccf1df_6.0.23590.1000_none_ebcfe7d8fe46a426\COMCTL32.dll
0x00007ffeace30000 - 0x00007ffeace59000 	C:\WINDOWS\System32\GDI32.dll
0x00007ffeacd80000 - 0x00007ffeace27000 	C:\WINDOWS\System32\msvcrt.dll
0x00007ffeaad00000 - 0x00007ffeaae18000 	C:\WINDOWS\System32\gdi32full.dll
0x00007ffeaae90000 - 0x00007ffeaaf2a000 	C:\WINDOWS\System32\msvcp_win.dll
0x00007ffeab450000 - 0x00007ffeab481000 	C:\WINDOWS\System32\IMM32.DLL
0x00007ffea7da0000 - 0x00007ffea7dac000 	C:\Users\ediha\AppData\Roaming\.minecraft\runtime\java-runtime-gamma\windows\java-runtime-gamma\bin\vcruntime140_1.dll
0x00007ffe3a570000 - 0x00007ffe3a5fd000 	C:\Users\ediha\AppData\Roaming\.minecraft\runtime\java-runtime-gamma\windows\java-runtime-gamma\bin\msvcp140.dll
0x00007ffe05c40000 - 0x00007ffe0689d000 	C:\Users\ediha\AppData\Roaming\.minecraft\runtime\java-runtime-gamma\windows\java-runtime-gamma\bin\server\jvm.dll
0x00007ffead1a0000 - 0x00007ffead250000 	C:\WINDOWS\System32\ADVAPI32.dll
0x00007ffeabd50000 - 0x00007ffeabdf6000 	C:\WINDOWS\System32\sechost.dll
0x00007ffeab9d0000 - 0x00007ffeabae7000 	C:\WINDOWS\System32\RPCRT4.dll
0x00007ffeabfc0000 - 0x00007ffeabfc8000 	C:\WINDOWS\System32\PSAPI.DLL
0x00007ffea3a20000 - 0x00007ffea3a54000 	C:\WINDOWS\SYSTEM32\WINMM.dll
0x00007ffea3700000 - 0x00007ffea3709000 	C:\WINDOWS\SYSTEM32\WSOCK32.dll
0x00007ffea3a60000 - 0x00007ffea3a6a000 	C:\WINDOWS\SYSTEM32\VERSION.dll
0x00007ffeabaf0000 - 0x00007ffeabb61000 	C:\WINDOWS\System32\WS2_32.dll
0x00007ffea9570000 - 0x00007ffea9588000 	C:\WINDOWS\SYSTEM32\kernel.appcore.dll
0x00007ffea5aa0000 - 0x00007ffea5aaa000 	C:\Users\ediha\AppData\Roaming\.minecraft\runtime\java-runtime-gamma\windows\java-runtime-gamma\bin\jimage.dll
0x00007ffea07f0000 - 0x00007ffea0a23000 	C:\WINDOWS\SYSTEM32\DBGHELP.DLL
0x00007ffeab640000 - 0x00007ffeab9ca000 	C:\WINDOWS\System32\combase.dll
0x00007ffeab560000 - 0x00007ffeab637000 	C:\WINDOWS\System32\OLEAUT32.dll
0x00007ffea07b0000 - 0x00007ffea07e2000 	C:\WINDOWS\SYSTEM32\dbgcore.DLL
0x00007ffeaab10000 - 0x00007ffeaab8a000 	C:\WINDOWS\System32\bcryptPrimitives.dll
0x00007ffe74a90000 - 0x00007ffe74ab5000 	C:\Users\ediha\AppData\Roaming\.minecraft\runtime\java-runtime-gamma\windows\java-runtime-gamma\bin\java.dll
0x00007ffe8a300000 - 0x00007ffe8a318000 	C:\Users\ediha\AppData\Roaming\.minecraft\runtime\java-runtime-gamma\windows\java-runtime-gamma\bin\zip.dll
0x00007ffe1fa80000 - 0x00007ffe1fb57000 	C:\Users\ediha\AppData\Roaming\.minecraft\runtime\java-runtime-gamma\windows\java-runtime-gamma\bin\jsvml.dll
0x00007ffeac030000 - 0x00007ffeac886000 	C:\WINDOWS\System32\SHELL32.dll
0x00007ffea8520000 - 0x00007ffea8e2e000 	C:\WINDOWS\SYSTEM32\windows.storage.dll
0x00007ffea83e0000 - 0x00007ffea851e000 	C:\WINDOWS\SYSTEM32\wintypes.dll
0x00007ffeace60000 - 0x00007ffeacf53000 	C:\WINDOWS\System32\SHCORE.dll
0x00007ffeabfd0000 - 0x00007ffeac02e000 	C:\WINDOWS\System32\shlwapi.dll
0x00007ffeaa540000 - 0x00007ffeaa566000 	C:\WINDOWS\SYSTEM32\profapi.dll
0x00007ffe5c3b0000 - 0x00007ffe5c3c9000 	C:\Users\ediha\AppData\Roaming\.minecraft\runtime\java-runtime-gamma\windows\java-runtime-gamma\bin\net.dll
0x00007ffea1810000 - 0x00007ffea1947000 	C:\WINDOWS\SYSTEM32\WINHTTP.dll
0x00007ffea9a80000 - 0x00007ffea9ae9000 	C:\WINDOWS\system32\mswsock.dll
0x00007ffe5c390000 - 0x00007ffe5c3a6000 	C:\Users\ediha\AppData\Roaming\.minecraft\runtime\java-runtime-gamma\windows\java-runtime-gamma\bin\nio.dll
0x00007ffea3120000 - 0x00007ffea3130000 	C:\Users\ediha\AppData\Roaming\.minecraft\runtime\java-runtime-gamma\windows\java-runtime-gamma\bin\verify.dll
0x00007ffea2e20000 - 0x00007ffea2e29000 	C:\Users\ediha\AppData\Roaming\.minecraft\runtime\java-runtime-gamma\windows\java-runtime-gamma\bin\management.dll
0x00007ffea2e10000 - 0x00007ffea2e1b000 	C:\Users\ediha\AppData\Roaming\.minecraft\runtime\java-runtime-gamma\windows\java-runtime-gamma\bin\management_ext.dll
0x00007ffe96080000 - 0x00007ffe96097000 	C:\WINDOWS\system32\napinsp.dll
0x00007ffe96060000 - 0x00007ffe9607b000 	C:\WINDOWS\system32\pnrpnsp.dll
0x00007ffe96030000 - 0x00007ffe96051000 	C:\WINDOWS\system32\nlansp_c.dll
0x00007ffea9100000 - 0x00007ffea91f9000 	C:\WINDOWS\SYSTEM32\DNSAPI.dll
0x00007ffea90d0000 - 0x00007ffea90fd000 	C:\WINDOWS\SYSTEM32\IPHLPAPI.DLL
0x00007ffeaaff0000 - 0x00007ffeaaff9000 	C:\WINDOWS\System32\NSI.dll
0x00007ffe96010000 - 0x00007ffe96021000 	C:\WINDOWS\System32\winrnr.dll
0x00007ffe9bf10000 - 0x00007ffe9bf25000 	C:\WINDOWS\system32\wshbth.dll
0x00007ffea15c0000 - 0x00007ffea1644000 	C:\WINDOWS\System32\fwpuclnt.dll
0x00007ffea77b0000 - 0x00007ffea77ba000 	C:\Windows\System32\rasadhlp.dll
0x00007ffea9cb0000 - 0x00007ffea9ccb000 	C:\WINDOWS\SYSTEM32\CRYPTSP.dll
0x00007ffea9590000 - 0x00007ffea95c5000 	C:\WINDOWS\system32\rsaenh.dll
0x00007ffea9b50000 - 0x00007ffea9b7c000 	C:\WINDOWS\SYSTEM32\USERENV.dll
0x00007ffea9ee0000 - 0x00007ffea9f08000 	C:\WINDOWS\SYSTEM32\bcrypt.dll
0x00007ffea9cd0000 - 0x00007ffea9cdc000 	C:\WINDOWS\SYSTEM32\CRYPTBASE.dll
0x00007ffea16f0000 - 0x00007ffea1709000 	C:\WINDOWS\SYSTEM32\dhcpcsvc6.DLL
0x00007ffea16d0000 - 0x00007ffea16ef000 	C:\WINDOWS\SYSTEM32\dhcpcsvc.DLL
0x00007ffe59a70000 - 0x00007ffe59ab5000 	C:\Users\ediha\AppData\Local\Temp\jna-96358947\jna17678853680446079223.dll
0x00007ffeab200000 - 0x00007ffeab39f000 	C:\WINDOWS\System32\Ole32.dll
0x00007ffeab3a0000 - 0x00007ffeab450000 	C:\WINDOWS\System32\clbcatq.dll
0x00007ffe9ee50000 - 0x00007ffe9ee6d000 	C:\WINDOWS\SYSTEM32\amsi.dll
0x00007ffe7f280000 - 0x00007ffe7f2fc000 	C:\ProgramData\Microsoft\Windows Defender\Platform\4.18.23100.2009-0\MpOav.dll
0x00007ffe6f1a0000 - 0x00007ffe6f1f0000 	C:\WINDOWS\SYSTEM32\Pdh.dll
0x00007ffe9fb90000 - 0x00007ffe9fba0000 	C:\WINDOWS\System32\perfos.dll
0x00007ffe9f780000 - 0x00007ffe9f790000 	C:\WINDOWS\SYSTEM32\pfclient.dll
0x00007ffe14cd0000 - 0x00007ffe14d45000 	C:\Users\ediha\AppData\Local\Temp\lwjglediha\3.3.1-build-7\lwjgl.dll
0x00007ffe116e0000 - 0x00007ffe11939000 	C:\Users\ediha\AppData\Local\Temp\lwjglediha\3.3.1-build-7\jemalloc.dll
0x00007ffea2d00000 - 0x00007ffea2d0d000 	C:\Users\ediha\AppData\Roaming\.minecraft\runtime\java-runtime-gamma\windows\java-runtime-gamma\bin\sunmscapi.dll
0x00007ffeaab90000 - 0x00007ffeaacf6000 	C:\WINDOWS\System32\CRYPT32.dll
0x00007ffea9eb0000 - 0x00007ffea9edd000 	C:\WINDOWS\SYSTEM32\ncrypt.dll
0x00007ffea9e70000 - 0x00007ffea9ea7000 	C:\WINDOWS\SYSTEM32\NTASN1.dll
0x00007ffe90140000 - 0x00007ffe90330000 	C:\WINDOWS\system32\urlmon.dll
0x00007ffe92670000 - 0x00007ffe9292c000 	C:\WINDOWS\SYSTEM32\iertutil.dll
0x00007ffea9050000 - 0x00007ffea905c000 	C:\WINDOWS\SYSTEM32\netutils.dll
0x00007ffe95e80000 - 0x00007ffe95ea9000 	C:\WINDOWS\SYSTEM32\srvcli.dll
0x00007ffe46f50000 - 0x00007ffe46fb1000 	C:\Users\ediha\AppData\Local\Temp\lwjglediha\3.3.1-build-7\glfw.dll
0x00007ffe304d0000 - 0x00007ffe30516000 	C:\WINDOWS\SYSTEM32\dinput8.dll
0x00007ffe4b020000 - 0x00007ffe4b031000 	C:\WINDOWS\SYSTEM32\xinput1_4.dll
0x00007ffeaa210000 - 0x00007ffeaa25e000 	C:\WINDOWS\SYSTEM32\cfgmgr32.dll
0x00007ffeaa1e0000 - 0x00007ffeaa20c000 	C:\WINDOWS\SYSTEM32\DEVOBJ.dll
0x00007ffea8110000 - 0x00007ffea813b000 	C:\WINDOWS\SYSTEM32\dwmapi.dll
0x00007ffea3160000 - 0x00007ffea336a000 	C:\WINDOWS\SYSTEM32\inputhost.dll
0x00007ffea7330000 - 0x00007ffea7463000 	C:\WINDOWS\SYSTEM32\CoreMessaging.dll
0x00007ffea7ee0000 - 0x00007ffea7f8b000 	C:\WINDOWS\system32\uxtheme.dll
0x00007ffeab0b0000 - 0x00007ffeab1f8000 	C:\WINDOWS\System32\MSCTF.dll
0x00007ffe8a3d0000 - 0x00007ffe8a4d0000 	C:\WINDOWS\SYSTEM32\opengl32.dll
0x00007ffea04a0000 - 0x00007ffea04cd000 	C:\WINDOWS\SYSTEM32\GLU32.dll
0x00007ffea7fc0000 - 0x00007ffea7ff6000 	C:\WINDOWS\SYSTEM32\dxcore.dll
0x00007ffdc84b0000 - 0x00007ffdcc742000 	C:\WINDOWS\System32\DriverStore\FileRepository\nvhm.inf_amd64_90c7c001be422a52\nvoglv64.dll
0x00007ffeac890000 - 0x00007ffeacd04000 	C:\WINDOWS\System32\SETUPAPI.dll
0x00007ffea93d0000 - 0x00007ffea93e4000 	C:\WINDOWS\SYSTEM32\WTSAPI32.dll
0x00007ffea9e50000 - 0x00007ffea9e62000 	C:\WINDOWS\SYSTEM32\msasn1.dll
0x00007ffea4870000 - 0x00007ffea48a2000 	C:\WINDOWS\SYSTEM32\cryptnet.dll
0x00007ffea5c10000 - 0x00007ffea5d68000 	C:\WINDOWS\SYSTEM32\drvstore.dll
0x00007ffea9dd0000 - 0x00007ffea9e1b000 	C:\WINDOWS\SYSTEM32\wldp.dll
0x00007ffeaae20000 - 0x00007ffeaae8c000 	C:\WINDOWS\System32\WINTRUST.dll
0x00007ffea9630000 - 0x00007ffea9664000 	C:\WINDOWS\SYSTEM32\ntmarta.dll
0x00007ffeaa4e0000 - 0x00007ffeaa52d000 	C:\WINDOWS\SYSTEM32\powrprof.dll
0x00007ffeaa4c0000 - 0x00007ffeaa4d3000 	C:\WINDOWS\SYSTEM32\UMPDC.dll
0x00007ffeaa440000 - 0x00007ffeaa4a6000 	C:\WINDOWS\SYSTEM32\WINSTA.dll
0x00007ffe93750000 - 0x00007ffe938a6000 	C:\WINDOWS\SYSTEM32\textinputframework.dll
0x00007ffea5220000 - 0x00007ffea558c000 	C:\WINDOWS\SYSTEM32\CoreUIComponents.dll
0x00007ffe1fa20000 - 0x00007ffe1fa7d000 	C:\Users\ediha\AppData\Local\Temp\lwjglediha\3.3.1-build-7\lwjgl_opengl.dll
0x00007ffe14d70000 - 0x00007ffe14df1000 	C:\Users\ediha\AppData\Local\Temp\lwjglediha\3.3.1-build-7\lwjgl_stb.dll
0x00007ffea1950000 - 0x00007ffea1a0c000 	C:\WINDOWS\SYSTEM32\mscms.dll
0x00007ffe8a260000 - 0x00007ffe8a2a9000 	C:\WINDOWS\SYSTEM32\icm32.dll
0x00007ffe46f30000 - 0x00007ffe46f42000 	C:\Users\ediha\AppData\Roaming\.minecraft\runtime\java-runtime-gamma\windows\java-runtime-gamma\bin\jsound.dll
0x00007ffe145c0000 - 0x00007ffe14662000 	C:\WINDOWS\SYSTEM32\DSOUND.dll
0x00007ffe96950000 - 0x00007ffe96979000 	C:\WINDOWS\SYSTEM32\winmmbase.dll
0x00007ffe11b20000 - 0x00007ffe11bd1000 	C:\WINDOWS\SYSTEM32\ResampleDmo.DLL
0x00007ffea2310000 - 0x00007ffea231b000 	C:\WINDOWS\SYSTEM32\msdmo.dll
0x00007ffe9a3c0000 - 0x00007ffe9a45d000 	C:\WINDOWS\System32\MMDevApi.dll
0x00007ffe2dfe0000 - 0x00007ffe2e026000 	C:\WINDOWS\SYSTEM32\wdmaud.drv
0x00007ffe815a0000 - 0x00007ffe815a9000 	C:\WINDOWS\SYSTEM32\ksuser.dll
0x00007ffea5830000 - 0x00007ffea583b000 	C:\WINDOWS\SYSTEM32\AVRT.dll
0x00007ffe96250000 - 0x00007ffe96435000 	C:\WINDOWS\SYSTEM32\AUDIOSES.DLL
0x00007ffe800d0000 - 0x00007ffe800de000 	C:\WINDOWS\SYSTEM32\msacm32.drv
0x00007ffe47ac0000 - 0x00007ffe47ade000 	C:\WINDOWS\SYSTEM32\MSACM32.dll
0x00007ffe7e820000 - 0x00007ffe7e82b000 	C:\WINDOWS\SYSTEM32\midimap.dll

dbghelp: loaded successfully - version: 4.0.5 - missing functions: none
symbol engine: initialized successfully - sym options: 0x614 - pdb path: .;C:\Users\ediha\AppData\Roaming\.minecraft\runtime\java-runtime-gamma\windows\java-runtime-gamma\bin;C:\WINDOWS\SYSTEM32;C:\WINDOWS\WinSxS\amd64_microsoft.windows.common-controls_6595b64144ccf1df_6.0.23590.1000_none_ebcfe7d8fe46a426;C:\Users\ediha\AppData\Roaming\.minecraft\runtime\java-runtime-gamma\windows\java-runtime-gamma\bin\server;C:\Users\ediha\AppData\Local\Temp\jna-96358947;C:\ProgramData\Microsoft\Windows Defender\Platform\4.18.23100.2009-0;C:\Users\ediha\AppData\Local\Temp\lwjglediha\3.3.1-build-7;C:\WINDOWS\System32\DriverStore\FileRepository\nvhm.inf_amd64_90c7c001be422a52;C:\Users\ediha\AppData\Local\Temp\watermedia\vlc;C:\Users\ediha\AppData\Local\Temp\watermedia\vlc\plugins\access;C:\Users\ediha\AppData\Local\Temp\watermedia\vlc\plugins\audio_filter;C:\Users\ediha\AppData\Local\Temp\watermedia\vlc\plugins\audio_output;C:\Users\ediha\AppData\Local\Temp\watermedia\vlc\plugins\codec;C:\Users\ediha\AppData\Local\Temp\watermedia\vlc\plugins\demux;C:\Users\ediha\AppData\Local\Temp\watermedia\vlc\plugins\logger;C:\Users\ediha\AppData\Local\Temp\watermedia\vlc\plugins\lua;C:\Users\ediha\AppData\Local\Temp\watermedia\vlc\plugins\misc;C:\Users\ediha\AppData\Local\Temp\watermedia\vlc\plugins\mux;C:\Users\ediha\AppData\Local\Temp\watermedia\vlc\plugins\spu;C:\Users\ediha\AppData\Local\Temp\watermedia\vlc\plugins\stream_filter;C:\Users\ediha\AppData\Local\Temp\watermedia\vlc\plugins\video_chroma;C:\Users\ediha\AppData\Local\Temp\watermedia\vlc\plugins\video_filter;C:\Users\ediha\AppData\Local\Temp\watermedia\vlc\plugins\video_output;C:\WINDOWS\System32\Speech\Common;C:\Users\ediha\AppData\Local\Temp\opus4j-425b9c66b27e08f7e8fc45c7a6f2c641;C:\WINDOWS\system32\wbem

VM Arguments:
jvm_args: -Dos.name=Windows 10 -Dos.version=10.0 -XX:HeapDumpPath=MojangTricksIntelDriversForPerformance_javaw.exe_minecraft.exe.heapdump -Xss1M -Djava.library.path=C:\Users\ediha\AppData\Roaming\.minecraft\versions\COUPAINGS V3 - The Space Update\natives -Dminecraft.launcher.brand=minecraft-launcher -Dminecraft.launcher.version=2.3.173 -Djava.net.preferIPv6Addresses=system -DignoreList=bootstraplauncher,securejarhandler,asm-commons,asm-util,asm-analysis,asm-tree,asm,JarJarFileSystems,client-extra,fmlcore,javafmllanguage,lowcodelanguage,mclanguage,forge-,COUPAINGS V3 - The Space Update.jar -DmergeModules=jna-5.10.0.jar,jna-platform-5.10.0.jar -DlibraryDirectory=C:\Users\ediha\AppData\Roaming\.minecraft\libraries --module-path=C:\Users\ediha\AppData\Roaming\.minecraft\libraries/cpw/mods/bootstraplauncher/1.1.2/bootstraplauncher-1.1.2.jar;C:\Users\ediha\AppData\Roaming\.minecraft\libraries/cpw/mods/securejarhandler/2.1.4/securejarhandler-2.1.4.jar;C:\Users\ediha\AppData\Roaming\.minecraft\libraries/org/ow2/asm/asm-commons/9.5/asm-commons-9.5.jar;C:\Users\ediha\AppData\Roaming\.minecraft\libraries/org/ow2/asm/asm-util/9.5/asm-util-9.5.jar;C:\Users\ediha\AppData\Roaming\.minecraft\libraries/org/ow2/asm/asm-analysis/9.5/asm-analysis-9.5.jar;C:\Users\ediha\AppData\Roaming\.minecraft\libraries/org/ow2/asm/asm-tree/9.5/asm-tree-9.5.jar;C:\Users\ediha\AppData\Roaming\.minecraft\libraries/org/ow2/asm/asm/9.5/asm-9.5.jar;C:\Users\ediha\AppData\Roaming\.minecraft\libraries/net/minecraftforge/JarJarFileSystems/0.3.16/JarJarFileSystems-0.3.16.jar --add-modules=ALL-MODULE-PATH --add-opens=java.base/java.util.jar=cpw.mods.securejarhandler --add-opens=java.base/java.lang.invoke=cpw.mods.securejarhandler --add-exports=java.base/sun.security.util=cpw.mods.securejarhandler --add-exports=jdk.naming.dns/com.sun.jndi.dns=java.naming -Xmx7517M -XX:+UnlockExperimentalVMOptions -XX:+UseG1GC -XX:G1NewSizePercent=20 -XX:G1ReservePercent=20 -XX:MaxGCPauseMillis=50 -XX:G1HeapRegionSize=32M -Dfml.ignoreInvalidMinecraftCertificates=true -Dfml.ignorePatchDiscrepancies=true -Djava.net.preferIPv4Stack=true -Dminecraft.applet.TargetDirectory=C:\Users\ediha\AppData\Roaming\.minecraft\versions\COUPAINGS V3 - The Space Update -Dlog4j.configurationFile=C:\Users\ediha\AppData\Roaming\.minecraft\assets\log_configs\client-1.12.xml -DLibLoader.modsFolder=C:\Users\ediha\AppData\Roaming\.minecraft\versions\COUPAINGS V3 - The Space Update\mods 
java_command: cpw.mods.bootstraplauncher.BootstrapLauncher --username NOXX --version COUPAINGS V3 - The Space Update --gameDir C:\Users\ediha\AppData\Roaming\.minecraft\versions\COUPAINGS V3 - The Space Update --assetsDir C:\Users\ediha\AppData\Roaming\.minecraft\assets --assetIndex 1.19 --uuid 38a902e05e5d4b1c8e9677d0b37b108f --accessToken null --clientId null --xuid null --userType mojang --versionType release --width 925 --height 530 --launchTarget forgeclient --fml.forgeVersion 43.3.0 --fml.mcVersion 1.19.2 --fml.forgeGroup net.minecraftforge --fml.mcpVersion 20220805.130853
java_class_path (initial): C:\Users\ediha\AppData\Roaming\.minecraft\libraries\cpw\mods\securejarhandler\2.1.4\securejarhandler-2.1.4.jar;C:\Users\ediha\AppData\Roaming\.minecraft\libraries\org\ow2\asm\asm\9.5\asm-9.5.jar;C:\Users\ediha\AppData\Roaming\.minecraft\libraries\org\ow2\asm\asm-commons\9.5\asm-commons-9.5.jar;C:\Users\ediha\AppData\Roaming\.minecraft\libraries\org\ow2\asm\asm-tree\9.5\asm-tree-9.5.jar;C:\Users\ediha\AppData\Roaming\.minecraft\libraries\org\ow2\asm\asm-util\9.5\asm-util-9.5.jar;C:\Users\ediha\AppData\Roaming\.minecraft\libraries\org\ow2\asm\asm-analysis\9.5\asm-analysis-9.5.jar;C:\Users\ediha\AppData\Roaming\.minecraft\libraries\net\minecraftforge\accesstransformers\8.0.4\accesstransformers-8.0.4.jar;C:\Users\ediha\AppData\Roaming\.minecraft\libraries\org\antlr\antlr4-runtime\4.9.1\antlr4-runtime-4.9.1.jar;C:\Users\ediha\AppData\Roaming\.minecraft\libraries\net\minecraftforge\eventbus\6.0.3\eventbus-6.0.3.jar;C:\Users\ediha\AppData\Roaming\.minecraft\libraries\net\minecraftforge\forgespi\6.0.0\forgespi-6.0.0.jar;C:\Users\ediha\AppData\Roaming\.minecraft\libraries\net\minecraftforge\coremods\5.0.1\coremods-5.0.1.jar;C:\Users\ediha\AppData\Roaming\.minecraft\libraries\cpw\mods\modlauncher\10.0.8\modlauncher-10.0.8.jar;C:\Users\ediha\AppData\Roaming\.minecraft\libraries\net\minecraftforge\unsafe\0.2.0\unsafe-0.2.0.jar;C:\Users\ediha\AppData\Roaming\.minecraft\libraries\com\electronwill\night-config\core\3.6.4\core-3.6.4.jar;C:\Users\ediha\AppData\Roaming\.minecraft\libraries\com\electronwill\night-config\toml\3.6.4\toml-3.6.4.jar;C:\Users\ediha\AppData\Roaming\.minecraft\libraries\org\apache\maven\maven-artifact\3.8.5\maven-artifact-3.8.5.jar;C:\Users\ediha\AppData\Roaming\.minecraft\libraries\net\jodah\typetools\0.8.3\typetools-0.8.3.jar;C:\Users\ediha\AppData\Roaming\.minecraft\libraries\net\minecrell\terminalconsoleappender\1.2.0\terminalconsoleappender-1.2.0.jar;C:\Users\ediha\AppData\Roaming\.minecraft\libraries\org\jline\jline-reader\
Launcher Type: SUN_STANDARD

[Global flags]
     intx CICompilerCount                          = 4                                         {product} {ergonomic}
     uint ConcGCThreads                            = 3                                         {product} {ergonomic}
     uint G1ConcRefinementThreads                  = 10                                        {product} {ergonomic}
     uint G1EagerReclaimRemSetThreshold            = 256                                  {experimental} {ergonomic}
   size_t G1HeapRegionSize                         = 33554432                                  {product} {command line}
    uintx G1NewSizePercent                         = 20                                   {experimental} {command line}
    uintx G1ReservePercent                         = 20                                        {product} {command line}
    uintx GCDrainStackTargetSize                   = 64                                        {product} {ergonomic}
    ccstr HeapDumpPath                             = MojangTricksIntelDriversForPerformance_javaw.exe_minecraft.exe.heapdump         {manageable} {command line}
   size_t InitialHeapSize                          = 134217728                                 {product} {ergonomic}
   size_t MarkStackSize                            = 4194304                                   {product} {ergonomic}
    uintx MaxGCPauseMillis                         = 50                                        {product} {command line}
   size_t MaxHeapSize                              = 7885291520                                {product} {command line, ergonomic}
   size_t MaxNewSize                               = 4731174912                                {product} {ergonomic}
   size_t MinHeapDeltaBytes                        = 33554432                                  {product} {ergonomic}
   size_t MinHeapSize                              = 33554432                                  {product} {ergonomic}
    uintx NonNMethodCodeHeapSize                   = 5839372                                {pd product} {ergonomic}
    uintx NonProfiledCodeHeapSize                  = 122909434                              {pd product} {ergonomic}
    uintx ProfiledCodeHeapSize                     = 122909434                              {pd product} {ergonomic}
    uintx ReservedCodeCacheSize                    = 251658240                              {pd product} {ergonomic}
     bool SegmentedCodeCache                       = true                                      {product} {ergonomic}
   size_t SoftMaxHeapSize                          = 7885291520                             {manageable} {ergonomic}
     intx ThreadStackSize                          = 1024                                   {pd product} {command line}
     bool UnlockExperimentalVMOptions              = true                                 {experimental} {command line}
     bool UseCompressedClassPointers               = true                           {product lp64_product} {ergonomic}
     bool UseCompressedOops                        = true                           {product lp64_product} {ergonomic}
     bool UseG1GC                                  = true                                      {product} {command line}
     bool UseLargePagesIndividualAllocation        = false                                  {pd product} {ergonomic}

Logging:
Log output configuration:
 #0: stdout all=warning uptime,level,tags
 #1: stderr all=off uptime,level,tags

Environment Variables:
JAVA_HOME=C:\Program Files\Zulu\zulu-17-jre\
PATH=C:\Program Files\Common Files\Oracle\Java\javapath;C:\Program Files (x86)\Common Files\Intel\Shared Libraries\redist\intel64\compiler;C:\Program Files (x86)\Razer Chroma SDK\bin;C:\Program Files\Razer Chroma SDK\bin;C:\Program Files (x86)\Razer\ChromaBroadcast\bin;C:\Program Files\Razer\ChromaBroadcast\bin;C:\Program Files\ImageMagick-7.1.1-Q16-HDRI;C:\Program Files\Zulu\zulu-17-jre\bin\;C:\Program Files (x86)\Common Files\Oracle\Java\javapath;C:\ProgramData\Oracle\Java\javapath;C:\windows\system32;C:\windows;C:\windows\System32\Wbem;C:\windows\System32\WindowsPowerShell\v1.0\;C:\windows\System32\OpenSSH\;C:\Program Files (x86)\NVIDIA Corporation\PhysX\Common;C:\WINDOWS\system32;C:\WINDOWS;C:\WINDOWS\System32\Wbem;C:\WINDOWS\System32\WindowsPowerShell\v1.0\;C:\WINDOWS\System32\OpenSSH\;C:\Program Files\Microsoft SQL Server\130\Tools\Binn\;C:\Program Files\Microsoft SQL Server\Client SDK\ODBC\170\Tools\Binn\;C:\Program Files\dotnet\;C:\Program Files\Git\cmd;C:\Program Files\nodejs\;C:\Users\ediha\AppData\Local\Microsoft\WindowsApps;C:\Users\ediha\AppData\Roaming\npm;C:\Users\ediha\Desktop\Symphonic\ffmpeg\ffmpeg-2023-05-04-git-4006c71d19-full_build\bin;C:\WINDOWS\system32\config\systemprofile\AppData\Local\Microsoft\WindowsApps;C:\Program Files\Cloudflare\Cloudflare WARP\;C:\WINDOWS\system32;C:\WINDOWS;C:\WINDOWS\System32\Wbem;C:\WINDOWS\System32\WindowsPowerShell\v1.0\;C:\WINDOWS\System32\OpenSSH\;C:\Program Files\Common Files\Autodesk Shared\;C:\Users\ediha\AppData\Local\Microsoft\WindowsApps;C:\Users\ediha\AppData\Roaming\npm;C:\Users\ediha\Desktop\Symphonic\ffmpeg\ffmpeg-2023-05-04-git-4006c71d19-full_build\bin;C:\Users\ediha\AppData\Local\GitHubDesktop\bin;C:\Users\ediha\AppData\Local\Programs\Microsoft VS Code\bin;C:\Users\ediha\.dotnet\tools;C:\Program Files\Java\jre-1.8\bin
USERNAME=ediha
OS=Windows_NT
PROCESSOR_IDENTIFIER=AMD64 Family 25 Model 80 Stepping 0, AuthenticAMD



---------------  S Y S T E M  ---------------

OS:
 Windows 11 , 64 bit Build 23590 (10.0.23590.1000)
OS uptime: 8 days 18:25 hours
Hyper-V role detected

CPU: total 12 (initial active 12) (12 cores per cpu, 2 threads per core) family 25 model 80 stepping 0 microcode 0x0, cx8, cmov, fxsr, ht, mmx, 3dnowpref, sse, sse2, sse3, ssse3, sse4a, sse4.1, sse4.2, popcnt, lzcnt, tsc, tscinvbit, avx, avx2, aes, erms, clmul, bmi1, bmi2, adx, sha, fma, vzeroupper, clflush, clflushopt, hv

Memory: 4k page, system-wide physical 7519M (721M free)
TotalPageFile size 31071M (AvailPageFile size 6M)
current process WorkingSet (physical memory assigned to process): 3052M, peak: 4287M
current process commit charge ("private bytes"): 17384M, peak: 17385M

vm_info: OpenJDK 64-Bit Server VM (17.0.3+7-LTS) for windows-amd64 JRE (17.0.3+7-LTS), built on Apr 20 2022 04:24:16 by "" with MS VC++ 16.10 / 16.11 (VS2019)

END.
