#
# There is insufficient memory for the Java Runtime Environment to continue.
# Native memory allocation (malloc) failed to allocate 1447056 bytes for Chunk::new
# Possible reasons:
#   The system is out of physical RAM or swap space
#   The process is running with CompressedOops enabled, and the Java Heap may be blocking the growth of the native heap
# Possible solutions:
#   Reduce memory load on the system
#   Increase physical memory or swap space
#   Check if swap backing store is full
#   Decrease Java heap size (-Xmx/-Xms)
#   Decrease number of Java threads
#   Decrease Java thread stack sizes (-Xss)
#   Set larger code cache with -XX:ReservedCodeCacheSize=
#   JVM is running with Zero Based Compressed Oops mode in which the Java heap is
#     placed in the first 32GB address space. The Java Heap base address is the
#     maximum limit for the native heap growth. Please use -XX:HeapBaseMinAddress
#     to set the Java Heap base and to place the Java Heap above 32GB virtual address.
# This output file may be truncated or incomplete.
#
#  Out of Memory Error (arena.cpp:189), pid=19068, tid=30360
#
# JRE version: OpenJDK Runtime Environment Microsoft-32931 (17.0.3+7) (build 17.0.3+7-LTS)
# Java VM: OpenJDK 64-Bit Server VM Microsoft-32931 (17.0.3+7-LTS, mixed mode, tiered, compressed oops, compressed class ptrs, g1 gc, windows-amd64)
# No core dump will be written. Minidumps are not enabled by default on client versions of Windows
#

---------------  S U M M A R Y ------------

Command Line: -Dos.name=Windows 10 -Dos.version=10.0 -XX:HeapDumpPath=MojangTricksIntelDriversForPerformance_javaw.exe_minecraft.exe.heapdump -Xss1M -Djava.library.path=C:\Users\ediha\AppData\Roaming\.minecraft\versions\COUPAINGS V3 - The Space Update\natives -Dminecraft.launcher.brand=minecraft-launcher -Dminecraft.launcher.version=2.3.173 -Djava.net.preferIPv6Addresses=system -DignoreList=bootstraplauncher,securejarhandler,asm-commons,asm-util,asm-analysis,asm-tree,asm,JarJarFileSystems,client-extra,fmlcore,javafmllanguage,lowcodelanguage,mclanguage,forge-,COUPAINGS V3 - The Space Update.jar -DmergeModules=jna-5.10.0.jar,jna-platform-5.10.0.jar -DlibraryDirectory=C:\Users\ediha\AppData\Roaming\.minecraft\libraries --module-path=C:\Users\ediha\AppData\Roaming\.minecraft\libraries/cpw/mods/bootstraplauncher/1.1.2/bootstraplauncher-1.1.2.jar;C:\Users\ediha\AppData\Roaming\.minecraft\libraries/cpw/mods/securejarhandler/2.1.4/securejarhandler-2.1.4.jar;C:\Users\ediha\AppData\Roaming\.minecraft\libraries/org/ow2/asm/asm-commons/9.5/asm-commons-9.5.jar;C:\Users\ediha\AppData\Roaming\.minecraft\libraries/org/ow2/asm/asm-util/9.5/asm-util-9.5.jar;C:\Users\ediha\AppData\Roaming\.minecraft\libraries/org/ow2/asm/asm-analysis/9.5/asm-analysis-9.5.jar;C:\Users\ediha\AppData\Roaming\.minecraft\libraries/org/ow2/asm/asm-tree/9.5/asm-tree-9.5.jar;C:\Users\ediha\AppData\Roaming\.minecraft\libraries/org/ow2/asm/asm/9.5/asm-9.5.jar;C:\Users\ediha\AppData\Roaming\.minecraft\libraries/net/minecraftforge/JarJarFileSystems/0.3.16/JarJarFileSystems-0.3.16.jar --add-modules=ALL-MODULE-PATH --add-opens=java.base/java.util.jar=cpw.mods.securejarhandler --add-opens=java.base/java.lang.invoke=cpw.mods.securejarhandler --add-exports=java.base/sun.security.util=cpw.mods.securejarhandler --add-exports=jdk.naming.dns/com.sun.jndi.dns=java.naming -Xmx7517M -XX:+UnlockExperimentalVMOptions -XX:+UseG1GC -XX:G1NewSizePercent=20 -XX:G1ReservePercent=20 -XX:MaxGCPauseMillis=50 -XX:G1HeapRegionSize=32M -Dfml.ignoreInvalidMinecraftCertificates=true -Dfml.ignorePatchDiscrepancies=true -Djava.net.preferIPv4Stack=true -Dminecraft.applet.TargetDirectory=C:\Users\ediha\AppData\Roaming\.minecraft\versions\COUPAINGS V3 - The Space Update -Dlog4j.configurationFile=C:\Users\ediha\AppData\Roaming\.minecraft\assets\log_configs\client-1.12.xml -DLibLoader.modsFolder=C:\Users\ediha\AppData\Roaming\.minecraft\versions\COUPAINGS V3 - The Space Update\mods cpw.mods.bootstraplauncher.BootstrapLauncher --username NOXX --version COUPAINGS V3 - The Space Update --gameDir C:\Users\ediha\AppData\Roaming\.minecraft\versions\COUPAINGS V3 - The Space Update --assetsDir C:\Users\ediha\AppData\Roaming\.minecraft\assets --assetIndex 1.19 --uuid 38a902e05e5d4b1c8e9677d0b37b108f --accessToken null --clientId null --xuid null --userType mojang --versionType release --width 925 --height 530 --launchTarget forgeclient --fml.forgeVersion 43.3.0 --fml.mcVersion 1.19.2 --fml.forgeGroup net.minecraftforge --fml.mcpVersion 20220805.130853

Host: AMD Ryzen 5 5600H with Radeon Graphics         , 12 cores, 7G,  Windows 11 , 64 bit Build 23590 (10.0.23590.1000)
Time: Sat Dec  2 15:09:05 2023 Romance Standard Time elapsed time: 1161.460861 seconds (0d 0h 19m 21s)

---------------  T H R E A D  ---------------

Current thread (0x0000027b5400fe40):  JavaThread "C2 CompilerThread0" daemon [_thread_in_native, id=30360, stack(0x000000f142800000,0x000000f142900000)]


Current CompileTask:
C2:1161461 69105       4       net.minecraft.client.renderer.texture.TextureAtlas$$Lambda$21084/0x000000080224e778::run (40 bytes)

Stack: [0x000000f142800000,0x000000f142900000]
Native frames: (J=compiled Java code, j=interpreted, Vv=VM code, C=native code)
V  [jvm.dll+0x6771da]
V  [jvm.dll+0x8324e4]
V  [jvm.dll+0x833c8e]
V  [jvm.dll+0x8342f3]
V  [jvm.dll+0x245815]
V  [jvm.dll+0xabf1b]
V  [jvm.dll+0xac4ac]
V  [jvm.dll+0x363982]
V  [jvm.dll+0x32dea1]
V  [jvm.dll+0x32d34a]
V  [jvm.dll+0x218771]
V  [jvm.dll+0x217b91]
V  [jvm.dll+0x1a400d]
V  [jvm.dll+0x227508]
V  [jvm.dll+0x22565c]
V  [jvm.dll+0x7e7d2c]
V  [jvm.dll+0x7e22da]
V  [jvm.dll+0x676065]
C  [ucrtbase.dll+0x29363]
C  [KERNEL32.DLL+0x1257d]
C  [ntdll.dll+0x5aa88]


---------------  P R O C E S S  ---------------

Threads class SMR info:
_java_thread_list=0x0000027d4f7d6ca0, length=72, elements={
0x0000027b2a49b080, 0x0000027b533dfa40, 0x0000027b533e17f0, 0x0000027b5344dac0,
0x0000027b5344df90, 0x0000027b5344e460, 0x0000027b5344e930, 0x0000027b5400fe40,
0x0000027b5401dec0, 0x0000027b540283d0, 0x0000027b540331b0, 0x0000027b543042f0,
0x0000027b57189a80, 0x0000027b58827060, 0x0000027b58d869c0, 0x0000027b58d86e90,
0x0000027b58d87830, 0x0000027b5de514b0, 0x0000027b5de50b10, 0x0000027b57bef2f0,
0x0000027b57bed610, 0x0000027b57bec2d0, 0x0000027b57bf27e0, 0x0000027b57bf1e40,
0x0000027b57beaf90, 0x0000027b57bee480, 0x0000027b57beee20, 0x0000027b57beb460,
0x0000027b57bebe00, 0x0000027b57befc90, 0x0000027b57bec7a0, 0x0000027b57becc70,
0x0000027b5de53660, 0x0000027b78aa9230, 0x0000027b78aaeda0, 0x0000027b78aacbf0,
0x0000027b78aa9700, 0x0000027b74947320, 0x0000027b7494ace0, 0x0000027b74949e70,
0x0000027b749477f0, 0x0000027b749464b0, 0x0000027b7494d830, 0x0000027b78aa7ef0,
0x0000027b78aaf270, 0x0000027b6e6502e0, 0x0000027b6e657660, 0x0000027b6e654170,
0x0000027b6e653ca0, 0x0000027b6e655980, 0x0000027b6e651620, 0x0000027b78aaa570,
0x0000027cfabda230, 0x0000027cfabd8550, 0x0000027cfabd8ef0, 0x0000027cfabd3850,
0x0000027cfabd8080, 0x0000027cfabd93c0, 0x0000027cfabd7bb0, 0x0000027cfabda700,
0x0000027cfabdabd0, 0x0000027cfabd3380, 0x0000027d543269b0, 0x0000027d58c94890,
0x0000027d58c94d60, 0x0000027d58c95700, 0x0000027d58c943c0, 0x0000027d58c96a40,
0x0000027d58c7aab0, 0x0000027cfca57540, 0x0000027d76170bd0, 0x0000027b7a5f5c30
}

Java Threads: ( => current thread )
  0x0000027b2a49b080 JavaThread "Render thread" [_thread_in_native, id=20524, stack(0x000000f141b00000,0x000000f141c00000)]
  0x0000027b533dfa40 JavaThread "Reference Handler" daemon [_thread_blocked, id=23688, stack(0x000000f142200000,0x000000f142300000)]
  0x0000027b533e17f0 JavaThread "Finalizer" daemon [_thread_blocked, id=28548, stack(0x000000f142300000,0x000000f142400000)]
  0x0000027b5344dac0 JavaThread "Signal Dispatcher" daemon [_thread_blocked, id=28124, stack(0x000000f142400000,0x000000f142500000)]
  0x0000027b5344df90 JavaThread "Attach Listener" daemon [_thread_blocked, id=29112, stack(0x000000f142500000,0x000000f142600000)]
  0x0000027b5344e460 JavaThread "Service Thread" daemon [_thread_blocked, id=16220, stack(0x000000f142600000,0x000000f142700000)]
  0x0000027b5344e930 JavaThread "Monitor Deflation Thread" daemon [_thread_blocked, id=18356, stack(0x000000f142700000,0x000000f142800000)]
=>0x0000027b5400fe40 JavaThread "C2 CompilerThread0" daemon [_thread_in_native, id=30360, stack(0x000000f142800000,0x000000f142900000)]
  0x0000027b5401dec0 JavaThread "C1 CompilerThread0" daemon [_thread_blocked, id=16516, stack(0x000000f142900000,0x000000f142a00000)]
  0x0000027b540283d0 JavaThread "Sweeper thread" daemon [_thread_blocked, id=8512, stack(0x000000f142a00000,0x000000f142b00000)]
  0x0000027b540331b0 JavaThread "Common-Cleaner" daemon [_thread_blocked, id=10628, stack(0x000000f142b00000,0x000000f142c00000)]
  0x0000027b543042f0 JavaThread "Notification Thread" daemon [_thread_blocked, id=12464, stack(0x000000f142d00000,0x000000f142e00000)]
  0x0000027b57189a80 JavaThread "Thread-0" daemon [_thread_blocked, id=18268, stack(0x000000f143b00000,0x000000f143c00000)]
  0x0000027b58827060 JavaThread "FileSystemWatchService" daemon [_thread_in_native, id=10368, stack(0x000000f143c00000,0x000000f143d00000)]
  0x0000027b58d869c0 JavaThread "Timer hack thread" daemon [_thread_blocked, id=28636, stack(0x000000f144200000,0x000000f144300000)]
  0x0000027b58d86e90 JavaThread "Java2D Disposer" daemon [_thread_blocked, id=33244, stack(0x000000f144500000,0x000000f144600000)]
  0x0000027b58d87830 JavaThread "AWT-Windows" daemon [_thread_in_native, id=15152, stack(0x000000f144700000,0x000000f144800000)]
  0x0000027b5de514b0 JavaThread "Java Sound Event Dispatcher" daemon [_thread_blocked, id=19496, stack(0x000000f145a00000,0x000000f145b00000)]
  0x0000027b5de50b10 JavaThread "Direct Clip" daemon [_thread_blocked, id=27916, stack(0x000000f145d00000,0x000000f145e00000)]
  0x0000027b57bef2f0 JavaThread "Worker-Main-1" daemon [_thread_blocked, id=4780, stack(0x000000f146000000,0x000000f146100000)]
  0x0000027b57bed610 JavaThread "Worker-Main-2" daemon [_thread_blocked, id=18088, stack(0x000000f142c00000,0x000000f142d00000)]
  0x0000027b57bec2d0 JavaThread "FileSystemWatchService" daemon [_thread_in_native, id=11780, stack(0x000000f146300000,0x000000f146400000)]
  0x0000027b57bf27e0 JavaThread "FileSystemWatchService" daemon [_thread_in_native, id=2344, stack(0x000000f146400000,0x000000f146500000)]
  0x0000027b57bf1e40 JavaThread "Worker-Main-3" daemon [_thread_blocked, id=2492, stack(0x000000f144b00000,0x000000f144c00000)]
  0x0000027b57beaf90 JavaThread "Worker-Main-4" daemon [_thread_blocked, id=36452, stack(0x000000f145900000,0x000000f145a00000)]
  0x0000027b57bee480 JavaThread "Worker-Main-5" daemon [_thread_blocked, id=32296, stack(0x000000f146500000,0x000000f146600000)]
  0x0000027b57beee20 JavaThread "Worker-Main-6" daemon [_thread_blocked, id=26456, stack(0x000000f146600000,0x000000f146700000)]
  0x0000027b57beb460 JavaThread "Worker-Main-7" daemon [_thread_blocked, id=25376, stack(0x000000f146700000,0x000000f146800000)]
  0x0000027b57bebe00 JavaThread "Worker-Main-8" daemon [_thread_blocked, id=33588, stack(0x000000f146800000,0x000000f146900000)]
  0x0000027b57befc90 JavaThread "Worker-Main-9" daemon [_thread_blocked, id=10932, stack(0x000000f146900000,0x000000f146a00000)]
  0x0000027b57bec7a0 JavaThread "Worker-Main-10" daemon [_thread_in_native, id=19992, stack(0x000000f146a00000,0x000000f146b00000)]
  0x0000027b57becc70 JavaThread "Worker-Main-11" daemon [_thread_blocked, id=21428, stack(0x000000f146b00000,0x000000f146c00000)]
  0x0000027b5de53660 JavaThread "ConfigSaver" daemon [_thread_blocked, id=14236, stack(0x000000f147000000,0x000000f147100000)]
  0x0000027b78aa9230 JavaThread "HttpClient-1-SelectorManager" daemon [_thread_in_native, id=33664, stack(0x000000f147100000,0x000000f147200000)]
  0x0000027b78aaeda0 JavaThread "Thread-13" daemon [_thread_blocked, id=25016, stack(0x000000f146c00000,0x000000f146d00000)]
  0x0000027b78aacbf0 JavaThread "Thread-15" daemon [_thread_blocked, id=29908, stack(0x000000f147200000,0x000000f147300000)]
  0x0000027b78aa9700 JavaThread "lava-daemon-pool-manager-9-thread-1" daemon [_thread_blocked, id=13452, stack(0x000000f141800000,0x000000f141900000)]
  0x0000027b74947320 JavaThread "AWT-Shutdown" [_thread_blocked, id=20000, stack(0x000000f147600000,0x000000f147700000)]
  0x0000027b7494ace0 JavaThread "AWT-EventQueue-0" [_thread_blocked, id=34832, stack(0x000000f147700000,0x000000f147800000)]
  0x0000027b74949e70 JavaThread "TimerQueue" daemon [_thread_blocked, id=21288, stack(0x000000f148200000,0x000000f148300000)]
  0x0000027b749477f0 JavaThread "Thread-28" daemon [_thread_in_native, id=37084, stack(0x000000f149200000,0x000000f149300000)]
  0x0000027b749464b0 JavaThread "Netty Client IO #0" daemon [_thread_in_native, id=36568, stack(0x000000f148d00000,0x000000f148e00000)]
  0x0000027b7494d830 JavaThread "Server thread" [_thread_blocked, id=32160, stack(0x000000f148f00000,0x000000f149000000)]
  0x0000027b78aa7ef0 JavaThread "FileSystemWatchService" daemon [_thread_in_native, id=8220, stack(0x000000f149000000,0x000000f149100000)]
  0x0000027b78aaf270 JavaThread "MiniServServer" daemon [_thread_in_native, id=19916, stack(0x000000f149100000,0x000000f149200000)]
  0x0000027b6e6502e0 JavaThread "Netty Server IO #0" daemon [_thread_in_native, id=26632, stack(0x000000f147300000,0x000000f147400000)]
  0x0000027b6e657660 JavaThread "Netty Local Client IO #0" daemon [_thread_blocked, id=25668, stack(0x000000f147400000,0x000000f147500000)]
  0x0000027b6e654170 JavaThread "Netty Server IO #1" daemon [_thread_in_native, id=31140, stack(0x000000f148600000,0x000000f148700000)]
  0x0000027b6e653ca0 JavaThread "Sound engine" daemon [_thread_blocked, id=26872, stack(0x000000f148700000,0x000000f148800000)]
  0x0000027b6e655980 JavaThread "JEI Library Config file watcher" daemon [_thread_blocked, id=11776, stack(0x000000f149900000,0x000000f149a00000)]
  0x0000027b6e651620 JavaThread "JEI GUI Config file watcher" daemon [_thread_blocked, id=4048, stack(0x000000f148e00000,0x000000f148f00000)]
  0x0000027b78aaa570 JavaThread "MiniServClient" daemon [_thread_in_native, id=25716, stack(0x000000f149500000,0x000000f149600000)]
  0x0000027cfabda230 JavaThread "Flywheel 0" [_thread_blocked, id=16668, stack(0x000000f149600000,0x000000f149700000)]
  0x0000027cfabd8550 JavaThread "Flywheel 1" [_thread_blocked, id=36720, stack(0x000000f149a00000,0x000000f149b00000)]
  0x0000027cfabd8ef0 JavaThread "Flywheel 2" [_thread_blocked, id=27672, stack(0x000000f149b00000,0x000000f149c00000)]
  0x0000027cfabd3850 JavaThread "Flywheel 3" [_thread_blocked, id=36944, stack(0x000000f149c00000,0x000000f149d00000)]
  0x0000027cfabd8080 JavaThread "Flywheel 4" [_thread_blocked, id=27732, stack(0x000000f149d00000,0x000000f149e00000)]
  0x0000027cfabd93c0 JavaThread "Flywheel 5" [_thread_blocked, id=19048, stack(0x000000f149e00000,0x000000f149f00000)]
  0x0000027cfabd7bb0 JavaThread "pool-14-thread-1" daemon [_thread_blocked, id=18324, stack(0x000000f149f00000,0x000000f14a000000)]
  0x0000027cfabda700 JavaThread "JM-texture-2" [_thread_blocked, id=10984, stack(0x000000f14a100000,0x000000f14a200000)]
  0x0000027cfabdabd0 JavaThread "JM-texture-3" [_thread_blocked, id=23036, stack(0x000000f14a200000,0x000000f14a300000)]
  0x0000027cfabd3380 JavaThread "JM-task-4" [_thread_blocked, id=26844, stack(0x000000f14a300000,0x000000f14a400000)]
  0x0000027d543269b0 JavaThread "Swing-Shell" daemon [_thread_blocked, id=17916, stack(0x000000f14ad00000,0x000000f14ae00000)]
  0x0000027d58c94890 JavaThread "otyacraftengine-url-texture-loader-1" daemon [_thread_blocked, id=33236, stack(0x000000f145100000,0x000000f145200000)]
  0x0000027d58c94d60 JavaThread "otyacraftengine-url-texture-loader-2" daemon [_thread_blocked, id=7376, stack(0x000000f14c300000,0x000000f14c400000)]
  0x0000027d58c95700 JavaThread "otyacraftengine-url-texture-loader-3" daemon [_thread_blocked, id=36844, stack(0x000000f14c500000,0x000000f14c600000)]
  0x0000027d58c943c0 JavaThread "lava-daemon-pool-info-loader-8-thread-1" daemon [_thread_blocked, id=7548, stack(0x000000f14c000000,0x000000f14c100000)]
  0x0000027d58c96a40 JavaThread "IO-Worker-38" [_thread_blocked, id=15876, stack(0x000000f144e00000,0x000000f144f00000)]
  0x0000027d58c7aab0 JavaThread "IO-Worker-42" [_thread_blocked, id=27364, stack(0x000000f141a00000,0x000000f141b00000)]
  0x0000027cfca57540 JavaThread "IO-Worker-46" [_thread_blocked, id=3528, stack(0x000000f141900000,0x000000f141a00000)]
  0x0000027d76170bd0 JavaThread "IO-Worker-47" [_thread_blocked, id=30544, stack(0x000000f143e00000,0x000000f143f00000)]
  0x0000027b7a5f5c30 JavaThread "modloading-worker-0" daemon [_thread_blocked, id=29624, stack(0x000000f144800000,0x000000f144900000)]

Other Threads:
  0x0000027b533a2e50 VMThread "VM Thread" [stack: 0x000000f142100000,0x000000f142200000] [id=20256]
  0x0000027b54213f70 WatcherThread [stack: 0x000000f142e00000,0x000000f142f00000] [id=27564]
  0x0000027b2a5066f0 GCTaskThread "GC Thread#0" [stack: 0x000000f141c00000,0x000000f141d00000] [id=19500]
  0x0000027b548c8040 GCTaskThread "GC Thread#1" [stack: 0x000000f143000000,0x000000f143100000] [id=33888]
  0x0000027b548c82f0 GCTaskThread "GC Thread#2" [stack: 0x000000f143100000,0x000000f143200000] [id=28380]
  0x0000027b54a8edc0 GCTaskThread "GC Thread#3" [stack: 0x000000f143200000,0x000000f143300000] [id=29892]
  0x0000027b54b43ef0 GCTaskThread "GC Thread#4" [stack: 0x000000f143300000,0x000000f143400000] [id=15568]
  0x0000027b54b447b0 GCTaskThread "GC Thread#5" [stack: 0x000000f143400000,0x000000f143500000] [id=3096]
  0x0000027b5668c160 GCTaskThread "GC Thread#6" [stack: 0x000000f143500000,0x000000f143600000] [id=9604]
  0x0000027b5668d840 GCTaskThread "GC Thread#7" [stack: 0x000000f143600000,0x000000f143700000] [id=29864]
  0x0000027b56663560 GCTaskThread "GC Thread#8" [stack: 0x000000f143700000,0x000000f143800000] [id=17132]
  0x0000027b57b53360 GCTaskThread "GC Thread#9" [stack: 0x000000f143800000,0x000000f143900000] [id=33892]
  0x0000027b2a509290 ConcurrentGCThread "G1 Main Marker" [stack: 0x000000f141d00000,0x000000f141e00000] [id=19356]
  0x0000027b2a50a350 ConcurrentGCThread "G1 Conc#0" [stack: 0x000000f141e00000,0x000000f141f00000] [id=30700]
  0x0000027b554ea9c0 ConcurrentGCThread "G1 Conc#1" [stack: 0x000000f143900000,0x000000f143a00000] [id=4180]
  0x0000027b56c866c0 ConcurrentGCThread "G1 Conc#2" [stack: 0x000000f143a00000,0x000000f143b00000] [id=9164]
  0x0000027b2a5442b0 ConcurrentGCThread "G1 Refine#0" [stack: 0x000000f141f00000,0x000000f142000000] [id=30292]
  0x0000027b5a89fac0 ConcurrentGCThread "G1 Refine#1" [stack: 0x000000f144100000,0x000000f144200000] [id=35764]
  0x0000027b5a8a0920 ConcurrentGCThread "G1 Refine#2" [stack: 0x000000f144300000,0x000000f144400000] [id=35392]
  0x0000027b60b5ec20 ConcurrentGCThread "G1 Refine#3" [stack: 0x000000f145e00000,0x000000f145f00000] [id=5148]
  0x0000027b60b5e380 ConcurrentGCThread "G1 Refine#4" [stack: 0x000000f145f00000,0x000000f146000000] [id=20880]
  0x0000027b60b60ea0 ConcurrentGCThread "G1 Refine#5" [stack: 0x000000f146e00000,0x000000f146f00000] [id=1344]
  0x0000027b60b61180 ConcurrentGCThread "G1 Refine#6" [stack: 0x000000f147900000,0x000000f147a00000] [id=4604]
  0x0000027b60b61460 ConcurrentGCThread "G1 Refine#7" [stack: 0x000000f147a00000,0x000000f147b00000] [id=35848]
  0x0000027b60b61a20 ConcurrentGCThread "G1 Refine#8" [stack: 0x000000f147800000,0x000000f147900000] [id=22076]
  0x0000027b60b61d00 ConcurrentGCThread "G1 Refine#9" [stack: 0x000000f147b00000,0x000000f147c00000] [id=30072]
  0x0000027b2a5447f0 ConcurrentGCThread "G1 Service" [stack: 0x000000f142000000,0x000000f142100000] [id=7456]

Threads with active compile tasks:
C2 CompilerThread0  1161656 69105       4       net.minecraft.client.renderer.texture.TextureAtlas$$Lambda$21084/0x000000080224e778::run (40 bytes)

VM state: not at safepoint (normal execution)

VM Mutex/Monitor currently owned by a thread: None

Heap address: 0x000000062a000000, size: 7520 MB, Compressed Oops mode: Zero based, Oop shift amount: 3

CDS archive(s) not mapped
Compressed class space mapped at: 0x0000000800000000-0x0000000840000000, reserved size: 1073741824
Narrow klass base: 0x0000000800000000, Narrow klass shift: 0, Narrow klass range: 0x40000000

GC Precious Log:
 CPUs: 12 total, 12 available
 Memory: 7519M
 Large Page Support: Disabled
 NUMA Support: Disabled
 Compressed Oops: Enabled (Zero based)
 Heap Region Size: 32M
 Heap Min Capacity: 32M
 Heap Initial Capacity: 128M
 Heap Max Capacity: 7520M
 Pre-touch: Disabled
 Parallel Workers: 10
 Concurrent Workers: 3
 Concurrent Refinement Workers: 10
 Periodic GC: Disabled

Heap:
 garbage-first heap   total 6258688K, used 5511480K [0x000000062a000000, 0x0000000800000000)
  region size 32768K, 35 young (1146880K), 1 survivors (32768K)
 Metaspace       used 285220K, committed 287616K, reserved 1294336K
  class space    used 44729K, committed 45824K, reserved 1048576K

Heap Regions: E=young(eden), S=young(survivor), O=old, HS=humongous(starts), HC=humongous(continues), CS=collection set, F=free, OA=open archive, CA=closed archive, TAMS=top-at-mark-start (previous, next)
|   0|0x000000062a000000, 0x000000062c000000, 0x000000062c000000|100%| O|  |TAMS 0x000000062c000000, 0x000000062c000000| Untracked 
|   1|0x000000062c000000, 0x000000062e000000, 0x000000062e000000|100%| O|  |TAMS 0x000000062e000000, 0x000000062e000000| Untracked 
|   2|0x000000062e000000, 0x0000000630000000, 0x0000000630000000|100%| O|  |TAMS 0x0000000630000000, 0x0000000630000000| Untracked 
|   3|0x0000000630000000, 0x0000000632000000, 0x0000000632000000|100%| O|  |TAMS 0x0000000632000000, 0x0000000632000000| Untracked 
|   4|0x0000000632000000, 0x0000000634000000, 0x0000000634000000|100%| O|  |TAMS 0x0000000634000000, 0x0000000634000000| Untracked 
|   5|0x0000000634000000, 0x0000000636000000, 0x0000000636000000|100%| O|  |TAMS 0x0000000636000000, 0x0000000636000000| Untracked 
|   6|0x0000000636000000, 0x0000000638000000, 0x0000000638000000|100%| O|  |TAMS 0x0000000638000000, 0x0000000638000000| Untracked 
|   7|0x0000000638000000, 0x000000063a000000, 0x000000063a000000|100%| O|  |TAMS 0x000000063a000000, 0x000000063a000000| Untracked 
|   8|0x000000063a000000, 0x000000063c000000, 0x000000063c000000|100%| O|  |TAMS 0x000000063c000000, 0x000000063c000000| Untracked 
|   9|0x000000063c000000, 0x000000063e000000, 0x000000063e000000|100%| O|  |TAMS 0x000000063e000000, 0x000000063e000000| Untracked 
|  10|0x000000063e000000, 0x0000000640000000, 0x0000000640000000|100%| O|  |TAMS 0x0000000640000000, 0x0000000640000000| Untracked 
|  11|0x0000000640000000, 0x0000000642000000, 0x0000000642000000|100%| O|  |TAMS 0x0000000642000000, 0x0000000642000000| Untracked 
|  12|0x0000000642000000, 0x0000000644000000, 0x0000000644000000|100%| O|  |TAMS 0x0000000644000000, 0x0000000644000000| Untracked 
|  13|0x0000000644000000, 0x0000000646000000, 0x0000000646000000|100%| O|  |TAMS 0x0000000646000000, 0x0000000646000000| Untracked 
|  14|0x0000000646000000, 0x0000000648000000, 0x0000000648000000|100%| O|  |TAMS 0x0000000648000000, 0x0000000648000000| Untracked 
|  15|0x0000000648000000, 0x000000064a000000, 0x000000064a000000|100%| O|  |TAMS 0x000000064a000000, 0x000000064a000000| Untracked 
|  16|0x000000064a000000, 0x000000064c000000, 0x000000064c000000|100%| O|  |TAMS 0x000000064c000000, 0x000000064c000000| Untracked 
|  17|0x000000064c000000, 0x000000064e000000, 0x000000064e000000|100%| O|  |TAMS 0x000000064e000000, 0x000000064e000000| Untracked 
|  18|0x000000064e000000, 0x0000000650000000, 0x0000000650000000|100%| O|  |TAMS 0x0000000650000000, 0x0000000650000000| Untracked 
|  19|0x0000000650000000, 0x0000000652000000, 0x0000000652000000|100%| O|  |TAMS 0x0000000652000000, 0x0000000652000000| Untracked 
|  20|0x0000000652000000, 0x0000000654000000, 0x0000000654000000|100%| O|  |TAMS 0x0000000654000000, 0x0000000654000000| Untracked 
|  21|0x0000000654000000, 0x0000000656000000, 0x0000000656000000|100%| O|  |TAMS 0x0000000656000000, 0x0000000656000000| Untracked 
|  22|0x0000000656000000, 0x0000000658000000, 0x0000000658000000|100%| O|  |TAMS 0x0000000658000000, 0x0000000658000000| Untracked 
|  23|0x0000000658000000, 0x000000065a000000, 0x000000065a000000|100%| O|  |TAMS 0x000000065a000000, 0x000000065a000000| Untracked 
|  24|0x000000065a000000, 0x000000065c000000, 0x000000065c000000|100%| O|  |TAMS 0x000000065c000000, 0x000000065c000000| Untracked 
|  25|0x000000065c000000, 0x000000065e000000, 0x000000065e000000|100%| O|  |TAMS 0x000000065e000000, 0x000000065e000000| Untracked 
|  26|0x000000065e000000, 0x0000000660000000, 0x0000000660000000|100%| O|  |TAMS 0x0000000660000000, 0x0000000660000000| Untracked 
|  27|0x0000000660000000, 0x0000000662000000, 0x0000000662000000|100%| O|  |TAMS 0x0000000662000000, 0x0000000662000000| Untracked 
|  28|0x0000000662000000, 0x0000000664000000, 0x0000000664000000|100%| O|  |TAMS 0x0000000664000000, 0x0000000664000000| Untracked 
|  29|0x0000000664000000, 0x0000000666000000, 0x0000000666000000|100%| O|  |TAMS 0x0000000664000000, 0x0000000666000000| Untracked 
|  30|0x0000000666000000, 0x0000000668000000, 0x0000000668000000|100%| O|  |TAMS 0x0000000668000000, 0x0000000668000000| Untracked 
|  31|0x0000000668000000, 0x000000066a000000, 0x000000066a000000|100%| O|  |TAMS 0x000000066a000000, 0x000000066a000000| Untracked 
|  32|0x000000066a000000, 0x000000066c000000, 0x000000066c000000|100%| O|  |TAMS 0x000000066c000000, 0x000000066c000000| Untracked 
|  33|0x000000066c000000, 0x000000066e000000, 0x000000066e000000|100%| O|  |TAMS 0x000000066e000000, 0x000000066e000000| Untracked 
|  34|0x000000066e000000, 0x0000000670000000, 0x0000000670000000|100%| O|  |TAMS 0x0000000670000000, 0x0000000670000000| Untracked 
|  35|0x0000000670000000, 0x0000000672000000, 0x0000000672000000|100%| O|  |TAMS 0x0000000672000000, 0x0000000672000000| Untracked 
|  36|0x0000000672000000, 0x0000000674000000, 0x0000000674000000|100%| O|  |TAMS 0x0000000674000000, 0x0000000674000000| Untracked 
|  37|0x0000000674000000, 0x0000000676000000, 0x0000000676000000|100%| O|  |TAMS 0x0000000676000000, 0x0000000676000000| Untracked 
|  38|0x0000000676000000, 0x0000000678000000, 0x0000000678000000|100%| O|  |TAMS 0x0000000678000000, 0x0000000678000000| Untracked 
|  39|0x0000000678000000, 0x000000067a000000, 0x000000067a000000|100%| O|  |TAMS 0x000000067a000000, 0x000000067a000000| Untracked 
|  40|0x000000067a000000, 0x000000067c000000, 0x000000067c000000|100%| O|  |TAMS 0x000000067c000000, 0x000000067c000000| Untracked 
|  41|0x000000067c000000, 0x000000067e000000, 0x000000067e000000|100%| O|  |TAMS 0x000000067c000000, 0x000000067e000000| Untracked 
|  42|0x000000067e000000, 0x0000000680000000, 0x0000000680000000|100%| O|  |TAMS 0x000000067e000000, 0x0000000680000000| Untracked 
|  43|0x0000000680000000, 0x0000000682000000, 0x0000000682000000|100%| O|  |TAMS 0x0000000682000000, 0x0000000682000000| Untracked 
|  44|0x0000000682000000, 0x0000000684000000, 0x0000000684000000|100%| O|  |TAMS 0x0000000684000000, 0x0000000684000000| Untracked 
|  45|0x0000000684000000, 0x0000000686000000, 0x0000000686000000|100%| O|  |TAMS 0x0000000686000000, 0x0000000686000000| Untracked 
|  46|0x0000000686000000, 0x0000000688000000, 0x0000000688000000|100%| O|  |TAMS 0x0000000688000000, 0x0000000688000000| Untracked 
|  47|0x0000000688000000, 0x000000068a000000, 0x000000068a000000|100%| O|  |TAMS 0x000000068a000000, 0x000000068a000000| Untracked 
|  48|0x000000068a000000, 0x000000068c000000, 0x000000068c000000|100%| O|  |TAMS 0x000000068c000000, 0x000000068c000000| Untracked 
|  49|0x000000068c000000, 0x000000068e000000, 0x000000068e000000|100%| O|  |TAMS 0x000000068e000000, 0x000000068e000000| Untracked 
|  50|0x000000068e000000, 0x0000000690000000, 0x0000000690000000|100%| O|  |TAMS 0x0000000690000000, 0x0000000690000000| Untracked 
|  51|0x0000000690000000, 0x0000000692000000, 0x0000000692000000|100%| O|  |TAMS 0x0000000692000000, 0x0000000692000000| Untracked 
|  52|0x0000000692000000, 0x0000000694000000, 0x0000000694000000|100%| O|  |TAMS 0x0000000694000000, 0x0000000694000000| Untracked 
|  53|0x0000000694000000, 0x0000000696000000, 0x0000000696000000|100%| O|  |TAMS 0x0000000696000000, 0x0000000696000000| Untracked 
|  54|0x0000000696000000, 0x0000000698000000, 0x0000000698000000|100%| O|  |TAMS 0x0000000698000000, 0x0000000698000000| Untracked 
|  55|0x0000000698000000, 0x000000069a000000, 0x000000069a000000|100%| O|  |TAMS 0x000000069a000000, 0x000000069a000000| Untracked 
|  56|0x000000069a000000, 0x000000069c000000, 0x000000069c000000|100%| O|  |TAMS 0x000000069c000000, 0x000000069c000000| Untracked 
|  57|0x000000069c000000, 0x000000069e000000, 0x000000069e000000|100%| O|  |TAMS 0x000000069e000000, 0x000000069e000000| Untracked 
|  58|0x000000069e000000, 0x00000006a0000000, 0x00000006a0000000|100%| O|  |TAMS 0x00000006a0000000, 0x00000006a0000000| Untracked 
|  59|0x00000006a0000000, 0x00000006a2000000, 0x00000006a2000000|100%| O|  |TAMS 0x00000006a2000000, 0x00000006a2000000| Untracked 
|  60|0x00000006a2000000, 0x00000006a4000000, 0x00000006a4000000|100%| O|  |TAMS 0x00000006a4000000, 0x00000006a4000000| Untracked 
|  61|0x00000006a4000000, 0x00000006a6000000, 0x00000006a6000000|100%| O|  |TAMS 0x00000006a6000000, 0x00000006a6000000| Untracked 
|  62|0x00000006a6000000, 0x00000006a8000000, 0x00000006a8000000|100%| O|  |TAMS 0x00000006a8000000, 0x00000006a8000000| Untracked 
|  63|0x00000006a8000000, 0x00000006aa000000, 0x00000006aa000000|100%| O|  |TAMS 0x00000006aa000000, 0x00000006aa000000| Untracked 
|  64|0x00000006aa000000, 0x00000006ac000000, 0x00000006ac000000|100%| O|  |TAMS 0x00000006ac000000, 0x00000006ac000000| Untracked 
|  65|0x00000006ac000000, 0x00000006ae000000, 0x00000006ae000000|100%| O|  |TAMS 0x00000006ae000000, 0x00000006ae000000| Untracked 
|  66|0x00000006ae000000, 0x00000006b0000000, 0x00000006b0000000|100%| O|  |TAMS 0x00000006b0000000, 0x00000006b0000000| Untracked 
|  67|0x00000006b0000000, 0x00000006b2000000, 0x00000006b2000000|100%| O|  |TAMS 0x00000006b2000000, 0x00000006b2000000| Untracked 
|  68|0x00000006b2000000, 0x00000006b4000000, 0x00000006b4000000|100%| O|  |TAMS 0x00000006b4000000, 0x00000006b4000000| Untracked 
|  69|0x00000006b4000000, 0x00000006b6000000, 0x00000006b6000000|100%| O|  |TAMS 0x00000006b6000000, 0x00000006b6000000| Untracked 
|  70|0x00000006b6000000, 0x00000006b8000000, 0x00000006b8000000|100%| O|  |TAMS 0x00000006b8000000, 0x00000006b8000000| Untracked 
|  71|0x00000006b8000000, 0x00000006ba000000, 0x00000006ba000000|100%| O|  |TAMS 0x00000006ba000000, 0x00000006ba000000| Untracked 
|  72|0x00000006ba000000, 0x00000006bc000000, 0x00000006bc000000|100%| O|  |TAMS 0x00000006bc000000, 0x00000006bc000000| Untracked 
|  73|0x00000006bc000000, 0x00000006be000000, 0x00000006be000000|100%| O|  |TAMS 0x00000006be000000, 0x00000006be000000| Untracked 
|  74|0x00000006be000000, 0x00000006c0000000, 0x00000006c0000000|100%| O|  |TAMS 0x00000006c0000000, 0x00000006c0000000| Untracked 
|  75|0x00000006c0000000, 0x00000006c2000000, 0x00000006c2000000|100%| O|  |TAMS 0x00000006c0e1bc00, 0x00000006c2000000| Untracked 
|  76|0x00000006c2000000, 0x00000006c4000000, 0x00000006c4000000|100%| O|  |TAMS 0x00000006c2000000, 0x00000006c4000000| Untracked 
|  77|0x00000006c4000000, 0x00000006c6000000, 0x00000006c6000000|100%| O|  |TAMS 0x00000006c4000000, 0x00000006c6000000| Untracked 
|  78|0x00000006c6000000, 0x00000006c8000000, 0x00000006c8000000|100%| O|  |TAMS 0x00000006c6000000, 0x00000006c8000000| Untracked 
|  79|0x00000006c8000000, 0x00000006ca000000, 0x00000006ca000000|100%| O|  |TAMS 0x00000006c8000000, 0x00000006ca000000| Untracked 
|  80|0x00000006ca000000, 0x00000006cc000000, 0x00000006cc000000|100%| O|  |TAMS 0x00000006ca000000, 0x00000006cc000000| Untracked 
|  81|0x00000006cc000000, 0x00000006ce000000, 0x00000006ce000000|100%| O|  |TAMS 0x00000006cc000000, 0x00000006ce000000| Untracked 
|  82|0x00000006ce000000, 0x00000006d0000000, 0x00000006d0000000|100%| O|  |TAMS 0x00000006ce000000, 0x00000006d0000000| Untracked 
|  83|0x00000006d0000000, 0x00000006d2000000, 0x00000006d2000000|100%| O|  |TAMS 0x00000006d0000000, 0x00000006d2000000| Untracked 
|  84|0x00000006d2000000, 0x00000006d4000000, 0x00000006d4000000|100%| O|  |TAMS 0x00000006d2000000, 0x00000006d4000000| Untracked 
|  85|0x00000006d4000000, 0x00000006d6000000, 0x00000006d6000000|100%| O|  |TAMS 0x00000006d4000000, 0x00000006d6000000| Untracked 
|  86|0x00000006d6000000, 0x00000006d8000000, 0x00000006d8000000|100%| O|  |TAMS 0x00000006d6000000, 0x00000006d8000000| Untracked 
|  87|0x00000006d8000000, 0x00000006da000000, 0x00000006da000000|100%| O|  |TAMS 0x00000006d8000000, 0x00000006da000000| Untracked 
|  88|0x00000006da000000, 0x00000006dc000000, 0x00000006dc000000|100%| O|  |TAMS 0x00000006da000000, 0x00000006dc000000| Untracked 
|  89|0x00000006dc000000, 0x00000006de000000, 0x00000006de000000|100%| O|  |TAMS 0x00000006dc000000, 0x00000006de000000| Untracked 
|  90|0x00000006de000000, 0x00000006e0000000, 0x00000006e0000000|100%| O|  |TAMS 0x00000006de000000, 0x00000006e0000000| Untracked 
|  91|0x00000006e0000000, 0x00000006e2000000, 0x00000006e2000000|100%| O|  |TAMS 0x00000006e0000000, 0x00000006e2000000| Untracked 
|  92|0x00000006e2000000, 0x00000006e4000000, 0x00000006e4000000|100%| O|  |TAMS 0x00000006e2000000, 0x00000006e4000000| Untracked 
|  93|0x00000006e4000000, 0x00000006e6000000, 0x00000006e6000000|100%| O|  |TAMS 0x00000006e4000000, 0x00000006e6000000| Untracked 
|  94|0x00000006e6000000, 0x00000006e8000000, 0x00000006e8000000|100%| O|  |TAMS 0x00000006e6000000, 0x00000006e8000000| Untracked 
|  95|0x00000006e8000000, 0x00000006ea000000, 0x00000006ea000000|100%| O|  |TAMS 0x00000006e8000000, 0x00000006ea000000| Untracked 
|  96|0x00000006ea000000, 0x00000006ec000000, 0x00000006ec000000|100%| O|  |TAMS 0x00000006ea000000, 0x00000006ec000000| Untracked 
|  97|0x00000006ec000000, 0x00000006ee000000, 0x00000006ee000000|100%| O|  |TAMS 0x00000006ec000000, 0x00000006ee000000| Untracked 
|  98|0x00000006ee000000, 0x00000006f0000000, 0x00000006f0000000|100%| O|  |TAMS 0x00000006ee000000, 0x00000006f0000000| Untracked 
|  99|0x00000006f0000000, 0x00000006f2000000, 0x00000006f2000000|100%| O|  |TAMS 0x00000006f0000000, 0x00000006f2000000| Untracked 
| 100|0x00000006f2000000, 0x00000006f4000000, 0x00000006f4000000|100%| O|  |TAMS 0x00000006f2000000, 0x00000006f4000000| Untracked 
| 101|0x00000006f4000000, 0x00000006f6000000, 0x00000006f6000000|100%| O|  |TAMS 0x00000006f4000000, 0x00000006f6000000| Untracked 
| 102|0x00000006f6000000, 0x00000006f8000000, 0x00000006f8000000|100%| O|  |TAMS 0x00000006f6000000, 0x00000006f8000000| Untracked 
| 103|0x00000006f8000000, 0x00000006fa000000, 0x00000006fa000000|100%| O|  |TAMS 0x00000006f8000000, 0x00000006fa000000| Untracked 
| 104|0x00000006fa000000, 0x00000006fc000000, 0x00000006fc000000|100%| O|  |TAMS 0x00000006fa000000, 0x00000006fc000000| Untracked 
| 105|0x00000006fc000000, 0x00000006fe000000, 0x00000006fe000000|100%| O|  |TAMS 0x00000006fc000000, 0x00000006fe000000| Untracked 
| 106|0x00000006fe000000, 0x0000000700000000, 0x0000000700000000|100%| O|  |TAMS 0x00000006fe000000, 0x0000000700000000| Untracked 
| 107|0x0000000700000000, 0x0000000702000000, 0x0000000702000000|100%| O|  |TAMS 0x0000000700000000, 0x0000000702000000| Untracked 
| 108|0x0000000702000000, 0x0000000704000000, 0x0000000704000000|100%| O|  |TAMS 0x0000000702000000, 0x0000000704000000| Untracked 
| 109|0x0000000704000000, 0x0000000706000000, 0x0000000706000000|100%| O|  |TAMS 0x0000000704000000, 0x0000000706000000| Untracked 
| 110|0x0000000706000000, 0x0000000708000000, 0x0000000708000000|100%| O|  |TAMS 0x0000000706000000, 0x0000000708000000| Untracked 
| 111|0x0000000708000000, 0x000000070a000000, 0x000000070a000000|100%| O|  |TAMS 0x0000000708000000, 0x000000070a000000| Untracked 
| 112|0x000000070a000000, 0x000000070c000000, 0x000000070c000000|100%| O|  |TAMS 0x000000070a000000, 0x000000070c000000| Untracked 
| 113|0x000000070c000000, 0x000000070e000000, 0x000000070e000000|100%| O|  |TAMS 0x000000070c000000, 0x000000070e000000| Untracked 
| 114|0x000000070e000000, 0x0000000710000000, 0x0000000710000000|100%| O|  |TAMS 0x000000070e000000, 0x0000000710000000| Untracked 
| 115|0x0000000710000000, 0x0000000712000000, 0x0000000712000000|100%| O|  |TAMS 0x0000000710000000, 0x0000000712000000| Untracked 
| 116|0x0000000712000000, 0x0000000714000000, 0x0000000714000000|100%| O|  |TAMS 0x0000000712000000, 0x0000000714000000| Untracked 
| 117|0x0000000714000000, 0x0000000716000000, 0x0000000716000000|100%| O|  |TAMS 0x0000000714000000, 0x0000000716000000| Untracked 
| 118|0x0000000716000000, 0x0000000718000000, 0x0000000718000000|100%| O|  |TAMS 0x0000000716000000, 0x0000000718000000| Untracked 
| 119|0x0000000718000000, 0x000000071a000000, 0x000000071a000000|100%| O|  |TAMS 0x0000000718000000, 0x000000071a000000| Untracked 
| 120|0x000000071a000000, 0x000000071c000000, 0x000000071c000000|100%| O|  |TAMS 0x000000071a000000, 0x000000071c000000| Untracked 
| 121|0x000000071c000000, 0x000000071e000000, 0x000000071e000000|100%| O|  |TAMS 0x000000071c000000, 0x000000071e000000| Untracked 
| 122|0x000000071e000000, 0x0000000720000000, 0x0000000720000000|100%| O|  |TAMS 0x000000071e000000, 0x0000000720000000| Untracked 
| 123|0x0000000720000000, 0x0000000722000000, 0x0000000722000000|100%| O|  |TAMS 0x0000000720000000, 0x0000000722000000| Untracked 
| 124|0x0000000722000000, 0x0000000724000000, 0x0000000724000000|100%| O|  |TAMS 0x0000000722000000, 0x0000000724000000| Untracked 
| 125|0x0000000724000000, 0x0000000726000000, 0x0000000726000000|100%| O|  |TAMS 0x0000000724000000, 0x0000000726000000| Untracked 
| 126|0x0000000726000000, 0x0000000728000000, 0x0000000728000000|100%| O|  |TAMS 0x0000000726000000, 0x0000000728000000| Untracked 
| 127|0x0000000728000000, 0x000000072a000000, 0x000000072a000000|100%| O|  |TAMS 0x0000000728000000, 0x000000072a000000| Untracked 
| 128|0x000000072a000000, 0x000000072c000000, 0x000000072c000000|100%| O|  |TAMS 0x000000072a000000, 0x000000072c000000| Untracked 
| 129|0x000000072c000000, 0x000000072e000000, 0x000000072e000000|100%| O|  |TAMS 0x000000072c000000, 0x000000072e000000| Untracked 
| 130|0x000000072e000000, 0x0000000730000000, 0x0000000730000000|100%| O|  |TAMS 0x000000072e000000, 0x0000000730000000| Untracked 
| 131|0x0000000730000000, 0x0000000731acd600, 0x0000000732000000| 83%| O|  |TAMS 0x0000000730000000, 0x0000000731a6f600| Untracked 
| 132|0x0000000732000000, 0x0000000734000000, 0x0000000734000000|100%|HS|  |TAMS 0x0000000732000000, 0x0000000734000000| Complete 
| 133|0x0000000734000000, 0x0000000736000000, 0x0000000736000000|100%|HS|  |TAMS 0x0000000734000000, 0x0000000734000000| Complete 
| 134|0x0000000736000000, 0x0000000736000000, 0x0000000738000000|  0%| F|  |TAMS 0x0000000736000000, 0x0000000736000000| Untracked 
| 135|0x0000000738000000, 0x0000000738000000, 0x000000073a000000|  0%| F|  |TAMS 0x0000000738000000, 0x0000000738000000| Untracked 
| 136|0x000000073a000000, 0x000000073a000000, 0x000000073c000000|  0%| F|  |TAMS 0x000000073a000000, 0x000000073a000000| Untracked 
| 137|0x000000073c000000, 0x000000073e000000, 0x000000073e000000|100%|HS|  |TAMS 0x000000073c000000, 0x000000073e000000| Complete 
| 138|0x000000073e000000, 0x000000073e000000, 0x0000000740000000|  0%| F|  |TAMS 0x000000073e000000, 0x000000073e000000| Untracked 
| 139|0x0000000740000000, 0x0000000740000000, 0x0000000742000000|  0%| F|  |TAMS 0x0000000740000000, 0x0000000740000000| Untracked 
| 140|0x0000000742000000, 0x0000000742000000, 0x0000000744000000|  0%| F|  |TAMS 0x0000000742000000, 0x0000000742000000| Untracked 
| 141|0x0000000744000000, 0x0000000744000000, 0x0000000746000000|  0%| F|  |TAMS 0x0000000744000000, 0x0000000744000000| Untracked 
| 142|0x0000000746000000, 0x0000000746000000, 0x0000000748000000|  0%| F|  |TAMS 0x0000000746000000, 0x0000000746000000| Untracked 
| 143|0x0000000748000000, 0x0000000748000000, 0x000000074a000000|  0%| F|  |TAMS 0x0000000748000000, 0x0000000748000000| Untracked 
| 144|0x000000074a000000, 0x000000074a000000, 0x000000074c000000|  0%| F|  |TAMS 0x000000074a000000, 0x000000074a000000| Untracked 
| 145|0x000000074c000000, 0x000000074c000000, 0x000000074e000000|  0%| F|  |TAMS 0x000000074c000000, 0x000000074c000000| Untracked 
| 146|0x000000074e000000, 0x000000074e000000, 0x0000000750000000|  0%| F|  |TAMS 0x000000074e000000, 0x000000074e000000| Untracked 
| 147|0x0000000750000000, 0x0000000750000000, 0x0000000752000000|  0%| F|  |TAMS 0x0000000750000000, 0x0000000750000000| Untracked 
| 148|0x0000000752000000, 0x0000000752000000, 0x0000000754000000|  0%| F|  |TAMS 0x0000000752000000, 0x0000000752000000| Untracked 
| 149|0x0000000754000000, 0x0000000754000000, 0x0000000756000000|  0%| F|  |TAMS 0x0000000754000000, 0x0000000754000000| Untracked 
| 150|0x0000000756000000, 0x0000000756000000, 0x0000000758000000|  0%| F|  |TAMS 0x0000000756000000, 0x0000000756000000| Untracked 
| 151|0x0000000758000000, 0x0000000758000000, 0x000000075a000000|  0%| F|  |TAMS 0x0000000758000000, 0x0000000758000000| Untracked 
| 152|0x000000075a000000, 0x000000075a000000, 0x000000075c000000|  0%| F|  |TAMS 0x000000075a000000, 0x000000075a000000| Untracked 
| 153|0x000000075c000000, 0x000000075c000000, 0x000000075e000000|  0%| F|  |TAMS 0x000000075c000000, 0x000000075c000000| Untracked 
| 154|0x000000075e000000, 0x000000075e000000, 0x0000000760000000|  0%| F|  |TAMS 0x000000075e000000, 0x000000075e000000| Untracked 
| 155|0x0000000760000000, 0x0000000760000000, 0x0000000762000000|  0%| F|  |TAMS 0x0000000760000000, 0x0000000760000000| Untracked 
| 156|0x0000000762000000, 0x0000000763399928, 0x0000000764000000| 61%| E|  |TAMS 0x0000000762000000, 0x0000000762000000| Complete 
| 157|0x0000000764000000, 0x0000000766000000, 0x0000000766000000|100%| E|CS|TAMS 0x0000000764000000, 0x0000000764000000| Complete 
| 158|0x0000000766000000, 0x0000000768000000, 0x0000000768000000|100%| E|CS|TAMS 0x0000000766000000, 0x0000000766000000| Complete 
| 159|0x0000000768000000, 0x000000076a000000, 0x000000076a000000|100%| E|CS|TAMS 0x0000000768000000, 0x0000000768000000| Complete 
| 160|0x000000076a000000, 0x000000076c000000, 0x000000076c000000|100%| E|CS|TAMS 0x000000076a000000, 0x000000076a000000| Complete 
| 161|0x000000076c000000, 0x000000076e000000, 0x000000076e000000|100%| E|CS|TAMS 0x000000076c000000, 0x000000076c000000| Complete 
| 162|0x000000076e000000, 0x0000000770000000, 0x0000000770000000|100%| E|CS|TAMS 0x000000076e000000, 0x000000076e000000| Complete 
| 163|0x0000000770000000, 0x0000000772000000, 0x0000000772000000|100%| E|CS|TAMS 0x0000000770000000, 0x0000000770000000| Complete 
| 164|0x0000000772000000, 0x0000000774000000, 0x0000000774000000|100%| E|CS|TAMS 0x0000000772000000, 0x0000000772000000| Complete 
| 165|0x0000000774000000, 0x0000000776000000, 0x0000000776000000|100%| E|CS|TAMS 0x0000000774000000, 0x0000000774000000| Complete 
| 166|0x0000000776000000, 0x0000000778000000, 0x0000000778000000|100%| E|CS|TAMS 0x0000000776000000, 0x0000000776000000| Complete 
| 167|0x0000000778000000, 0x000000077a000000, 0x000000077a000000|100%| E|CS|TAMS 0x0000000778000000, 0x0000000778000000| Complete 
| 168|0x000000077a000000, 0x000000077c000000, 0x000000077c000000|100%| E|CS|TAMS 0x000000077a000000, 0x000000077a000000| Complete 
| 169|0x000000077c000000, 0x000000077e000000, 0x000000077e000000|100%| E|CS|TAMS 0x000000077c000000, 0x000000077c000000| Complete 
| 170|0x000000077e000000, 0x0000000780000000, 0x0000000780000000|100%| E|CS|TAMS 0x000000077e000000, 0x000000077e000000| Complete 
| 171|0x0000000780000000, 0x0000000782000000, 0x0000000782000000|100%| E|CS|TAMS 0x0000000780000000, 0x0000000780000000| Complete 
| 172|0x0000000782000000, 0x0000000784000000, 0x0000000784000000|100%| E|CS|TAMS 0x0000000782000000, 0x0000000782000000| Complete 
| 173|0x0000000784000000, 0x0000000786000000, 0x0000000786000000|100%| E|CS|TAMS 0x0000000784000000, 0x0000000784000000| Complete 
| 174|0x0000000786000000, 0x0000000788000000, 0x0000000788000000|100%| E|CS|TAMS 0x0000000786000000, 0x0000000786000000| Complete 
| 175|0x0000000788000000, 0x000000078a000000, 0x000000078a000000|100%| E|CS|TAMS 0x0000000788000000, 0x0000000788000000| Complete 
| 176|0x000000078a000000, 0x000000078c000000, 0x000000078c000000|100%| E|CS|TAMS 0x000000078a000000, 0x000000078a000000| Complete 
| 177|0x000000078c000000, 0x000000078e000000, 0x000000078e000000|100%| E|CS|TAMS 0x000000078c000000, 0x000000078c000000| Complete 
| 178|0x000000078e000000, 0x0000000790000000, 0x0000000790000000|100%| E|CS|TAMS 0x000000078e000000, 0x000000078e000000| Complete 
| 179|0x0000000790000000, 0x0000000790b80c20, 0x0000000792000000| 35%| S|CS|TAMS 0x0000000790000000, 0x0000000790000000| Complete 
| 180|0x0000000792000000, 0x0000000794000000, 0x0000000794000000|100%| E|CS|TAMS 0x0000000792000000, 0x0000000792000000| Complete 
| 181|0x0000000794000000, 0x0000000796000000, 0x0000000796000000|100%| E|CS|TAMS 0x0000000794000000, 0x0000000794000000| Complete 
| 182|0x0000000796000000, 0x0000000798000000, 0x0000000798000000|100%| E|CS|TAMS 0x0000000796000000, 0x0000000796000000| Complete 
| 183|0x0000000798000000, 0x000000079a000000, 0x000000079a000000|100%| E|CS|TAMS 0x0000000798000000, 0x0000000798000000| Complete 
| 184|0x000000079a000000, 0x000000079c000000, 0x000000079c000000|100%| E|CS|TAMS 0x000000079a000000, 0x000000079a000000| Complete 
| 185|0x000000079c000000, 0x000000079e000000, 0x000000079e000000|100%| E|CS|TAMS 0x000000079c000000, 0x000000079c000000| Complete 
| 186|0x000000079e000000, 0x00000007a0000000, 0x00000007a0000000|100%| E|CS|TAMS 0x000000079e000000, 0x000000079e000000| Complete 
| 187|0x00000007a0000000, 0x00000007a2000000, 0x00000007a2000000|100%| E|CS|TAMS 0x00000007a0000000, 0x00000007a0000000| Complete 
| 188|0x00000007a2000000, 0x00000007a4000000, 0x00000007a4000000|100%| E|CS|TAMS 0x00000007a2000000, 0x00000007a2000000| Complete 
| 189|0x00000007a4000000, 0x00000007a6000000, 0x00000007a6000000|100%| E|CS|TAMS 0x00000007a4000000, 0x00000007a4000000| Complete 
| 190|0x00000007a6000000, 0x00000007a8000000, 0x00000007a8000000|100%| E|CS|TAMS 0x00000007a6000000, 0x00000007a6000000| Complete 

Card table byte_map: [0x0000027b3ff50000,0x0000027b40e00000] _byte_map_base: 0x0000027b3ce00000

Marking Bits (Prev, Next): (CMBitMap*) 0x0000027b2a506c50, (CMBitMap*) 0x0000027b2a506c10
 Prev Bits: [0x0000027b49230000, 0x0000027b507b0000)
 Next Bits: [0x0000027b41cb0000, 0x0000027b49230000)

Polling page: 0x0000027b2a550000

Metaspace:

Usage:
  Non-class:    234.85 MB used.
      Class:     43.68 MB used.
       Both:    278.54 MB used.

Virtual space:
  Non-class space:      240.00 MB reserved,     236.12 MB ( 98%) committed,  30 nodes.
      Class space:        1.00 GB reserved,      44.75 MB (  4%) committed,  1 nodes.
             Both:        1.23 GB reserved,     280.88 MB ( 22%) committed. 

Chunk freelists:
   Non-Class:  3.84 MB
       Class:  3.26 MB
        Both:  7.10 MB

MaxMetaspaceSize: unlimited
CompressedClassSpaceSize: 1.00 GB
Initial GC threshold: 21.00 MB
Current GC threshold: 395.75 MB
CDS: off
MetaspaceReclaimPolicy: balanced
 - commit_granule_bytes: 65536.
 - commit_granule_words: 8192.
 - virtual_space_node_default_size: 1048576.
 - enlarge_chunks_in_place: 1.
 - new_chunks_are_fully_committed: 0.
 - uncommit_free_chunks: 1.
 - use_allocation_guard: 0.
 - handle_deallocations: 1.


Internal statistics:

num_allocs_failed_limit: 192.
num_arena_births: 4052.
num_arena_deaths: 2.
num_vsnodes_births: 31.
num_vsnodes_deaths: 0.
num_space_committed: 4483.
num_space_uncommitted: 0.
num_chunks_returned_to_freelist: 195.
num_chunks_taken_from_freelist: 15815.
num_chunk_merges: 181.
num_chunk_splits: 10698.
num_chunks_enlarged: 7398.
num_purges: 2.
num_inconsistent_stats: 0.

CodeHeap 'non-profiled nmethods': size=120000Kb used=65260Kb max_used=65260Kb free=54739Kb
 bounds [0x0000027b36ed0000, 0x0000027b3ae90000, 0x0000027b3e400000]
CodeHeap 'profiled nmethods': size=120000Kb used=68888Kb max_used=70343Kb free=51111Kb
 bounds [0x0000027b2f9a0000, 0x0000027b33e60000, 0x0000027b36ed0000]
CodeHeap 'non-nmethods': size=5760Kb used=2971Kb max_used=3077Kb free=2788Kb
 bounds [0x0000027b2f400000, 0x0000027b2f730000, 0x0000027b2f9a0000]
 total_blobs=45183 nmethods=42423 adapters=2665
 compilation: enabled
              stopped_count=0, restarted_count=0
 full_count=0

Compilation events (20 events):
Event: 1161.052 Thread 0x0000027b5400fe40 nmethod 69102 0x0000027b3ae87b10 code [0x0000027b3ae87cc0, 0x0000027b3ae88108]
Event: 1161.052 Thread 0x0000027b5400fe40 69103       4       com.mojang.blaze3d.platform.NativeImage::<init> (105 bytes)
Event: 1161.057 Thread 0x0000027b5400fe40 nmethod 69103 0x0000027b3ae88390 code [0x0000027b3ae88540, 0x0000027b3ae88988]
Event: 1161.058 Thread 0x0000027b5400fe40 69104       4       java.lang.invoke.VarHandleReferences$FieldInstanceReadWrite::compareAndSet (48 bytes)
Event: 1161.067 Thread 0x0000027b5400fe40 nmethod 69104 0x0000027b3ae88c10 code [0x0000027b3ae88da0, 0x0000027b3ae89118]
Event: 1161.067 Thread 0x0000027b5400fe40 69085  s    4       java.util.Vector::isEmpty (13 bytes)
Event: 1161.070 Thread 0x0000027b5400fe40 nmethod 69085 0x0000027b3ae89310 code [0x0000027b3ae89480, 0x0000027b3ae89638]
Event: 1161.070 Thread 0x0000027b5400fe40 69081       4       com.mojang.blaze3d.platform.NativeImage::<init> (73 bytes)
Event: 1161.073 Thread 0x0000027b5400fe40 nmethod 69081 0x0000027b3ae89710 code [0x0000027b3ae89880, 0x0000027b3ae89a78]
Event: 1161.073 Thread 0x0000027b5400fe40 69077       4       java.lang.Class::protectionDomain (48 bytes)
Event: 1161.089 Thread 0x0000027b5400fe40 nmethod 69077 0x0000027b3ae89b90 code [0x0000027b3ae89d40, 0x0000027b3ae8a598]
Event: 1161.089 Thread 0x0000027b5400fe40 69088       4       java.io.PrintWriter::ensureOpen (18 bytes)
Event: 1161.093 Thread 0x0000027b5400fe40 nmethod 69088 0x0000027b3ae8a810 code [0x0000027b3ae8a980, 0x0000027b3ae8aa18]
Event: 1161.093 Thread 0x0000027b5400fe40 69082       4       java.util.Stack::push (7 bytes)
Event: 1161.100 Thread 0x0000027b5400fe40 nmethod 69082 0x0000027b3ae8ab10 code [0x0000027b3ae8aca0, 0x0000027b3ae8afd8]
Event: 1161.141 Thread 0x0000027b5400fe40 69105       4       net.minecraft.client.renderer.texture.TextureAtlas$$Lambda$21084/0x000000080224e778::run (40 bytes)
Event: 1161.181 Thread 0x0000027b5401dec0 69110   !   3       java.util.zip.Inflater::getBytesWritten (23 bytes)
Event: 1161.182 Thread 0x0000027b5401dec0 nmethod 69110 0x0000027b324dab90 code [0x0000027b324dad40, 0x0000027b324daf68]
Event: 1161.311 Thread 0x0000027b5401dec0 69112       3       java.util.concurrent.ConcurrentLinkedQueue::toArrayInternal (141 bytes)
Event: 1161.314 Thread 0x0000027b5401dec0 nmethod 69112 0x0000027b33e27b10 code [0x0000027b33e27d60, 0x0000027b33e28bd8]

GC Heap History (20 events):
Event: 1149.149 GC heap before
{Heap before GC invocations=422 (full 0):
 garbage-first heap   total 6258688K, used 5470127K [0x000000062a000000, 0x0000000800000000)
  region size 32768K, 38 young (1245184K), 3 survivors (98304K)
 Metaspace       used 285202K, committed 287616K, reserved 1294336K
  class space    used 44729K, committed 45824K, reserved 1048576K
}
Event: 1149.178 GC heap after
{Heap after GC invocations=423 (full 0):
 garbage-first heap   total 6258688K, used 4324434K [0x000000062a000000, 0x0000000800000000)
  region size 32768K, 3 young (98304K), 3 survivors (98304K)
 Metaspace       used 285202K, committed 287616K, reserved 1294336K
  class space    used 44729K, committed 45824K, reserved 1048576K
}
Event: 1150.174 GC heap before
{Heap before GC invocations=423 (full 0):
 garbage-first heap   total 6258688K, used 5471314K [0x000000062a000000, 0x0000000800000000)
  region size 32768K, 38 young (1245184K), 3 survivors (98304K)
 Metaspace       used 285202K, committed 287616K, reserved 1294336K
  class space    used 44729K, committed 45824K, reserved 1048576K
}
Event: 1150.205 GC heap after
{Heap after GC invocations=424 (full 0):
 garbage-first heap   total 6258688K, used 4327013K [0x000000062a000000, 0x0000000800000000)
  region size 32768K, 3 young (98304K), 3 survivors (98304K)
 Metaspace       used 285202K, committed 287616K, reserved 1294336K
  class space    used 44729K, committed 45824K, reserved 1048576K
}
Event: 1151.842 GC heap before
{Heap before GC invocations=424 (full 0):
 garbage-first heap   total 6258688K, used 5473893K [0x000000062a000000, 0x0000000800000000)
  region size 32768K, 38 young (1245184K), 3 survivors (98304K)
 Metaspace       used 285202K, committed 287616K, reserved 1294336K
  class space    used 44729K, committed 45824K, reserved 1048576K
}
Event: 1151.871 GC heap after
{Heap after GC invocations=425 (full 0):
 garbage-first heap   total 6258688K, used 4323170K [0x000000062a000000, 0x0000000800000000)
  region size 32768K, 3 young (98304K), 3 survivors (98304K)
 Metaspace       used 285202K, committed 287616K, reserved 1294336K
  class space    used 44729K, committed 45824K, reserved 1048576K
}
Event: 1153.849 GC heap before
{Heap before GC invocations=425 (full 0):
 garbage-first heap   total 6258688K, used 5470050K [0x000000062a000000, 0x0000000800000000)
  region size 32768K, 38 young (1245184K), 3 survivors (98304K)
 Metaspace       used 285202K, committed 287616K, reserved 1294336K
  class space    used 44729K, committed 45824K, reserved 1048576K
}
Event: 1153.880 GC heap after
{Heap after GC invocations=426 (full 0):
 garbage-first heap   total 6258688K, used 4326039K [0x000000062a000000, 0x0000000800000000)
  region size 32768K, 3 young (98304K), 3 survivors (98304K)
 Metaspace       used 285202K, committed 287616K, reserved 1294336K
  class space    used 44729K, committed 45824K, reserved 1048576K
}
Event: 1156.051 GC heap before
{Heap before GC invocations=426 (full 0):
 garbage-first heap   total 6258688K, used 5472919K [0x000000062a000000, 0x0000000800000000)
  region size 32768K, 38 young (1245184K), 3 survivors (98304K)
 Metaspace       used 285205K, committed 287616K, reserved 1294336K
  class space    used 44729K, committed 45824K, reserved 1048576K
}
Event: 1156.129 GC heap after
{Heap after GC invocations=427 (full 0):
 garbage-first heap   total 6258688K, used 4321849K [0x000000062a000000, 0x0000000800000000)
  region size 32768K, 2 young (65536K), 2 survivors (65536K)
 Metaspace       used 285205K, committed 287616K, reserved 1294336K
  class space    used 44729K, committed 45824K, reserved 1048576K
}
Event: 1157.888 GC heap before
{Heap before GC invocations=427 (full 0):
 garbage-first heap   total 6258688K, used 5468729K [0x000000062a000000, 0x0000000800000000)
  region size 32768K, 38 young (1245184K), 2 survivors (65536K)
 Metaspace       used 285209K, committed 287616K, reserved 1294336K
  class space    used 44729K, committed 45824K, reserved 1048576K
}
Event: 1157.925 GC heap after
{Heap after GC invocations=428 (full 0):
 garbage-first heap   total 6258688K, used 4324961K [0x000000062a000000, 0x0000000800000000)
  region size 32768K, 1 young (32768K), 1 survivors (32768K)
 Metaspace       used 285209K, committed 287616K, reserved 1294336K
  class space    used 44729K, committed 45824K, reserved 1048576K
}
Event: 1158.879 GC heap before
{Heap before GC invocations=428 (full 0):
 garbage-first heap   total 6258688K, used 5537377K [0x000000062a000000, 0x0000000800000000)
  region size 32768K, 38 young (1245184K), 1 survivors (32768K)
 Metaspace       used 285213K, committed 287616K, reserved 1294336K
  class space    used 44729K, committed 45824K, reserved 1048576K
}
Event: 1158.908 GC heap after
{Heap after GC invocations=429 (full 0):
 garbage-first heap   total 6258688K, used 4325590K [0x000000062a000000, 0x0000000800000000)
  region size 32768K, 1 young (32768K), 1 survivors (32768K)
 Metaspace       used 285213K, committed 287616K, reserved 1294336K
  class space    used 44729K, committed 45824K, reserved 1048576K
}
Event: 1159.940 GC heap before
{Heap before GC invocations=429 (full 0):
 garbage-first heap   total 6258688K, used 5406934K [0x000000062a000000, 0x0000000800000000)
  region size 32768K, 31 young (1015808K), 1 survivors (32768K)
 Metaspace       used 285214K, committed 287616K, reserved 1294336K
  class space    used 44729K, committed 45824K, reserved 1048576K
}
Event: 1159.984 GC heap after
{Heap after GC invocations=430 (full 0):
 garbage-first heap   total 6258688K, used 4459056K [0x000000062a000000, 0x0000000800000000)
  region size 32768K, 1 young (32768K), 1 survivors (32768K)
 Metaspace       used 285214K, committed 287616K, reserved 1294336K
  class space    used 44729K, committed 45824K, reserved 1048576K
}
Event: 1160.487 GC heap before
{Heap before GC invocations=430 (full 0):
 garbage-first heap   total 6258688K, used 5016112K [0x000000062a000000, 0x0000000800000000)
  region size 32768K, 18 young (589824K), 1 survivors (32768K)
 Metaspace       used 285218K, committed 287616K, reserved 1294336K
  class space    used 44729K, committed 45824K, reserved 1048576K
}
Event: 1160.507 GC heap after
{Heap after GC invocations=431 (full 0):
 garbage-first heap   total 6258688K, used 4362745K [0x000000062a000000, 0x0000000800000000)
  region size 32768K, 1 young (32768K), 1 survivors (32768K)
 Metaspace       used 285218K, committed 287616K, reserved 1294336K
  class space    used 44729K, committed 45824K, reserved 1048576K
}
Event: 1160.811 GC heap before
{Heap before GC invocations=431 (full 0):
 garbage-first heap   total 6258688K, used 4723193K [0x000000062a000000, 0x0000000800000000)
  region size 32768K, 12 young (393216K), 1 survivors (32768K)
 Metaspace       used 285220K, committed 287616K, reserved 1294336K
  class space    used 44729K, committed 45824K, reserved 1048576K
}
Event: 1160.822 GC heap after
{Heap after GC invocations=432 (full 0):
 garbage-first heap   total 6258688K, used 4397368K [0x000000062a000000, 0x0000000800000000)
  region size 32768K, 1 young (32768K), 1 survivors (32768K)
 Metaspace       used 285220K, committed 287616K, reserved 1294336K
  class space    used 44729K, committed 45824K, reserved 1048576K
}

Deoptimization events (20 events):
Event: 1157.772 Thread 0x0000027b57bec7a0 Uncommon trap: trap_request=0xffffffde fr.pc=0x0000027b3848fdb0 relative=0x00000000000005f0
Event: 1157.772 Thread 0x0000027b57bec7a0 Uncommon trap: reason=class_check action=maybe_recompile pc=0x0000027b3848fdb0 method=com.google.common.collect.Maps$IteratorBasedAbstractMap$1.iterator()Ljava/util/Iterator; @ 4 c2
Event: 1157.772 Thread 0x0000027b57bec7a0 DEOPT PACKING pc=0x0000027b3848fdb0 sp=0x000000f146afe220
Event: 1157.772 Thread 0x0000027b57bec7a0 DEOPT UNPACKING pc=0x0000027b2f4523a3 sp=0x000000f146afe200 mode 2
Event: 1159.756 Thread 0x0000027b57becc70 Uncommon trap: trap_request=0xffffff45 fr.pc=0x0000027b37c0026c relative=0x000000000000114c
Event: 1159.756 Thread 0x0000027b57becc70 Uncommon trap: reason=unstable_if action=reinterpret pc=0x0000027b37c0026c method=org.lwjgl.system.MemoryUtil.memByteBufferSafe(JI)Ljava/nio/ByteBuffer; @ 3 c2
Event: 1159.757 Thread 0x0000027b57becc70 DEOPT PACKING pc=0x0000027b37c0026c sp=0x000000f146bfeca0
Event: 1159.757 Thread 0x0000027b57becc70 DEOPT UNPACKING pc=0x0000027b2f4523a3 sp=0x000000f146bfeaf0 mode 2
Event: 1160.067 Thread 0x0000027b57bf1e40 Uncommon trap: trap_request=0xffffff45 fr.pc=0x0000027b3ac98b38 relative=0x0000000000000378
Event: 1160.067 Thread 0x0000027b57bf1e40 Uncommon trap: reason=unstable_if action=reinterpret pc=0x0000027b3ac98b38 method=com.mojang.blaze3d.platform.NativeImage.m_85124_()V @ 6 c2
Event: 1160.067 Thread 0x0000027b57bf1e40 DEOPT PACKING pc=0x0000027b3ac98b38 sp=0x000000f144bfebf0
Event: 1160.067 Thread 0x0000027b57bf1e40 DEOPT UNPACKING pc=0x0000027b2f4523a3 sp=0x000000f144bfeab0 mode 2
Event: 1160.107 Thread 0x0000027b57befc90 Uncommon trap: trap_request=0xffffff45 fr.pc=0x0000027b39ce91bc relative=0x000000000000037c
Event: 1160.107 Thread 0x0000027b57befc90 Uncommon trap: reason=unstable_if action=reinterpret pc=0x0000027b39ce91bc method=com.mojang.blaze3d.platform.NativeImage.m_85124_()V @ 6 c2
Event: 1160.107 Thread 0x0000027b57befc90 DEOPT PACKING pc=0x0000027b39ce91bc sp=0x000000f1469fe950
Event: 1160.107 Thread 0x0000027b57befc90 DEOPT UNPACKING pc=0x0000027b2f4523a3 sp=0x000000f1469fe898 mode 2
Event: 1160.117 Thread 0x0000027b57beb460 Uncommon trap: trap_request=0xffffff45 fr.pc=0x0000027b3798e4e8 relative=0x0000000000000068
Event: 1160.117 Thread 0x0000027b57beb460 Uncommon trap: reason=unstable_if action=reinterpret pc=0x0000027b3798e4e8 method=com.mojang.blaze3d.platform.NativeImage.m_85124_()V @ 6 c2
Event: 1160.117 Thread 0x0000027b57beb460 DEOPT PACKING pc=0x0000027b3798e4e8 sp=0x000000f1467fee80
Event: 1160.118 Thread 0x0000027b57beb460 DEOPT UNPACKING pc=0x0000027b2f4523a3 sp=0x000000f1467fee10 mode 2

Classes unloaded (1 events):
Event: 38.961 Thread 0x0000027b533a2e50 Unloading class 0x0000000800e78000 'java/lang/invoke/LambdaForm$DMH+0x0000000800e78000'

Classes redefined (0 events):
No events

Internal exceptions (20 events):
Event: 1128.888 Thread 0x0000027b57beee20 Exception <a 'java/lang/NullPointerException'{0x000000078d0c1308}> (0x000000078d0c1308) 
thrown [d:\a\_work\1\jdk\src\hotspot\share\runtime\sharedRuntime.cpp, line 628]
Event: 1128.888 Thread 0x0000027b57beee20 Implicit null exception at 0x0000027b30e7a918 to 0x0000027b30e7be24
Event: 1128.888 Thread 0x0000027b57beee20 Exception <a 'java/lang/NullPointerException'{0x000000078d0c1658}> (0x000000078d0c1658) 
thrown [d:\a\_work\1\jdk\src\hotspot\share\runtime\sharedRuntime.cpp, line 628]
Event: 1128.889 Thread 0x0000027b57beee20 Implicit null exception at 0x0000027b30e7a918 to 0x0000027b30e7be24
Event: 1128.889 Thread 0x0000027b57beee20 Exception <a 'java/lang/NullPointerException'{0x000000078d0c8ce0}> (0x000000078d0c8ce0) 
thrown [d:\a\_work\1\jdk\src\hotspot\share\runtime\sharedRuntime.cpp, line 628]
Event: 1128.889 Thread 0x0000027b57beee20 Implicit null exception at 0x0000027b30e84218 to 0x0000027b30e85724
Event: 1128.889 Thread 0x0000027b57beee20 Exception <a 'java/lang/NullPointerException'{0x000000078d0c9030}> (0x000000078d0c9030) 
thrown [d:\a\_work\1\jdk\src\hotspot\share\runtime\sharedRuntime.cpp, line 628]
Event: 1128.889 Thread 0x0000027b57bf1e40 Implicit null exception at 0x0000027b30e74e98 to 0x0000027b30e763a4
Event: 1128.889 Thread 0x0000027b57bf1e40 Exception <a 'java/lang/NullPointerException'{0x000000078d738ee0}> (0x000000078d738ee0) 
thrown [d:\a\_work\1\jdk\src\hotspot\share\runtime\sharedRuntime.cpp, line 628]
Event: 1128.889 Thread 0x0000027b57bf1e40 Implicit null exception at 0x0000027b30e7a918 to 0x0000027b30e7be24
Event: 1128.889 Thread 0x0000027b57bf1e40 Exception <a 'java/lang/NullPointerException'{0x000000078d739230}> (0x000000078d739230) 
thrown [d:\a\_work\1\jdk\src\hotspot\share\runtime\sharedRuntime.cpp, line 628]
Event: 1128.890 Thread 0x0000027b57bf1e40 Implicit null exception at 0x0000027b30e74e98 to 0x0000027b30e763a4
Event: 1128.890 Thread 0x0000027b57bf1e40 Exception <a 'java/lang/NullPointerException'{0x000000078d7b9940}> (0x000000078d7b9940) 
thrown [d:\a\_work\1\jdk\src\hotspot\share\runtime\sharedRuntime.cpp, line 628]
Event: 1128.890 Thread 0x0000027b57bf1e40 Implicit null exception at 0x0000027b30e7a918 to 0x0000027b30e7be24
Event: 1128.890 Thread 0x0000027b57bf1e40 Exception <a 'java/lang/NullPointerException'{0x000000078d7b9c90}> (0x000000078d7b9c90) 
thrown [d:\a\_work\1\jdk\src\hotspot\share\runtime\sharedRuntime.cpp, line 628]
Event: 1128.891 Thread 0x0000027b57bf1e40 Implicit null exception at 0x0000027b30e74e98 to 0x0000027b30e763a4
Event: 1128.891 Thread 0x0000027b57bf1e40 Exception <a 'java/lang/NullPointerException'{0x000000078d83a3a0}> (0x000000078d83a3a0) 
thrown [d:\a\_work\1\jdk\src\hotspot\share\runtime\sharedRuntime.cpp, line 628]
Event: 1128.891 Thread 0x0000027b57bf1e40 Implicit null exception at 0x0000027b30e7a918 to 0x0000027b30e7be24
Event: 1128.891 Thread 0x0000027b57bf1e40 Exception <a 'java/lang/NullPointerException'{0x000000078d83a6f0}> (0x000000078d83a6f0) 
thrown [d:\a\_work\1\jdk\src\hotspot\share\runtime\sharedRuntime.cpp, line 628]
Event: 1129.038 Thread 0x0000027b57bf1e40 Implicit null exception at 0x0000027b397c776a to 0x0000027b397c7b30

VM Operations (20 events):
Event: 1151.842 Executing VM operation: G1CollectForAllocation
Event: 1151.871 Executing VM operation: G1CollectForAllocation done
Event: 1152.872 Executing VM operation: Cleanup
Event: 1152.872 Executing VM operation: Cleanup done
Event: 1153.849 Executing VM operation: G1CollectForAllocation
Event: 1153.880 Executing VM operation: G1CollectForAllocation done
Event: 1156.051 Executing VM operation: G1CollectForAllocation
Event: 1156.129 Executing VM operation: G1CollectForAllocation done
Event: 1157.888 Executing VM operation: G1CollectForAllocation
Event: 1157.926 Executing VM operation: G1CollectForAllocation done
Event: 1158.879 Executing VM operation: G1CollectForAllocation
Event: 1158.908 Executing VM operation: G1CollectForAllocation done
Event: 1159.780 Executing VM operation: G1TryInitiateConcMark
Event: 1159.984 Executing VM operation: G1TryInitiateConcMark done
Event: 1160.484 Executing VM operation: G1TryInitiateConcMark
Event: 1160.507 Executing VM operation: G1TryInitiateConcMark done
Event: 1160.811 Executing VM operation: G1TryInitiateConcMark
Event: 1160.811 Executing VM operation: G1TryInitiateConcMark done
Event: 1160.811 Executing VM operation: G1TryInitiateConcMark
Event: 1160.822 Executing VM operation: G1TryInitiateConcMark done

Events (20 events):
Event: 1160.534 Thread 0x0000027d4f706d50 Thread added: 0x0000027d4f706d50
Event: 1160.534 Thread 0x0000027d4f706d50 Thread exited: 0x0000027d4f706d50
Event: 1160.538 Thread 0x0000027d4f7076f0 Thread added: 0x0000027d4f7076f0
Event: 1160.538 Thread 0x0000027d4f7076f0 Thread exited: 0x0000027d4f7076f0
Event: 1160.671 Thread 0x0000027b7a5f5760 Thread added: 0x0000027b7a5f5760
Event: 1160.672 Thread 0x0000027b7a5f5760 Thread exited: 0x0000027b7a5f5760
Event: 1160.684 Thread 0x0000027cfdd6e3c0 Thread added: 0x0000027cfdd6e3c0
Event: 1160.685 Thread 0x0000027cfdd6e3c0 Thread exited: 0x0000027cfdd6e3c0
Event: 1160.694 Thread 0x0000027d4f708090 Thread added: 0x0000027d4f708090
Event: 1160.695 Thread 0x0000027d4f708090 Thread exited: 0x0000027d4f708090
Event: 1160.696 Thread 0x0000027d4f706d50 Thread added: 0x0000027d4f706d50
Event: 1160.697 Thread 0x0000027d4f706d50 Thread exited: 0x0000027d4f706d50
Event: 1160.698 Thread 0x0000027d77e56370 Thread added: 0x0000027d77e56370
Event: 1160.698 Thread 0x0000027d77e56370 Thread exited: 0x0000027d77e56370
Event: 1160.707 Thread 0x0000027d77e55030 Thread added: 0x0000027d77e55030
Event: 1160.707 Thread 0x0000027d77e55030 Thread exited: 0x0000027d77e55030
Event: 1161.063 Thread 0x0000027d58c96570 Thread exited: 0x0000027d58c96570
Event: 1161.065 Thread 0x0000027cfdd6e890 Thread exited: 0x0000027cfdd6e890
Event: 1161.394 Thread 0x0000027d4f706d50 Thread added: 0x0000027d4f706d50
Event: 1161.394 Thread 0x0000027d4f706d50 Thread exited: 0x0000027d4f706d50


Dynamic libraries:
0x00007ff7dc560000 - 0x00007ff7dc56e000 	C:\Users\ediha\AppData\Roaming\.minecraft\runtime\java-runtime-gamma\windows\java-runtime-gamma\bin\javaw.exe
0x00007ffead290000 - 0x00007ffead4a7000 	C:\WINDOWS\SYSTEM32\ntdll.dll
0x00007ffeabb80000 - 0x00007ffeabc44000 	C:\WINDOWS\System32\KERNEL32.DLL
0x00007ffeaa640000 - 0x00007ffeaa9ee000 	C:\WINDOWS\System32\KERNELBASE.dll
0x00007ffeaa9f0000 - 0x00007ffeaab01000 	C:\WINDOWS\System32\ucrtbase.dll
0x00007ffea2e10000 - 0x00007ffea2e2b000 	C:\Users\ediha\AppData\Roaming\.minecraft\runtime\java-runtime-gamma\windows\java-runtime-gamma\bin\VCRUNTIME140.dll
0x00007ffea2b80000 - 0x00007ffea2b98000 	C:\Users\ediha\AppData\Roaming\.minecraft\runtime\java-runtime-gamma\windows\java-runtime-gamma\bin\jli.dll
0x00007ffeacf60000 - 0x00007ffead10d000 	C:\WINDOWS\System32\USER32.dll
0x00007ffe94cc0000 - 0x00007ffe94f53000 	C:\WINDOWS\WinSxS\amd64_microsoft.windows.common-controls_6595b64144ccf1df_6.0.23590.1000_none_ebcfe7d8fe46a426\COMCTL32.dll
0x00007ffeaa610000 - 0x00007ffeaa636000 	C:\WINDOWS\System32\win32u.dll
0x00007ffeacd80000 - 0x00007ffeace27000 	C:\WINDOWS\System32\msvcrt.dll
0x00007ffeace30000 - 0x00007ffeace59000 	C:\WINDOWS\System32\GDI32.dll
0x00007ffeaad00000 - 0x00007ffeaae18000 	C:\WINDOWS\System32\gdi32full.dll
0x00007ffeaae90000 - 0x00007ffeaaf2a000 	C:\WINDOWS\System32\msvcp_win.dll
0x00007ffeab450000 - 0x00007ffeab481000 	C:\WINDOWS\System32\IMM32.DLL
0x00007ffea7e10000 - 0x00007ffea7e1c000 	C:\Users\ediha\AppData\Roaming\.minecraft\runtime\java-runtime-gamma\windows\java-runtime-gamma\bin\vcruntime140_1.dll
0x00007ffe6b540000 - 0x00007ffe6b5cd000 	C:\Users\ediha\AppData\Roaming\.minecraft\runtime\java-runtime-gamma\windows\java-runtime-gamma\bin\msvcp140.dll
0x00007ffdfec40000 - 0x00007ffdff89d000 	C:\Users\ediha\AppData\Roaming\.minecraft\runtime\java-runtime-gamma\windows\java-runtime-gamma\bin\server\jvm.dll
0x00007ffead1a0000 - 0x00007ffead250000 	C:\WINDOWS\System32\ADVAPI32.dll
0x00007ffeabd50000 - 0x00007ffeabdf6000 	C:\WINDOWS\System32\sechost.dll
0x00007ffeab9d0000 - 0x00007ffeabae7000 	C:\WINDOWS\System32\RPCRT4.dll
0x00007ffeabfc0000 - 0x00007ffeabfc8000 	C:\WINDOWS\System32\PSAPI.DLL
0x00007ffea2fb0000 - 0x00007ffea2fb9000 	C:\WINDOWS\SYSTEM32\WSOCK32.dll
0x00007ffea3a60000 - 0x00007ffea3a6a000 	C:\WINDOWS\SYSTEM32\VERSION.dll
0x00007ffea3a20000 - 0x00007ffea3a54000 	C:\WINDOWS\SYSTEM32\WINMM.dll
0x00007ffeabaf0000 - 0x00007ffeabb61000 	C:\WINDOWS\System32\WS2_32.dll
0x00007ffea9570000 - 0x00007ffea9588000 	C:\WINDOWS\SYSTEM32\kernel.appcore.dll
0x00007ffea2e00000 - 0x00007ffea2e0a000 	C:\Users\ediha\AppData\Roaming\.minecraft\runtime\java-runtime-gamma\windows\java-runtime-gamma\bin\jimage.dll
0x00007ffea07f0000 - 0x00007ffea0a23000 	C:\WINDOWS\SYSTEM32\DBGHELP.DLL
0x00007ffeab640000 - 0x00007ffeab9ca000 	C:\WINDOWS\System32\combase.dll
0x00007ffeab560000 - 0x00007ffeab637000 	C:\WINDOWS\System32\OLEAUT32.dll
0x00007ffea07b0000 - 0x00007ffea07e2000 	C:\WINDOWS\SYSTEM32\dbgcore.DLL
0x00007ffeaab10000 - 0x00007ffeaab8a000 	C:\WINDOWS\System32\bcryptPrimitives.dll
0x00007ffea1d70000 - 0x00007ffea1d95000 	C:\Users\ediha\AppData\Roaming\.minecraft\runtime\java-runtime-gamma\windows\java-runtime-gamma\bin\java.dll
0x00007ffe81c50000 - 0x00007ffe81c68000 	C:\Users\ediha\AppData\Roaming\.minecraft\runtime\java-runtime-gamma\windows\java-runtime-gamma\bin\zip.dll
0x00007ffe3bfc0000 - 0x00007ffe3c097000 	C:\Users\ediha\AppData\Roaming\.minecraft\runtime\java-runtime-gamma\windows\java-runtime-gamma\bin\jsvml.dll
0x00007ffeac030000 - 0x00007ffeac886000 	C:\WINDOWS\System32\SHELL32.dll
0x00007ffea8520000 - 0x00007ffea8e2e000 	C:\WINDOWS\SYSTEM32\windows.storage.dll
0x00007ffea83e0000 - 0x00007ffea851e000 	C:\WINDOWS\SYSTEM32\wintypes.dll
0x00007ffeace60000 - 0x00007ffeacf53000 	C:\WINDOWS\System32\SHCORE.dll
0x00007ffeabfd0000 - 0x00007ffeac02e000 	C:\WINDOWS\System32\shlwapi.dll
0x00007ffeaa540000 - 0x00007ffeaa566000 	C:\WINDOWS\SYSTEM32\profapi.dll
0x00007ffe81aa0000 - 0x00007ffe81ab9000 	C:\Users\ediha\AppData\Roaming\.minecraft\runtime\java-runtime-gamma\windows\java-runtime-gamma\bin\net.dll
0x00007ffea1810000 - 0x00007ffea1947000 	C:\WINDOWS\SYSTEM32\WINHTTP.dll
0x00007ffea9a80000 - 0x00007ffea9ae9000 	C:\WINDOWS\system32\mswsock.dll
0x00007ffe701c0000 - 0x00007ffe701d6000 	C:\Users\ediha\AppData\Roaming\.minecraft\runtime\java-runtime-gamma\windows\java-runtime-gamma\bin\nio.dll
0x00007ffea1e50000 - 0x00007ffea1e60000 	C:\Users\ediha\AppData\Roaming\.minecraft\runtime\java-runtime-gamma\windows\java-runtime-gamma\bin\verify.dll
0x00007ffe81f60000 - 0x00007ffe81f69000 	C:\Users\ediha\AppData\Roaming\.minecraft\runtime\java-runtime-gamma\windows\java-runtime-gamma\bin\management.dll
0x00007ffe73ba0000 - 0x00007ffe73bab000 	C:\Users\ediha\AppData\Roaming\.minecraft\runtime\java-runtime-gamma\windows\java-runtime-gamma\bin\management_ext.dll
0x00007ffe96080000 - 0x00007ffe96097000 	C:\WINDOWS\system32\napinsp.dll
0x00007ffe96060000 - 0x00007ffe9607b000 	C:\WINDOWS\system32\pnrpnsp.dll
0x00007ffe96030000 - 0x00007ffe96051000 	C:\WINDOWS\system32\nlansp_c.dll
0x00007ffea9100000 - 0x00007ffea91f9000 	C:\WINDOWS\SYSTEM32\DNSAPI.dll
0x00007ffea90d0000 - 0x00007ffea90fd000 	C:\WINDOWS\SYSTEM32\IPHLPAPI.DLL
0x00007ffeaaff0000 - 0x00007ffeaaff9000 	C:\WINDOWS\System32\NSI.dll
0x00007ffe96010000 - 0x00007ffe96021000 	C:\WINDOWS\System32\winrnr.dll
0x00007ffe9bf10000 - 0x00007ffe9bf25000 	C:\WINDOWS\system32\wshbth.dll
0x00007ffea15c0000 - 0x00007ffea1644000 	C:\WINDOWS\System32\fwpuclnt.dll
0x00007ffea77b0000 - 0x00007ffea77ba000 	C:\Windows\System32\rasadhlp.dll
0x00007ffea9cb0000 - 0x00007ffea9ccb000 	C:\WINDOWS\SYSTEM32\CRYPTSP.dll
0x00007ffea9590000 - 0x00007ffea95c5000 	C:\WINDOWS\system32\rsaenh.dll
0x00007ffea9b50000 - 0x00007ffea9b7c000 	C:\WINDOWS\SYSTEM32\USERENV.dll
0x00007ffea9ee0000 - 0x00007ffea9f08000 	C:\WINDOWS\SYSTEM32\bcrypt.dll
0x00007ffea9cd0000 - 0x00007ffea9cdc000 	C:\WINDOWS\SYSTEM32\CRYPTBASE.dll
0x00007ffea16f0000 - 0x00007ffea1709000 	C:\WINDOWS\SYSTEM32\dhcpcsvc6.DLL
0x00007ffea16d0000 - 0x00007ffea16ef000 	C:\WINDOWS\SYSTEM32\dhcpcsvc.DLL
0x00007ffe6f270000 - 0x00007ffe6f2b5000 	C:\Users\ediha\AppData\Local\Temp\jna-96358947\jna12769309037795472132.dll
0x00007ffeab200000 - 0x00007ffeab39f000 	C:\WINDOWS\System32\Ole32.dll
0x00007ffeab3a0000 - 0x00007ffeab450000 	C:\WINDOWS\System32\clbcatq.dll
0x00007ffe9ee50000 - 0x00007ffe9ee6d000 	C:\WINDOWS\SYSTEM32\amsi.dll
0x00007ffe7f280000 - 0x00007ffe7f2fc000 	C:\ProgramData\Microsoft\Windows Defender\Platform\4.18.23100.2009-0\MpOav.dll
0x00007ffe96200000 - 0x00007ffe96250000 	C:\WINDOWS\SYSTEM32\Pdh.dll
0x00007ffe9fb90000 - 0x00007ffe9fba0000 	C:\WINDOWS\System32\perfos.dll
0x00007ffe9f780000 - 0x00007ffe9f790000 	C:\WINDOWS\SYSTEM32\pfclient.dll
0x00007ffe6b300000 - 0x00007ffe6b375000 	C:\Users\ediha\AppData\Local\Temp\lwjglediha\3.3.1-build-7\lwjgl.dll
0x00007ffe39e00000 - 0x00007ffe3a059000 	C:\Users\ediha\AppData\Local\Temp\lwjglediha\3.3.1-build-7\jemalloc.dll
0x00007ffe1c190000 - 0x00007ffe1c31e000 	C:\Users\ediha\AppData\Roaming\.minecraft\runtime\java-runtime-gamma\windows\java-runtime-gamma\bin\awt.dll
0x00007ffea7610000 - 0x00007ffea76a7000 	C:\WINDOWS\SYSTEM32\apphelp.dll
0x00007ffe73330000 - 0x00007ffe7333d000 	C:\Users\ediha\AppData\Roaming\.minecraft\runtime\java-runtime-gamma\windows\java-runtime-gamma\bin\sunmscapi.dll
0x00007ffeaab90000 - 0x00007ffeaacf6000 	C:\WINDOWS\System32\CRYPT32.dll
0x00007ffea9eb0000 - 0x00007ffea9edd000 	C:\WINDOWS\SYSTEM32\ncrypt.dll
0x00007ffea9e70000 - 0x00007ffea9ea7000 	C:\WINDOWS\SYSTEM32\NTASN1.dll
0x00007ffea7ee0000 - 0x00007ffea7f8b000 	C:\WINDOWS\system32\uxtheme.dll
0x00007ffeab0b0000 - 0x00007ffeab1f8000 	C:\WINDOWS\System32\MSCTF.dll
0x00007ffea8110000 - 0x00007ffea813b000 	C:\WINDOWS\system32\DWMAPI.DLL
0x00007ffe90140000 - 0x00007ffe90330000 	C:\WINDOWS\system32\urlmon.dll
0x00007ffea9050000 - 0x00007ffea905c000 	C:\WINDOWS\SYSTEM32\netutils.dll
0x00007ffe92670000 - 0x00007ffe9292c000 	C:\WINDOWS\SYSTEM32\iertutil.dll
0x00007ffe95e80000 - 0x00007ffe95ea9000 	C:\WINDOWS\SYSTEM32\srvcli.dll
0x00007ffe5f1a0000 - 0x00007ffe5f201000 	C:\Users\ediha\AppData\Local\Temp\lwjglediha\3.3.1-build-7\glfw.dll
0x00007ffe6f130000 - 0x00007ffe6f176000 	C:\WINDOWS\SYSTEM32\dinput8.dll
0x00007ffe6ffa0000 - 0x00007ffe6ffb1000 	C:\WINDOWS\SYSTEM32\xinput1_4.dll
0x00007ffeaa210000 - 0x00007ffeaa25e000 	C:\WINDOWS\SYSTEM32\cfgmgr32.dll
0x00007ffeaa1e0000 - 0x00007ffeaa20c000 	C:\WINDOWS\SYSTEM32\DEVOBJ.dll
0x00007ffea34f0000 - 0x00007ffea36fa000 	C:\WINDOWS\SYSTEM32\inputhost.dll
0x00007ffea7330000 - 0x00007ffea7463000 	C:\WINDOWS\SYSTEM32\CoreMessaging.dll
0x00007ffe147a0000 - 0x00007ffe148a0000 	C:\WINDOWS\SYSTEM32\opengl32.dll
0x00007ffe14630000 - 0x00007ffe1465d000 	C:\WINDOWS\SYSTEM32\GLU32.dll
0x00007ffea7fc0000 - 0x00007ffea7ff6000 	C:\WINDOWS\SYSTEM32\dxcore.dll
0x00007ffe9c1c0000 - 0x00007ffe9c2f5000 	C:\Windows\System32\AppXDeploymentClient.dll
0x00007ffdb3d80000 - 0x00007ffdb8012000 	C:\WINDOWS\System32\DriverStore\FileRepository\nvhm.inf_amd64_90c7c001be422a52\nvoglv64.dll
0x00007ffeac890000 - 0x00007ffeacd04000 	C:\WINDOWS\System32\SETUPAPI.dll
0x00007ffea93d0000 - 0x00007ffea93e4000 	C:\WINDOWS\SYSTEM32\WTSAPI32.dll
0x00007ffea9e50000 - 0x00007ffea9e62000 	C:\WINDOWS\SYSTEM32\msasn1.dll
0x00007ffea4870000 - 0x00007ffea48a2000 	C:\WINDOWS\SYSTEM32\cryptnet.dll
0x00007ffea5c10000 - 0x00007ffea5d68000 	C:\WINDOWS\SYSTEM32\drvstore.dll
0x00007ffea9dd0000 - 0x00007ffea9e1b000 	C:\WINDOWS\SYSTEM32\wldp.dll
0x00007ffeaae20000 - 0x00007ffeaae8c000 	C:\WINDOWS\System32\WINTRUST.dll
0x00007ffea9630000 - 0x00007ffea9664000 	C:\WINDOWS\SYSTEM32\ntmarta.dll
0x00007ffeaa4e0000 - 0x00007ffeaa52d000 	C:\WINDOWS\SYSTEM32\powrprof.dll
0x00007ffeaa4c0000 - 0x00007ffeaa4d3000 	C:\WINDOWS\SYSTEM32\UMPDC.dll
0x00007ffeaa440000 - 0x00007ffeaa4a6000 	C:\WINDOWS\SYSTEM32\WINSTA.dll
0x00007ffe93750000 - 0x00007ffe938a6000 	C:\WINDOWS\SYSTEM32\textinputframework.dll
0x00007ffea5220000 - 0x00007ffea558c000 	C:\WINDOWS\SYSTEM32\CoreUIComponents.dll
0x00007ffe70130000 - 0x00007ffe7018d000 	C:\Users\ediha\AppData\Local\Temp\lwjglediha\3.3.1-build-7\lwjgl_opengl.dll
0x00007ffe3aeb0000 - 0x00007ffe3af31000 	C:\Users\ediha\AppData\Local\Temp\lwjglediha\3.3.1-build-7\lwjgl_stb.dll
0x00007ffea1950000 - 0x00007ffea1a0c000 	C:\WINDOWS\SYSTEM32\mscms.dll
0x00007ffe14590000 - 0x00007ffe145d9000 	C:\WINDOWS\SYSTEM32\icm32.dll
0x00007ffe9f6f0000 - 0x00007ffe9f700000 	C:\WINDOWS\system32\wbem\wbemprox.dll
0x00007ffe9f670000 - 0x00007ffe9f6f0000 	C:\WINDOWS\SYSTEM32\wbemcomn.dll
0x00007ffe9ef10000 - 0x00007ffe9ef24000 	C:\WINDOWS\system32\wbem\wbemsvc.dll
0x00007ffe9ef30000 - 0x00007ffe9f028000 	C:\WINDOWS\system32\wbem\fastprox.dll
0x00007ffe6ff60000 - 0x00007ffe6ff72000 	C:\Users\ediha\AppData\Roaming\.minecraft\runtime\java-runtime-gamma\windows\java-runtime-gamma\bin\jsound.dll
0x00007ffe6ecb0000 - 0x00007ffe6ed52000 	C:\WINDOWS\SYSTEM32\DSOUND.dll
0x00007ffe96950000 - 0x00007ffe96979000 	C:\WINDOWS\SYSTEM32\winmmbase.dll
0x00007ffe6ebf0000 - 0x00007ffe6eca1000 	C:\WINDOWS\SYSTEM32\ResampleDmo.DLL
0x00007ffea30e0000 - 0x00007ffea30eb000 	C:\WINDOWS\SYSTEM32\msdmo.dll
0x00007ffe9a3c0000 - 0x00007ffe9a45d000 	C:\WINDOWS\System32\MMDevApi.dll

dbghelp: loaded successfully - version: 4.0.5 - missing functions: none
symbol engine: initialized successfully - sym options: 0x614 - pdb path: .;C:\Users\ediha\AppData\Roaming\.minecraft\runtime\java-runtime-gamma\windows\java-runtime-gamma\bin;C:\WINDOWS\SYSTEM32;C:\WINDOWS\WinSxS\amd64_microsoft.windows.common-controls_6595b64144ccf1df_6.0.23590.1000_none_ebcfe7d8fe46a426;C:\Users\ediha\AppData\Roaming\.minecraft\runtime\java-runtime-gamma\windows\java-runtime-gamma\bin\server;C:\Users\ediha\AppData\Local\Temp\jna-96358947;C:\ProgramData\Microsoft\Windows Defender\Platform\4.18.23100.2009-0;C:\Users\ediha\AppData\Local\Temp\lwjglediha\3.3.1-build-7;C:\WINDOWS\System32\DriverStore\FileRepository\nvhm.inf_amd64_90c7c001be422a52;C:\WINDOWS\system32\wbem;C:\Users\ediha\AppData\Local\Temp\watermedia\vlc;C:\Users\ediha\AppData\Local\Temp\watermedia\vlc\plugins\access;C:\Users\ediha\AppData\Local\Temp\watermedia\vlc\plugins\audio_filter;C:\Users\ediha\AppData\Local\Temp\watermedia\vlc\plugins\audio_output;C:\Users\ediha\AppData\Local\Temp\watermedia\vlc\plugins\codec;C:\Users\ediha\AppData\Local\Temp\watermedia\vlc\plugins\demux;C:\Users\ediha\AppData\Local\Temp\watermedia\vlc\plugins\logger;C:\Users\ediha\AppData\Local\Temp\watermedia\vlc\plugins\lua;C:\Users\ediha\AppData\Local\Temp\watermedia\vlc\plugins\misc;C:\Users\ediha\AppData\Local\Temp\watermedia\vlc\plugins\mux;C:\Users\ediha\AppData\Local\Temp\watermedia\vlc\plugins\spu;C:\Users\ediha\AppData\Local\Temp\watermedia\vlc\plugins\stream_filter;C:\Users\ediha\AppData\Local\Temp\watermedia\vlc\plugins\video_chroma;C:\Users\ediha\AppData\Local\Temp\watermedia\vlc\plugins\video_filter;C:\Users\ediha\AppData\Local\Temp\watermedia\vlc\plugins\video_output;C:\WINDOWS\System32\Speech\Common;C:\Users\ediha\AppData\Local\Temp\opus4j-425b9c66b27e08f7e8fc45c7a6f2c641;C:\Users\ediha\AppData\Roaming\.minecraft\versions\COUPAINGS V3 - The Space Update\mods\cinemamod-libraries;C:\WINDOWS\WinSxS\amd64_microsoft.windows.common-controls_6595b64144ccf1df_5.82.23590.1000_none_be3930d39272459f;C:\Users\ediha\AppData\Roaming\.minecraft\versions\COUPAINGS V3 - The Space Update\otyacraftengine\fnjln;C:\Program Files\Common Files\microsoft shared\ink;C:\Program Files\Microsoft OneDrive\23.231.1107.0002;C:\Program Files\Google\Drive File Stream\84.0.10.0;C:\WINDOWS\WinSxS\amd64_microsoft.windows.gdiplus_6595b64144ccf1df_1.1.23590.1000_none_1cbadabe58d91df4;C:\Program Files (x86)\Common Files\Adobe\CoreSyncExtension

VM Arguments:
jvm_args: -Dos.name=Windows 10 -Dos.version=10.0 -XX:HeapDumpPath=MojangTricksIntelDriversForPerformance_javaw.exe_minecraft.exe.heapdump -Xss1M -Djava.library.path=C:\Users\ediha\AppData\Roaming\.minecraft\versions\COUPAINGS V3 - The Space Update\natives -Dminecraft.launcher.brand=minecraft-launcher -Dminecraft.launcher.version=2.3.173 -Djava.net.preferIPv6Addresses=system -DignoreList=bootstraplauncher,securejarhandler,asm-commons,asm-util,asm-analysis,asm-tree,asm,JarJarFileSystems,client-extra,fmlcore,javafmllanguage,lowcodelanguage,mclanguage,forge-,COUPAINGS V3 - The Space Update.jar -DmergeModules=jna-5.10.0.jar,jna-platform-5.10.0.jar -DlibraryDirectory=C:\Users\ediha\AppData\Roaming\.minecraft\libraries --module-path=C:\Users\ediha\AppData\Roaming\.minecraft\libraries/cpw/mods/bootstraplauncher/1.1.2/bootstraplauncher-1.1.2.jar;C:\Users\ediha\AppData\Roaming\.minecraft\libraries/cpw/mods/securejarhandler/2.1.4/securejarhandler-2.1.4.jar;C:\Users\ediha\AppData\Roaming\.minecraft\libraries/org/ow2/asm/asm-commons/9.5/asm-commons-9.5.jar;C:\Users\ediha\AppData\Roaming\.minecraft\libraries/org/ow2/asm/asm-util/9.5/asm-util-9.5.jar;C:\Users\ediha\AppData\Roaming\.minecraft\libraries/org/ow2/asm/asm-analysis/9.5/asm-analysis-9.5.jar;C:\Users\ediha\AppData\Roaming\.minecraft\libraries/org/ow2/asm/asm-tree/9.5/asm-tree-9.5.jar;C:\Users\ediha\AppData\Roaming\.minecraft\libraries/org/ow2/asm/asm/9.5/asm-9.5.jar;C:\Users\ediha\AppData\Roaming\.minecraft\libraries/net/minecraftforge/JarJarFileSystems/0.3.16/JarJarFileSystems-0.3.16.jar --add-modules=ALL-MODULE-PATH --add-opens=java.base/java.util.jar=cpw.mods.securejarhandler --add-opens=java.base/java.lang.invoke=cpw.mods.securejarhandler --add-exports=java.base/sun.security.util=cpw.mods.securejarhandler --add-exports=jdk.naming.dns/com.sun.jndi.dns=java.naming -Xmx7517M -XX:+UnlockExperimentalVMOptions -XX:+UseG1GC -XX:G1NewSizePercent=20 -XX:G1ReservePercent=20 -XX:MaxGCPauseMillis=50 -XX:G1HeapRegionSize=32M -Dfml.ignoreInvalidMinecraftCertificates=true -Dfml.ignorePatchDiscrepancies=true -Djava.net.preferIPv4Stack=true -Dminecraft.applet.TargetDirectory=C:\Users\ediha\AppData\Roaming\.minecraft\versions\COUPAINGS V3 - The Space Update -Dlog4j.configurationFile=C:\Users\ediha\AppData\Roaming\.minecraft\assets\log_configs\client-1.12.xml -DLibLoader.modsFolder=C:\Users\ediha\AppData\Roaming\.minecraft\versions\COUPAINGS V3 - The Space Update\mods 
java_command: cpw.mods.bootstraplauncher.BootstrapLauncher --username NOXX --version COUPAINGS V3 - The Space Update --gameDir C:\Users\ediha\AppData\Roaming\.minecraft\versions\COUPAINGS V3 - The Space Update --assetsDir C:\Users\ediha\AppData\Roaming\.minecraft\assets --assetIndex 1.19 --uuid 38a902e05e5d4b1c8e9677d0b37b108f --accessToken null --clientId null --xuid null --userType mojang --versionType release --width 925 --height 530 --launchTarget forgeclient --fml.forgeVersion 43.3.0 --fml.mcVersion 1.19.2 --fml.forgeGroup net.minecraftforge --fml.mcpVersion 20220805.130853
java_class_path (initial): C:\Users\ediha\AppData\Roaming\.minecraft\libraries\cpw\mods\securejarhandler\2.1.4\securejarhandler-2.1.4.jar;C:\Users\ediha\AppData\Roaming\.minecraft\libraries\org\ow2\asm\asm\9.5\asm-9.5.jar;C:\Users\ediha\AppData\Roaming\.minecraft\libraries\org\ow2\asm\asm-commons\9.5\asm-commons-9.5.jar;C:\Users\ediha\AppData\Roaming\.minecraft\libraries\org\ow2\asm\asm-tree\9.5\asm-tree-9.5.jar;C:\Users\ediha\AppData\Roaming\.minecraft\libraries\org\ow2\asm\asm-util\9.5\asm-util-9.5.jar;C:\Users\ediha\AppData\Roaming\.minecraft\libraries\org\ow2\asm\asm-analysis\9.5\asm-analysis-9.5.jar;C:\Users\ediha\AppData\Roaming\.minecraft\libraries\net\minecraftforge\accesstransformers\8.0.4\accesstransformers-8.0.4.jar;C:\Users\ediha\AppData\Roaming\.minecraft\libraries\org\antlr\antlr4-runtime\4.9.1\antlr4-runtime-4.9.1.jar;C:\Users\ediha\AppData\Roaming\.minecraft\libraries\net\minecraftforge\eventbus\6.0.3\eventbus-6.0.3.jar;C:\Users\ediha\AppData\Roaming\.minecraft\libraries\net\minecraftforge\forgespi\6.0.0\forgespi-6.0.0.jar;C:\Users\ediha\AppData\Roaming\.minecraft\libraries\net\minecraftforge\coremods\5.0.1\coremods-5.0.1.jar;C:\Users\ediha\AppData\Roaming\.minecraft\libraries\cpw\mods\modlauncher\10.0.8\modlauncher-10.0.8.jar;C:\Users\ediha\AppData\Roaming\.minecraft\libraries\net\minecraftforge\unsafe\0.2.0\unsafe-0.2.0.jar;C:\Users\ediha\AppData\Roaming\.minecraft\libraries\com\electronwill\night-config\core\3.6.4\core-3.6.4.jar;C:\Users\ediha\AppData\Roaming\.minecraft\libraries\com\electronwill\night-config\toml\3.6.4\toml-3.6.4.jar;C:\Users\ediha\AppData\Roaming\.minecraft\libraries\org\apache\maven\maven-artifact\3.8.5\maven-artifact-3.8.5.jar;C:\Users\ediha\AppData\Roaming\.minecraft\libraries\net\jodah\typetools\0.8.3\typetools-0.8.3.jar;C:\Users\ediha\AppData\Roaming\.minecraft\libraries\net\minecrell\terminalconsoleappender\1.2.0\terminalconsoleappender-1.2.0.jar;C:\Users\ediha\AppData\Roaming\.minecraft\libraries\org\jline\jline-reader\
Launcher Type: SUN_STANDARD

[Global flags]
     intx CICompilerCount                          = 4                                         {product} {ergonomic}
     uint ConcGCThreads                            = 3                                         {product} {ergonomic}
     uint G1ConcRefinementThreads                  = 10                                        {product} {ergonomic}
     uint G1EagerReclaimRemSetThreshold            = 256                                  {experimental} {ergonomic}
   size_t G1HeapRegionSize                         = 33554432                                  {product} {command line}
    uintx G1NewSizePercent                         = 20                                   {experimental} {command line}
    uintx G1ReservePercent                         = 20                                        {product} {command line}
    uintx GCDrainStackTargetSize                   = 64                                        {product} {ergonomic}
    ccstr HeapDumpPath                             = MojangTricksIntelDriversForPerformance_javaw.exe_minecraft.exe.heapdump         {manageable} {command line}
   size_t InitialHeapSize                          = 134217728                                 {product} {ergonomic}
   size_t MarkStackSize                            = 4194304                                   {product} {ergonomic}
    uintx MaxGCPauseMillis                         = 50                                        {product} {command line}
   size_t MaxHeapSize                              = 7885291520                                {product} {command line, ergonomic}
   size_t MaxNewSize                               = 4731174912                                {product} {ergonomic}
   size_t MinHeapDeltaBytes                        = 33554432                                  {product} {ergonomic}
   size_t MinHeapSize                              = 33554432                                  {product} {ergonomic}
    uintx NonNMethodCodeHeapSize                   = 5839372                                {pd product} {ergonomic}
    uintx NonProfiledCodeHeapSize                  = 122909434                              {pd product} {ergonomic}
    uintx ProfiledCodeHeapSize                     = 122909434                              {pd product} {ergonomic}
    uintx ReservedCodeCacheSize                    = 251658240                              {pd product} {ergonomic}
     bool SegmentedCodeCache                       = true                                      {product} {ergonomic}
   size_t SoftMaxHeapSize                          = 7885291520                             {manageable} {ergonomic}
     intx ThreadStackSize                          = 1024                                   {pd product} {command line}
     bool UnlockExperimentalVMOptions              = true                                 {experimental} {command line}
     bool UseCompressedClassPointers               = true                           {product lp64_product} {ergonomic}
     bool UseCompressedOops                        = true                           {product lp64_product} {ergonomic}
     bool UseG1GC                                  = true                                      {product} {command line}
     bool UseLargePagesIndividualAllocation        = false                                  {pd product} {ergonomic}

Logging:
Log output configuration:
 #0: stdout all=warning uptime,level,tags
 #1: stderr all=off uptime,level,tags

Environment Variables:
JAVA_HOME=C:\Program Files\Zulu\zulu-17-jre\
PATH=C:\Program Files\Common Files\Oracle\Java\javapath;C:\Program Files (x86)\Common Files\Intel\Shared Libraries\redist\intel64\compiler;C:\Program Files (x86)\Razer Chroma SDK\bin;C:\Program Files\Razer Chroma SDK\bin;C:\Program Files (x86)\Razer\ChromaBroadcast\bin;C:\Program Files\Razer\ChromaBroadcast\bin;C:\Program Files\ImageMagick-7.1.1-Q16-HDRI;C:\Program Files\Zulu\zulu-17-jre\bin\;C:\Program Files (x86)\Common Files\Oracle\Java\javapath;C:\ProgramData\Oracle\Java\javapath;C:\windows\system32;C:\windows;C:\windows\System32\Wbem;C:\windows\System32\WindowsPowerShell\v1.0\;C:\windows\System32\OpenSSH\;C:\Program Files (x86)\NVIDIA Corporation\PhysX\Common;C:\WINDOWS\system32;C:\WINDOWS;C:\WINDOWS\System32\Wbem;C:\WINDOWS\System32\WindowsPowerShell\v1.0\;C:\WINDOWS\System32\OpenSSH\;C:\Program Files\Microsoft SQL Server\130\Tools\Binn\;C:\Program Files\Microsoft SQL Server\Client SDK\ODBC\170\Tools\Binn\;C:\Program Files\dotnet\;C:\Program Files\Git\cmd;C:\Program Files\nodejs\;C:\Users\ediha\AppData\Local\Microsoft\WindowsApps;C:\Users\ediha\AppData\Roaming\npm;C:\Users\ediha\Desktop\Symphonic\ffmpeg\ffmpeg-2023-05-04-git-4006c71d19-full_build\bin;C:\WINDOWS\system32\config\systemprofile\AppData\Local\Microsoft\WindowsApps;C:\Program Files\Cloudflare\Cloudflare WARP\;C:\WINDOWS\system32;C:\WINDOWS;C:\WINDOWS\System32\Wbem;C:\WINDOWS\System32\WindowsPowerShell\v1.0\;C:\WINDOWS\System32\OpenSSH\;C:\Program Files\Common Files\Autodesk Shared\;C:\Users\ediha\AppData\Local\Microsoft\WindowsApps;C:\Users\ediha\AppData\Roaming\npm;C:\Users\ediha\Desktop\Symphonic\ffmpeg\ffmpeg-2023-05-04-git-4006c71d19-full_build\bin;C:\Users\ediha\AppData\Local\GitHubDesktop\bin;C:\Users\ediha\AppData\Local\Programs\Microsoft VS Code\bin;C:\Users\ediha\.dotnet\tools;C:\Program Files\Java\jre-1.8\bin
USERNAME=ediha
OS=Windows_NT
PROCESSOR_IDENTIFIER=AMD64 Family 25 Model 80 Stepping 0, AuthenticAMD



---------------  S Y S T E M  ---------------

OS:
 Windows 11 , 64 bit Build 23590 (10.0.23590.1000)
OS uptime: 14 days 21:37 hours
Hyper-V role detected

CPU: total 12 (initial active 12) (12 cores per cpu, 2 threads per core) family 25 model 80 stepping 0 microcode 0x0, cx8, cmov, fxsr, ht, mmx, 3dnowpref, sse, sse2, sse3, ssse3, sse4a, sse4.1, sse4.2, popcnt, lzcnt, tsc, tscinvbit, avx, avx2, aes, erms, clmul, bmi1, bmi2, adx, sha, fma, vzeroupper, clflush, clflushopt, hv

Memory: 4k page, system-wide physical 7519M (287M free)
TotalPageFile size 31071M (AvailPageFile size 47M)
current process WorkingSet (physical memory assigned to process): 1450M, peak: 4223M
current process commit charge ("private bytes"): 15855M, peak: 15921M

vm_info: OpenJDK 64-Bit Server VM (17.0.3+7-LTS) for windows-amd64 JRE (17.0.3+7-LTS), built on Apr 20 2022 04:24:16 by "" with MS VC++ 16.10 / 16.11 (VS2019)

END.
